Log file open, 01/15/19 18:13:04
LogWindows: Failed to load 'aqProf.dll' (GetLastError=126)
LogWindows: File 'aqProf.dll' does not exist
LogWindows: Failed to load 'VtuneApi.dll' (GetLastError=126)
LogWindows: File 'VtuneApi.dll' does not exist
LogWindows: Failed to load 'VtuneApi32e.dll' (GetLastError=126)
LogWindows: File 'VtuneApi32e.dll' does not exist
LogConsoleResponse: Display: Failed to find resolution value strings in scalability ini. Falling back to default.
LogInit: Display: Running engine for game: BP_like_away_v_0_4
LogPakFile: Registered encryption key '00000000000000000000000000000000': 0 pak files mounted, 0 remain pending
LogPlatformFile: Not using cached read wrapper
LogTaskGraph: Started task graph with 5 named threads and 23 total threads with 3 sets of task threads.
LogStats: Stats thread started at 6.341062
LogD3D11RHI: Loaded GFSDK_Aftermath_Lib.x64.dll
LogICUInternationalization: ICU TimeZone Detection - Raw Offset: +3:00, Platform Override: ''
LogConfig: Warning: Failed to saved backup for config[C:/Users/happy/OneDrive/Рабочий стол/SECOND-SHIT-GAME/Intermediate/Config/CoalescedSourceConfigs/Engine.ini]
LogPluginManager: Mounting plugin Paper2D
LogPluginManager: Mounting plugin AISupport
LogPluginManager: Mounting plugin LightPropagationVolume
LogPluginManager: Mounting plugin ActorLayerUtilities
LogPluginManager: Mounting plugin CLionSourceCodeAccess
LogPluginManager: Mounting plugin CodeLiteSourceCodeAccess
LogPluginManager: Mounting plugin GitSourceControl
LogPluginManager: Mounting plugin KDevelopSourceCodeAccess
LogPluginManager: Mounting plugin NullSourceCodeAccess
LogPluginManager: Mounting plugin PerforceSourceControl
LogPluginManager: Mounting plugin SubversionSourceControl
LogPluginManager: Mounting plugin UObjectPlugin
LogPluginManager: Mounting plugin VisualStudioCodeSourceCodeAccess
LogPluginManager: Mounting plugin VisualStudioSourceCodeAccess
LogPluginManager: Mounting plugin XCodeSourceCodeAccess
LogPluginManager: Mounting plugin AssetManagerEditor
LogPluginManager: Mounting plugin CryptoKeys
LogPluginManager: Mounting plugin DataValidation
LogPluginManager: Mounting plugin FacialAnimation
LogPluginManager: Mounting plugin GameplayTagsEditor
LogPluginManager: Mounting plugin MacGraphicsSwitching
LogPluginManager: Mounting plugin MeshEditor
LogPluginManager: Mounting plugin MobileLauncherProfileWizard
LogPluginManager: Mounting plugin PluginBrowser
LogPluginManager: Mounting plugin SpeedTreeImporter
LogPluginManager: Mounting plugin DatasmithContent
LogPluginManager: Mounting plugin VariantManagerContent
LogPluginManager: Mounting plugin AlembicImporter
LogPluginManager: Mounting plugin AppleImageUtils
LogPluginManager: Mounting plugin AppleVision
LogPluginManager: Mounting plugin BackChannel
LogPluginManager: Mounting plugin CharacterAI
LogPluginManager: Mounting plugin GeometryCache
LogPluginManager: Mounting plugin HTML5Networking
LogPluginManager: Mounting plugin ProxyLODPlugin
LogPluginManager: Mounting plugin MagicLeap
LogPluginManager: Mounting plugin MagicLeapMedia
LogPluginManager: Mounting plugin AndroidMedia
LogPluginManager: Mounting plugin AvfMedia
LogPluginManager: Mounting plugin ImgMedia
LogPluginManager: Mounting plugin LinearTimecode
LogPluginManager: Mounting plugin MediaCompositing
LogPluginManager: Mounting plugin MediaPlayerEditor
LogPluginManager: Mounting plugin WebMMedia
LogPluginManager: Mounting plugin WmfMedia
LogPluginManager: Mounting plugin TcpMessaging
LogPluginManager: Mounting plugin UdpMessaging
LogPluginManager: Mounting plugin ActorSequence
LogPluginManager: Mounting plugin LevelSequenceEditor
LogPluginManager: Mounting plugin MatineeToLevelSequence
LogPluginManager: Mounting plugin NetcodeUnitTest
LogPluginManager: Mounting plugin NUTUnrealEngine4
LogPluginManager: Mounting plugin OnlineSubsystemGooglePlay
LogPluginManager: Mounting plugin OnlineSubsystemIOS
LogPluginManager: Mounting plugin OnlineSubsystem
LogPluginManager: Mounting plugin OnlineSubsystemNull
LogPluginManager: Mounting plugin OnlineSubsystemUtils
LogPluginManager: Mounting plugin LauncherChunkInstaller
LogPluginManager: Mounting plugin AndroidDeviceProfileSelector
LogPluginManager: Mounting plugin AndroidMoviePlayer
LogPluginManager: Mounting plugin AndroidPermission
LogPluginManager: Mounting plugin AppleMoviePlayer
LogPluginManager: Mounting plugin ArchVisCharacter
LogPluginManager: Mounting plugin AudioCapture
LogPluginManager: Mounting plugin CableComponent
LogPluginManager: Mounting plugin CustomMeshComponent
LogPluginManager: Mounting plugin EditableMesh
LogPluginManager: Mounting plugin ExampleDeviceProfileSelector
LogPluginManager: Mounting plugin Firebase
LogPluginManager: Mounting plugin GoogleCloudMessaging
LogPluginManager: Mounting plugin IOSDeviceProfileSelector
LogPluginManager: Mounting plugin LinuxDeviceProfileSelector
LogPluginManager: Mounting plugin LocationServicesBPLibrary
LogPluginManager: Mounting plugin MobilePatchingUtils
LogPluginManager: Mounting plugin OculusVR
LogPluginManager: Mounting plugin PhysXVehicles
LogPluginManager: Mounting plugin ProceduralMeshComponent
LogPluginManager: Mounting plugin RuntimePhysXCooking
LogPluginManager: Mounting plugin SteamVR
LogPluginManager: Mounting plugin WebMMoviePlayer
LogPluginManager: Mounting plugin WindowsMoviePlayer
LogStreaming: Display: Took  0.196s to configure plugins.
LogInit: Using libcurl 7.55.1-DEV
LogInit:  - built for x86_64-pc-win32
LogInit:  - supports SSL with OpenSSL/1.0.2h
LogInit:  - supports HTTP deflate (compression) using libz 1.2.8
LogInit:  - other features:
LogInit:      CURL_VERSION_SSL
LogInit:      CURL_VERSION_LIBZ
LogInit:      CURL_VERSION_IPV6
LogInit:      CURL_VERSION_ASYNCHDNS
LogInit:      CURL_VERSION_LARGEFILE
LogInit:      CURL_VERSION_IDN
LogInit:  CurlRequestOptions (configurable via config and command line):
LogInit:  - bVerifyPeer = true  - Libcurl will verify peer certificate
LogInit:  - bUseHttpProxy = false  - Libcurl will NOT use HTTP proxy
LogInit:  - bDontReuseConnections = false  - Libcurl will reuse connections
LogInit:  - MaxHostConnections = 16  - Libcurl will limit the number of connections to a host
LogInit:  - LocalHostAddr = Default
LogInit:  - BufferSize = 65536
LogInit: WinSock: version 1.1 (2.2), MaxSocks=32767, MaxUdp=65467
LogInit: Build: ++UE4+Release-4.21-CL-4613538
LogInit: Engine Version: 4.21.1-4613538+++UE4+Release-4.21
LogInit: Compatible Engine Version: 4.21.0-4541578+++UE4+Release-4.21
LogInit: Net CL: 4541578
LogInit: OS: Windows 10 (), CPU: AMD FX(tm)-9370 Eight-Core Processor           , GPU: NVIDIA GeForce GTX 970
LogInit: Compiled (64-bit): Nov 30 2018 04:13:25
LogInit: Compiled with Visual C++: 19.13.26129.00
LogInit: Build Configuration: Development
LogInit: Branch Name: ++UE4+Release-4.21
LogInit: Command Line: 
LogInit: Base Directory: D:/UE4/UE4 catalog/UE_4.21/Engine/Binaries/Win64/
LogInit: Installed Engine Build: 1
LogDevObjectVersion: Number of dev versions registered: 22
LogDevObjectVersion:   Dev-Blueprints (B0D832E4-1F89-4F0D-ACCF-7EB736FD4AA2): 10
LogDevObjectVersion:   Dev-Build (E1C64328-A22C-4D53-A36C-8E866417BD8C): 0
LogDevObjectVersion:   Dev-Core (375EC13C-06E4-48FB-B500-84F0262A717E): 2
LogDevObjectVersion:   Dev-Editor (E4B068ED-F494-42E9-A231-DA0B2E46BB41): 26
LogDevObjectVersion:   Dev-Framework (CFFC743F-43B0-4480-9391-14DF171D2073): 34
LogDevObjectVersion:   Dev-Mobile (B02B49B5-BB20-44E9-A304-32B752E40360): 2
LogDevObjectVersion:   Dev-Networking (A4E4105C-59A1-49B5-A7C5-40C4547EDFEE): 0
LogDevObjectVersion:   Dev-Online (39C831C9-5AE6-47DC-9A44-9C173E1C8E7C): 0
LogDevObjectVersion:   Dev-Physics (78F01B33-EBEA-4F98-B9B4-84EACCB95AA2): 0
LogDevObjectVersion:   Dev-Platform (6631380F-2D4D-43E0-8009-CF276956A95A): 0
LogDevObjectVersion:   Dev-Rendering (12F88B9F-8875-4AFC-A67C-D90C383ABD29): 27
LogDevObjectVersion:   Dev-Sequencer (7B5AE74C-D270-4C10-A958-57980B212A5A): 9
LogDevObjectVersion:   Dev-VR (D7296918-1DD6-4BDD-9DE2-64A83CC13884): 2
LogDevObjectVersion:   Dev-LoadTimes (C2A15278-BFE7-4AFE-6C17-90FF531DF755): 1
LogDevObjectVersion:   Private-Geometry (6EACA3D4-40EC-4CC1-B786-8BED09428FC5): 3
LogDevObjectVersion:   Dev-AnimPhys (29E575DD-E0A3-4627-9D10-D276232CDCEA): 17
LogDevObjectVersion:   Dev-Anim (AF43A65D-7FD3-4947-9873-3E8ED9C1BB05): 2
LogDevObjectVersion:   Dev-ReflectionCapture (6B266CEC-1EC7-4B8F-A30B-E4D90942FC07): 1
LogDevObjectVersion:   Dev-Automation (0DF73D61-A23F-47EA-B727-89E90C41499A): 1
LogDevObjectVersion:   FortniteMain (601D1886-AC64-4F84-AA16-D3DE0DEAC7D6): 17
LogDevObjectVersion:   Dev-Enterprise (9DFFBCD6-494F-0158-E221-12823C92A888): 4
LogDevObjectVersion:   Dev-Niagara (F2AED0AC-9AFE-416F-8664-AA7FFA26D6FC): 1
LogStreaming: Display: Took  0.008s to delete old logs.
LogInit: Presizing for max 8388607 objects, including 0 objects not considered by GC, pre-allocating 0 bytes for permanent pool.
LogInit: Object subsystem initialized
LogConfig: Setting CVar [[con.DebugEarlyDefault:1]]
LogConfig: Setting CVar [[r.setres:1280x720]]
[2019.01.15-15.13.06:962][  0]LogConfig: Setting CVar [[r.VSync:0]]
[2019.01.15-15.13.06:962][  0]LogConfig: Setting CVar [[r.RHICmdBypass:0]]
[2019.01.15-15.13.06:962][  0]LogConfig: Applying CVar settings from Section [/Script/Engine.RendererSettings] File [C:/Users/happy/OneDrive/Рабочий стол/SECOND-SHIT-GAME/Saved/Config/Windows/Engine.ini]
[2019.01.15-15.13.06:962][  0]LogConfig: Setting CVar [[r.GPUCrashDebugging:0]]
[2019.01.15-15.13.06:962][  0]LogConfig: Applying CVar settings from Section [/Script/Engine.RendererOverrideSettings] File [C:/Users/happy/OneDrive/Рабочий стол/SECOND-SHIT-GAME/Saved/Config/Windows/Engine.ini]
[2019.01.15-15.13.06:962][  0]LogConfig: Applying CVar settings from Section [/Script/Engine.StreamingSettings] File [C:/Users/happy/OneDrive/Рабочий стол/SECOND-SHIT-GAME/Saved/Config/Windows/Engine.ini]
[2019.01.15-15.13.06:962][  0]LogConfig: Setting CVar [[s.MinBulkDataSizeForAsyncLoading:131072]]
[2019.01.15-15.13.06:962][  0]LogConfig: Setting CVar [[s.AsyncLoadingThreadEnabled:0]]
[2019.01.15-15.13.06:962][  0]LogConfig: Setting CVar [[s.EventDrivenLoaderEnabled:1]]
[2019.01.15-15.13.06:962][  0]LogConfig: Setting CVar [[s.WarnIfTimeLimitExceeded:0]]
[2019.01.15-15.13.06:962][  0]LogConfig: Setting CVar [[s.TimeLimitExceededMultiplier:1.5]]
[2019.01.15-15.13.06:962][  0]LogConfig: Setting CVar [[s.TimeLimitExceededMinTime:0.005]]
[2019.01.15-15.13.06:962][  0]LogConfig: Setting CVar [[s.UseBackgroundLevelStreaming:1]]
[2019.01.15-15.13.06:962][  0]LogConfig: Setting CVar [[s.PriorityAsyncLoadingExtraTime:15.0]]
[2019.01.15-15.13.06:962][  0]LogConfig: Setting CVar [[s.LevelStreamingActorsUpdateTimeLimit:5.0]]
[2019.01.15-15.13.06:962][  0]LogConfig: Setting CVar [[s.PriorityLevelStreamingActorsUpdateExtraTime:5.0]]
[2019.01.15-15.13.06:962][  0]LogConfig: Setting CVar [[s.LevelStreamingComponentsRegistrationGranularity:10]]
[2019.01.15-15.13.06:962][  0]LogConfig: Setting CVar [[s.UnregisterComponentsTimeLimit:1.0]]
[2019.01.15-15.13.06:962][  0]LogConfig: Setting CVar [[s.LevelStreamingComponentsUnregistrationGranularity:5]]
[2019.01.15-15.13.06:962][  0]LogConfig: Applying CVar settings from Section [/Script/Engine.GarbageCollectionSettings] File [C:/Users/happy/OneDrive/Рабочий стол/SECOND-SHIT-GAME/Saved/Config/Windows/Engine.ini]
[2019.01.15-15.13.06:962][  0]LogConfig: Setting CVar [[gc.MaxObjectsNotConsideredByGC:1]]
[2019.01.15-15.13.06:962][  0]LogConfig: Setting CVar [[gc.SizeOfPermanentObjectPool:0]]
[2019.01.15-15.13.06:962][  0]LogConfig: Setting CVar [[gc.FlushStreamingOnGC:0]]
[2019.01.15-15.13.06:962][  0]LogConfig: Setting CVar [[gc.NumRetriesBeforeForcingGC:10]]
[2019.01.15-15.13.06:962][  0]LogConfig: Setting CVar [[gc.AllowParallelGC:1]]
[2019.01.15-15.13.06:962][  0]LogConfig: Setting CVar [[gc.TimeBetweenPurgingPendingKillObjects:61.1]]
[2019.01.15-15.13.06:962][  0]LogConfig: Setting CVar [[gc.MaxObjectsInEditor:8388607]]
[2019.01.15-15.13.06:962][  0]LogConfig: Setting CVar [[gc.IncrementalBeginDestroyEnabled:1]]
[2019.01.15-15.13.06:962][  0]LogConfig: Setting CVar [[gc.CreateGCClusters:1]]
[2019.01.15-15.13.06:962][  0]LogConfig: Setting CVar [[gc.MergeGCClusters:0]]
[2019.01.15-15.13.06:962][  0]LogConfig: Setting CVar [[gc.MinGCClusterSize:5]]
[2019.01.15-15.13.06:962][  0]LogConfig: Setting CVar [[gc.ActorClusteringEnabled:0]]
[2019.01.15-15.13.06:962][  0]LogConfig: Setting CVar [[gc.BlueprintClusteringEnabled:0]]
[2019.01.15-15.13.06:962][  0]LogConfig: Setting CVar [[gc.UseDisregardForGCOnDedicatedServers:0]]
[2019.01.15-15.13.06:962][  0]LogConfig: Applying CVar settings from Section [/Script/Engine.NetworkSettings] File [C:/Users/happy/OneDrive/Рабочий стол/SECOND-SHIT-GAME/Saved/Config/Windows/Engine.ini]
[2019.01.15-15.13.06:962][  0]LogConfig: Applying CVar settings from Section [/Script/UnrealEd.CookerSettings] File [C:/Users/happy/OneDrive/Рабочий стол/SECOND-SHIT-GAME/Saved/Config/Windows/Engine.ini]
[2019.01.15-15.13.07:050][  0]LogConfig: Applying CVar settings from Section [ViewDistanceQuality@3] File [C:/Users/happy/OneDrive/Рабочий стол/SECOND-SHIT-GAME/Saved/Config/Windows/Scalability.ini]
[2019.01.15-15.13.07:050][  0]LogConfig: Setting CVar [[r.SkeletalMeshLODBias:0]]
[2019.01.15-15.13.07:050][  0]LogConfig: Setting CVar [[r.ViewDistanceScale:1.0]]
[2019.01.15-15.13.07:050][  0]LogConfig: Applying CVar settings from Section [AntiAliasingQuality@3] File [C:/Users/happy/OneDrive/Рабочий стол/SECOND-SHIT-GAME/Saved/Config/Windows/Scalability.ini]
[2019.01.15-15.13.07:050][  0]LogConfig: Setting CVar [[r.PostProcessAAQuality:4]]
[2019.01.15-15.13.07:050][  0]LogConfig: Applying CVar settings from Section [ShadowQuality@3] File [C:/Users/happy/OneDrive/Рабочий стол/SECOND-SHIT-GAME/Saved/Config/Windows/Scalability.ini]
[2019.01.15-15.13.07:050][  0]LogConfig: Setting CVar [[r.LightFunctionQuality:1]]
[2019.01.15-15.13.07:050][  0]LogConfig: Setting CVar [[r.ShadowQuality:5]]
[2019.01.15-15.13.07:050][  0]LogConfig: Setting CVar [[r.Shadow.CSM.MaxCascades:10]]
[2019.01.15-15.13.07:050][  0]LogConfig: Setting CVar [[r.Shadow.MaxResolution:2048]]
[2019.01.15-15.13.07:050][  0]LogConfig: Setting CVar [[r.Shadow.MaxCSMResolution:2048]]
[2019.01.15-15.13.07:050][  0]LogConfig: Setting CVar [[r.Shadow.RadiusThreshold:0.01]]
[2019.01.15-15.13.07:050][  0]LogConfig: Setting CVar [[r.Shadow.DistanceScale:1.0]]
[2019.01.15-15.13.07:050][  0]LogConfig: Setting CVar [[r.Shadow.CSM.TransitionScale:1.0]]
[2019.01.15-15.13.07:050][  0]LogConfig: Setting CVar [[r.Shadow.PreShadowResolutionFactor:1.0]]
[2019.01.15-15.13.07:050][  0]LogConfig: Setting CVar [[r.DistanceFieldShadowing:1]]
[2019.01.15-15.13.07:050][  0]LogConfig: Setting CVar [[r.DistanceFieldAO:1]]
[2019.01.15-15.13.07:050][  0]LogConfig: Setting CVar [[r.AOQuality:2]]
[2019.01.15-15.13.07:050][  0]LogConfig: Setting CVar [[r.VolumetricFog:1]]
[2019.01.15-15.13.07:051][  0]LogConfig: Setting CVar [[r.VolumetricFog.GridPixelSize:8]]
[2019.01.15-15.13.07:051][  0]LogConfig: Setting CVar [[r.VolumetricFog.GridSizeZ:128]]
[2019.01.15-15.13.07:051][  0]LogConfig: Setting CVar [[r.VolumetricFog.HistoryMissSupersampleCount:4]]
[2019.01.15-15.13.07:051][  0]LogConfig: Setting CVar [[r.LightMaxDrawDistanceScale:1]]
[2019.01.15-15.13.07:051][  0]LogConfig: Setting CVar [[r.CapsuleShadows:1]]
[2019.01.15-15.13.07:051][  0]LogConfig: Applying CVar settings from Section [PostProcessQuality@3] File [C:/Users/happy/OneDrive/Рабочий стол/SECOND-SHIT-GAME/Saved/Config/Windows/Scalability.ini]
[2019.01.15-15.13.07:051][  0]LogConfig: Setting CVar [[r.MotionBlurQuality:4]]
[2019.01.15-15.13.07:051][  0]LogConfig: Setting CVar [[r.AmbientOcclusionMipLevelFactor:0.4]]
[2019.01.15-15.13.07:051][  0]LogConfig: Setting CVar [[r.AmbientOcclusionMaxQuality:100]]
[2019.01.15-15.13.07:051][  0]LogConfig: Setting CVar [[r.AmbientOcclusionLevels:-1]]
[2019.01.15-15.13.07:051][  0]LogConfig: Setting CVar [[r.AmbientOcclusionRadiusScale:1.0]]
[2019.01.15-15.13.07:051][  0]LogConfig: Setting CVar [[r.DepthOfFieldQuality:2]]
[2019.01.15-15.13.07:051][  0]LogConfig: Setting CVar [[r.RenderTargetPoolMin:400]]
[2019.01.15-15.13.07:051][  0]LogConfig: Setting CVar [[r.LensFlareQuality:2]]
[2019.01.15-15.13.07:051][  0]LogConfig: Setting CVar [[r.SceneColorFringeQuality:1]]
[2019.01.15-15.13.07:051][  0]LogConfig: Setting CVar [[r.EyeAdaptationQuality:2]]
[2019.01.15-15.13.07:051][  0]LogConfig: Setting CVar [[r.BloomQuality:5]]
[2019.01.15-15.13.07:051][  0]LogConfig: Setting CVar [[r.FastBlurThreshold:100]]
[2019.01.15-15.13.07:051][  0]LogConfig: Setting CVar [[r.Upscale.Quality:3]]
[2019.01.15-15.13.07:051][  0]LogConfig: Setting CVar [[r.Tonemapper.GrainQuantization:1]]
[2019.01.15-15.13.07:051][  0]LogConfig: Setting CVar [[r.LightShaftQuality:1]]
[2019.01.15-15.13.07:051][  0]LogConfig: Setting CVar [[r.Filter.SizeScale:1]]
[2019.01.15-15.13.07:051][  0]LogConfig: Setting CVar [[r.Tonemapper.Quality:5]]
[2019.01.15-15.13.07:051][  0]LogConfig: Setting CVar [[r.DOF.Gather.AccumulatorQuality:1        ; higher gathering accumulator quality]]
[2019.01.15-15.13.07:051][  0]LogConfig: Setting CVar [[r.DOF.Gather.PostfilterMethod:1          ; Median3x3 postfilering method]]
[2019.01.15-15.13.07:051][  0]LogConfig: Setting CVar [[r.DOF.Gather.EnableBokehSettings:0       ; no bokeh simulation when gathering]]
[2019.01.15-15.13.07:051][  0]LogConfig: Setting CVar [[r.DOF.Gather.RingCount:4                 ; medium number of samples when gathering]]
[2019.01.15-15.13.07:051][  0]LogConfig: Setting CVar [[r.DOF.Scatter.ForegroundCompositing:1    ; additive foreground scattering]]
[2019.01.15-15.13.07:051][  0]LogConfig: Setting CVar [[r.DOF.Scatter.BackgroundCompositing:2    ; additive background scattering]]
[2019.01.15-15.13.07:051][  0]LogConfig: Setting CVar [[r.DOF.Scatter.EnableBokehSettings:1      ; bokeh simulation when scattering]]
[2019.01.15-15.13.07:051][  0]LogConfig: Setting CVar [[r.DOF.Scatter.MaxSpriteRatio:0.1         ; only a maximum of 10% of scattered bokeh]]
[2019.01.15-15.13.07:051][  0]LogConfig: Setting CVar [[r.DOF.Recombine.Quality:1                ; cheap slight out of focus]]
[2019.01.15-15.13.07:051][  0]LogConfig: Setting CVar [[r.DOF.Recombine.EnableBokehSettings:0    ; no bokeh simulation on slight out of focus]]
[2019.01.15-15.13.07:051][  0]LogConfig: Setting CVar [[r.DOF.TemporalAAQuality:1                ; more stable temporal accumulation]]
[2019.01.15-15.13.07:051][  0]LogConfig: Setting CVar [[r.DOF.Kernel.MaxForegroundRadius:0.025]]
[2019.01.15-15.13.07:051][  0]LogConfig: Setting CVar [[r.DOF.Kernel.MaxBackgroundRadius:0.025]]
[2019.01.15-15.13.07:051][  0]LogConfig: Applying CVar settings from Section [TextureQuality@3] File [C:/Users/happy/OneDrive/Рабочий стол/SECOND-SHIT-GAME/Saved/Config/Windows/Scalability.ini]
[2019.01.15-15.13.07:051][  0]LogConfig: Setting CVar [[r.Streaming.MipBias:0]]
[2019.01.15-15.13.07:051][  0]LogConfig: Setting CVar [[r.Streaming.AmortizeCPUToGPUCopy:0]]
[2019.01.15-15.13.07:051][  0]LogConfig: Setting CVar [[r.Streaming.MaxNumTexturesToStreamPerFrame:0]]
[2019.01.15-15.13.07:051][  0]LogConfig: Setting CVar [[r.Streaming.Boost:1]]
[2019.01.15-15.13.07:051][  0]LogConfig: Setting CVar [[r.MaxAnisotropy:8]]
[2019.01.15-15.13.07:051][  0]LogConfig: Setting CVar [[r.Streaming.LimitPoolSizeToVRAM:0]]
[2019.01.15-15.13.07:051][  0]LogConfig: Setting CVar [[r.Streaming.PoolSize:1000]]
[2019.01.15-15.13.07:051][  0]LogConfig: Setting CVar [[r.Streaming.MaxEffectiveScreenSize:0]]
[2019.01.15-15.13.07:051][  0]LogConfig: Applying CVar settings from Section [EffectsQuality@3] File [C:/Users/happy/OneDrive/Рабочий стол/SECOND-SHIT-GAME/Saved/Config/Windows/Scalability.ini]
[2019.01.15-15.13.07:051][  0]LogConfig: Setting CVar [[r.TranslucencyLightingVolumeDim:64]]
[2019.01.15-15.13.07:051][  0]LogConfig: Setting CVar [[r.RefractionQuality:2]]
[2019.01.15-15.13.07:051][  0]LogConfig: Setting CVar [[r.SSR.Quality:3]]
[2019.01.15-15.13.07:051][  0]LogConfig: Setting CVar [[r.SceneColorFormat:4]]
[2019.01.15-15.13.07:051][  0]LogConfig: Setting CVar [[r.DetailMode:2]]
[2019.01.15-15.13.07:051][  0]LogConfig: Setting CVar [[r.TranslucencyVolumeBlur:1]]
[2019.01.15-15.13.07:051][  0]LogConfig: Setting CVar [[r.MaterialQualityLevel:1 ; High quality]]
[2019.01.15-15.13.07:052][  0]LogConfig: Setting CVar [[r.SSS.Scale:1]]
[2019.01.15-15.13.07:052][  0]LogConfig: Setting CVar [[r.SSS.SampleSet:2]]
[2019.01.15-15.13.07:052][  0]LogConfig: Setting CVar [[r.SSS.Quality:1]]
[2019.01.15-15.13.07:052][  0]LogConfig: Setting CVar [[r.SSS.HalfRes:1]]
[2019.01.15-15.13.07:052][  0]LogConfig: Setting CVar [[r.EmitterSpawnRateScale:1.0]]
[2019.01.15-15.13.07:052][  0]LogConfig: Setting CVar [[r.ParticleLightQuality:2]]
[2019.01.15-15.13.07:052][  0]LogConfig: Applying CVar settings from Section [FoliageQuality@3] File [C:/Users/happy/OneDrive/Рабочий стол/SECOND-SHIT-GAME/Saved/Config/Windows/Scalability.ini]
[2019.01.15-15.13.07:052][  0]LogConfig: Setting CVar [[foliage.DensityScale:1.0]]
[2019.01.15-15.13.07:052][  0]LogConfig: Setting CVar [[grass.DensityScale:1.0]]
[2019.01.15-15.13.07:057][  0]LogInit: Selected Device Profile: [Windows]
[2019.01.15-15.13.07:057][  0]LogInit: Applying CVar settings loaded from the selected device profile: [Windows]
[2019.01.15-15.13.07:120][  0]LogHAL: Display: Platform has ~ 16 GB [17074769920 / 17179869184 / 16], which maps to Larger [LargestMinGB=32, LargerMinGB=12, DefaultMinGB=8, SmallerMinGB=6, SmallestMinGB=0)
[2019.01.15-15.13.07:125][  0]LogConfig: Setting CVar [[r.Vulkan.UseRealUBs:1]]
[2019.01.15-15.13.07:125][  0]LogInit: Going up to parent DeviceProfile []
[2019.01.15-15.13.07:126][  0]LogConfig: Applying CVar settings from Section [ViewDistanceQuality@3] File [C:/Users/happy/OneDrive/Рабочий стол/SECOND-SHIT-GAME/Saved/Config/Windows/Scalability.ini]
[2019.01.15-15.13.07:126][  0]LogConfig: Setting CVar [[r.SkeletalMeshLODBias:0]]
[2019.01.15-15.13.07:126][  0]LogConfig: Setting CVar [[r.ViewDistanceScale:1.0]]
[2019.01.15-15.13.07:126][  0]LogConfig: Applying CVar settings from Section [AntiAliasingQuality@3] File [C:/Users/happy/OneDrive/Рабочий стол/SECOND-SHIT-GAME/Saved/Config/Windows/Scalability.ini]
[2019.01.15-15.13.07:126][  0]LogConfig: Setting CVar [[r.PostProcessAAQuality:4]]
[2019.01.15-15.13.07:126][  0]LogConfig: Applying CVar settings from Section [ShadowQuality@3] File [C:/Users/happy/OneDrive/Рабочий стол/SECOND-SHIT-GAME/Saved/Config/Windows/Scalability.ini]
[2019.01.15-15.13.07:126][  0]LogConfig: Setting CVar [[r.LightFunctionQuality:1]]
[2019.01.15-15.13.07:126][  0]LogConfig: Setting CVar [[r.ShadowQuality:5]]
[2019.01.15-15.13.07:126][  0]LogConfig: Setting CVar [[r.Shadow.CSM.MaxCascades:10]]
[2019.01.15-15.13.07:126][  0]LogConfig: Setting CVar [[r.Shadow.MaxResolution:2048]]
[2019.01.15-15.13.07:126][  0]LogConfig: Setting CVar [[r.Shadow.MaxCSMResolution:2048]]
[2019.01.15-15.13.07:126][  0]LogConfig: Setting CVar [[r.Shadow.RadiusThreshold:0.01]]
[2019.01.15-15.13.07:126][  0]LogConfig: Setting CVar [[r.Shadow.DistanceScale:1.0]]
[2019.01.15-15.13.07:126][  0]LogConfig: Setting CVar [[r.Shadow.CSM.TransitionScale:1.0]]
[2019.01.15-15.13.07:126][  0]LogConfig: Setting CVar [[r.Shadow.PreShadowResolutionFactor:1.0]]
[2019.01.15-15.13.07:126][  0]LogConfig: Setting CVar [[r.DistanceFieldShadowing:1]]
[2019.01.15-15.13.07:126][  0]LogConfig: Setting CVar [[r.DistanceFieldAO:1]]
[2019.01.15-15.13.07:126][  0]LogConfig: Setting CVar [[r.AOQuality:2]]
[2019.01.15-15.13.07:126][  0]LogConfig: Setting CVar [[r.VolumetricFog:1]]
[2019.01.15-15.13.07:126][  0]LogConfig: Setting CVar [[r.VolumetricFog.GridPixelSize:8]]
[2019.01.15-15.13.07:126][  0]LogConfig: Setting CVar [[r.VolumetricFog.GridSizeZ:128]]
[2019.01.15-15.13.07:126][  0]LogConfig: Setting CVar [[r.VolumetricFog.HistoryMissSupersampleCount:4]]
[2019.01.15-15.13.07:126][  0]LogConfig: Setting CVar [[r.LightMaxDrawDistanceScale:1]]
[2019.01.15-15.13.07:126][  0]LogConfig: Setting CVar [[r.CapsuleShadows:1]]
[2019.01.15-15.13.07:126][  0]LogConfig: Applying CVar settings from Section [PostProcessQuality@3] File [C:/Users/happy/OneDrive/Рабочий стол/SECOND-SHIT-GAME/Saved/Config/Windows/Scalability.ini]
[2019.01.15-15.13.07:126][  0]LogConfig: Setting CVar [[r.MotionBlurQuality:4]]
[2019.01.15-15.13.07:126][  0]LogConfig: Setting CVar [[r.AmbientOcclusionMipLevelFactor:0.4]]
[2019.01.15-15.13.07:126][  0]LogConfig: Setting CVar [[r.AmbientOcclusionMaxQuality:100]]
[2019.01.15-15.13.07:126][  0]LogConfig: Setting CVar [[r.AmbientOcclusionLevels:-1]]
[2019.01.15-15.13.07:126][  0]LogConfig: Setting CVar [[r.AmbientOcclusionRadiusScale:1.0]]
[2019.01.15-15.13.07:126][  0]LogConfig: Setting CVar [[r.DepthOfFieldQuality:2]]
[2019.01.15-15.13.07:126][  0]LogConfig: Setting CVar [[r.RenderTargetPoolMin:400]]
[2019.01.15-15.13.07:126][  0]LogConfig: Setting CVar [[r.LensFlareQuality:2]]
[2019.01.15-15.13.07:126][  0]LogConfig: Setting CVar [[r.SceneColorFringeQuality:1]]
[2019.01.15-15.13.07:126][  0]LogConfig: Setting CVar [[r.EyeAdaptationQuality:2]]
[2019.01.15-15.13.07:126][  0]LogConfig: Setting CVar [[r.BloomQuality:5]]
[2019.01.15-15.13.07:126][  0]LogConfig: Setting CVar [[r.FastBlurThreshold:100]]
[2019.01.15-15.13.07:126][  0]LogConfig: Setting CVar [[r.Upscale.Quality:3]]
[2019.01.15-15.13.07:126][  0]LogConfig: Setting CVar [[r.Tonemapper.GrainQuantization:1]]
[2019.01.15-15.13.07:126][  0]LogConfig: Setting CVar [[r.LightShaftQuality:1]]
[2019.01.15-15.13.07:126][  0]LogConfig: Setting CVar [[r.Filter.SizeScale:1]]
[2019.01.15-15.13.07:126][  0]LogConfig: Setting CVar [[r.Tonemapper.Quality:5]]
[2019.01.15-15.13.07:126][  0]LogConfig: Setting CVar [[r.DOF.Gather.AccumulatorQuality:1        ; higher gathering accumulator quality]]
[2019.01.15-15.13.07:126][  0]LogConfig: Setting CVar [[r.DOF.Gather.PostfilterMethod:1          ; Median3x3 postfilering method]]
[2019.01.15-15.13.07:126][  0]LogConfig: Setting CVar [[r.DOF.Gather.EnableBokehSettings:0       ; no bokeh simulation when gathering]]
[2019.01.15-15.13.07:126][  0]LogConfig: Setting CVar [[r.DOF.Gather.RingCount:4                 ; medium number of samples when gathering]]
[2019.01.15-15.13.07:127][  0]LogConfig: Setting CVar [[r.DOF.Scatter.ForegroundCompositing:1    ; additive foreground scattering]]
[2019.01.15-15.13.07:127][  0]LogConfig: Setting CVar [[r.DOF.Scatter.BackgroundCompositing:2    ; additive background scattering]]
[2019.01.15-15.13.07:127][  0]LogConfig: Setting CVar [[r.DOF.Scatter.EnableBokehSettings:1      ; bokeh simulation when scattering]]
[2019.01.15-15.13.07:127][  0]LogConfig: Setting CVar [[r.DOF.Scatter.MaxSpriteRatio:0.1         ; only a maximum of 10% of scattered bokeh]]
[2019.01.15-15.13.07:127][  0]LogConfig: Setting CVar [[r.DOF.Recombine.Quality:1                ; cheap slight out of focus]]
[2019.01.15-15.13.07:127][  0]LogConfig: Setting CVar [[r.DOF.Recombine.EnableBokehSettings:0    ; no bokeh simulation on slight out of focus]]
[2019.01.15-15.13.07:127][  0]LogConfig: Setting CVar [[r.DOF.TemporalAAQuality:1                ; more stable temporal accumulation]]
[2019.01.15-15.13.07:127][  0]LogConfig: Setting CVar [[r.DOF.Kernel.MaxForegroundRadius:0.025]]
[2019.01.15-15.13.07:127][  0]LogConfig: Setting CVar [[r.DOF.Kernel.MaxBackgroundRadius:0.025]]
[2019.01.15-15.13.07:127][  0]LogConfig: Applying CVar settings from Section [TextureQuality@3] File [C:/Users/happy/OneDrive/Рабочий стол/SECOND-SHIT-GAME/Saved/Config/Windows/Scalability.ini]
[2019.01.15-15.13.07:127][  0]LogConfig: Setting CVar [[r.Streaming.MipBias:0]]
[2019.01.15-15.13.07:127][  0]LogConfig: Setting CVar [[r.Streaming.AmortizeCPUToGPUCopy:0]]
[2019.01.15-15.13.07:127][  0]LogConfig: Setting CVar [[r.Streaming.MaxNumTexturesToStreamPerFrame:0]]
[2019.01.15-15.13.07:127][  0]LogConfig: Setting CVar [[r.Streaming.Boost:1]]
[2019.01.15-15.13.07:127][  0]LogConfig: Setting CVar [[r.MaxAnisotropy:8]]
[2019.01.15-15.13.07:127][  0]LogConfig: Setting CVar [[r.Streaming.LimitPoolSizeToVRAM:0]]
[2019.01.15-15.13.07:127][  0]LogConfig: Setting CVar [[r.Streaming.PoolSize:1000]]
[2019.01.15-15.13.07:127][  0]LogConfig: Setting CVar [[r.Streaming.MaxEffectiveScreenSize:0]]
[2019.01.15-15.13.07:127][  0]LogConfig: Applying CVar settings from Section [EffectsQuality@3] File [C:/Users/happy/OneDrive/Рабочий стол/SECOND-SHIT-GAME/Saved/Config/Windows/Scalability.ini]
[2019.01.15-15.13.07:127][  0]LogConfig: Setting CVar [[r.TranslucencyLightingVolumeDim:64]]
[2019.01.15-15.13.07:127][  0]LogConfig: Setting CVar [[r.RefractionQuality:2]]
[2019.01.15-15.13.07:127][  0]LogConfig: Setting CVar [[r.SSR.Quality:3]]
[2019.01.15-15.13.07:127][  0]LogConfig: Setting CVar [[r.SceneColorFormat:4]]
[2019.01.15-15.13.07:127][  0]LogConfig: Setting CVar [[r.DetailMode:2]]
[2019.01.15-15.13.07:127][  0]LogConfig: Setting CVar [[r.TranslucencyVolumeBlur:1]]
[2019.01.15-15.13.07:127][  0]LogConfig: Setting CVar [[r.MaterialQualityLevel:1 ; High quality]]
[2019.01.15-15.13.07:127][  0]LogConfig: Setting CVar [[r.SSS.Scale:1]]
[2019.01.15-15.13.07:127][  0]LogConfig: Setting CVar [[r.SSS.SampleSet:2]]
[2019.01.15-15.13.07:127][  0]LogConfig: Setting CVar [[r.SSS.Quality:1]]
[2019.01.15-15.13.07:127][  0]LogConfig: Setting CVar [[r.SSS.HalfRes:1]]
[2019.01.15-15.13.07:127][  0]LogConfig: Setting CVar [[r.EmitterSpawnRateScale:1.0]]
[2019.01.15-15.13.07:127][  0]LogConfig: Setting CVar [[r.ParticleLightQuality:2]]
[2019.01.15-15.13.07:127][  0]LogConfig: Applying CVar settings from Section [FoliageQuality@3] File [C:/Users/happy/OneDrive/Рабочий стол/SECOND-SHIT-GAME/Saved/Config/Windows/Scalability.ini]
[2019.01.15-15.13.07:127][  0]LogConfig: Setting CVar [[foliage.DensityScale:1.0]]
[2019.01.15-15.13.07:127][  0]LogConfig: Setting CVar [[grass.DensityScale:1.0]]
[2019.01.15-15.13.07:127][  0]LogConfig: Applying CVar settings from Section [Startup] File [../../../Engine/Config/ConsoleVariables.ini]
[2019.01.15-15.13.07:152][  0]LogConfig: Setting CVar [[net.UseAdaptiveNetUpdateFrequency:0]]
[2019.01.15-15.13.07:152][  0]LogConfig: Applying CVar settings from Section [ConsoleVariables] File [C:/Users/happy/OneDrive/Рабочий стол/SECOND-SHIT-GAME/Saved/Config/Windows/Engine.ini]
[2019.01.15-15.13.07:233][  0]LogInit: Computer: DESKTOP-4EG7N1S
[2019.01.15-15.13.07:233][  0]LogInit: User: happy
[2019.01.15-15.13.07:233][  0]LogInit: CPU Page size=4096, Cores=4
[2019.01.15-15.13.07:233][  0]LogInit: High frequency timer resolution =4.311313 MHz
[2019.01.15-15.13.07:244][  0]LogMemory: Memory total: Physical=15.9GB (16GB approx)
[2019.01.15-15.13.07:244][  0]LogMemory: Platform Memory Stats for Windows
[2019.01.15-15.13.07:244][  0]LogMemory: Process Physical Memory: 102.50 MB used, 102.50 MB peak
[2019.01.15-15.13.07:244][  0]LogMemory: Process Virtual Memory: 91.50 MB used, 91.50 MB peak
[2019.01.15-15.13.07:244][  0]LogMemory: Physical Memory: 7996.40 MB used,  8287.37 MB free, 16283.77 MB total
[2019.01.15-15.13.07:244][  0]LogMemory: Virtual Memory: 4638.58 MB used,  134213088.00 MB free, 134217728.00 MB total
[2019.01.15-15.13.08:018][  0]LogInit: Using OS detected language (ru-RU).
[2019.01.15-15.13.08:018][  0]LogInit: Using OS detected locale (ru-RU).
[2019.01.15-15.13.08:055][  0]LogTextLocalizationManager: No specific localization for 'ru-RU' exists, so the 'ru' localization will be used.
[2019.01.15-15.13.08:191][  0]LogStreaming: Display: Took  0.153s to InitEngineTextLocalization.
[2019.01.15-15.13.08:208][  0]LogInit: Setting process to per monitor DPI aware
[2019.01.15-15.13.08:853][  0]LogSlate: New Slate User Created.  User Index 0, Is Virtual User: 0
[2019.01.15-15.13.08:853][  0]LogSlate: Slate User Registered.  User Index 0, Is Virtual User: 0
[2019.01.15-15.13.10:605][  0]LogHMD: Failed to initialize OpenVR with code 110
[2019.01.15-15.13.10:605][  0]LogD3D11RHI: D3D11 adapters:
[2019.01.15-15.13.10:708][  0]LogD3D11RHI:    0. 'NVIDIA GeForce GTX 970' (Feature Level 11_0)
[2019.01.15-15.13.10:709][  0]LogD3D11RHI:       4043/0/8141 MB DedicatedVideo/DedicatedSystem/SharedSystem, Outputs:1, VendorId:0x10de
[2019.01.15-15.13.10:711][  0]LogD3D11RHI:    1. 'Microsoft Basic Render Driver' (Feature Level 11_0)
[2019.01.15-15.13.10:712][  0]LogD3D11RHI:       0/0/8141 MB DedicatedVideo/DedicatedSystem/SharedSystem, Outputs:0, VendorId:0x1414
[2019.01.15-15.13.10:712][  0]LogD3D11RHI: Chosen D3D11 Adapter: 0
[2019.01.15-15.13.10:731][  0]LogD3D11RHI: Creating new Direct3DDevice
[2019.01.15-15.13.10:731][  0]LogD3D11RHI:     GPU DeviceId: 0x13c2 (for the marketing name, search the web for "GPU Device Id")
[2019.01.15-15.13.10:731][  0]LogWindows: EnumDisplayDevices:
[2019.01.15-15.13.10:732][  0]LogWindows:    0. 'NVIDIA GeForce GTX 970' (P:1 D:1)
[2019.01.15-15.13.10:732][  0]LogWindows:    1. 'NVIDIA GeForce GTX 970' (P:0 D:0)
[2019.01.15-15.13.10:733][  0]LogWindows:    2. 'NVIDIA GeForce GTX 970' (P:0 D:0)
[2019.01.15-15.13.10:734][  0]LogWindows:    3. 'NVIDIA GeForce GTX 970' (P:0 D:0)
[2019.01.15-15.13.10:734][  0]LogWindows: DebugString: FoundDriverCount:4 
[2019.01.15-15.13.10:734][  0]LogD3D11RHI:     Adapter Name: NVIDIA GeForce GTX 970
[2019.01.15-15.13.10:734][  0]LogD3D11RHI:   Driver Version: 391.01 (internal:23.21.13.9101, unified:391.01)
[2019.01.15-15.13.10:734][  0]LogD3D11RHI:      Driver Date: 2-23-2018
[2019.01.15-15.13.10:735][  0]LogRHI: Texture pool is 2830 MB (70% of 4043 MB)
[2019.01.15-15.13.10:819][  0]LogD3D11RHI: Async texture creation enabled
[2019.01.15-15.13.11:120][  0]LogD3D11RHI: GPU Timing Frequency: 1000.000000 (Debug: 2 2)
[2019.01.15-15.13.11:609][  0]LogTemp: Display: Loaded TP AllDesktopTargetPlatform
[2019.01.15-15.13.11:658][  0]LogTemp: Display: Loaded TP MacClientTargetPlatform
[2019.01.15-15.13.11:794][  0]LogTemp: Display: Loaded TP MacNoEditorTargetPlatform
[2019.01.15-15.13.11:971][  0]LogTemp: Display: Loaded TP MacServerTargetPlatform
[2019.01.15-15.13.12:031][  0]LogTemp: Display: Loaded TP MacTargetPlatform
[2019.01.15-15.13.12:074][  0]LogTemp: Display: Loaded TP WindowsClientTargetPlatform
[2019.01.15-15.13.12:102][  0]LogTemp: Display: Loaded TP WindowsNoEditorTargetPlatform
[2019.01.15-15.13.12:122][  0]LogTemp: Display: Loaded TP WindowsServerTargetPlatform
[2019.01.15-15.13.12:137][  0]LogTemp: Display: Loaded TP WindowsTargetPlatform
[2019.01.15-15.13.12:304][  0]LogTemp: Display: Loaded TP AndroidTargetPlatform
[2019.01.15-15.13.12:304][  0]LogTemp: Display: Loaded TP AndroidTargetPlatform
[2019.01.15-15.13.12:304][  0]LogTemp: Display: Loaded TP AndroidTargetPlatform
[2019.01.15-15.13.12:304][  0]LogTemp: Display: Loaded TP AndroidTargetPlatform
[2019.01.15-15.13.12:304][  0]LogTemp: Display: Loaded TP AndroidTargetPlatform
[2019.01.15-15.13.12:304][  0]LogTemp: Display: Loaded TP AndroidTargetPlatform
[2019.01.15-15.13.12:304][  0]LogTemp: Display: Loaded TP AndroidTargetPlatform
[2019.01.15-15.13.12:304][  0]LogTemp: Display: Loaded TP AndroidTargetPlatform
[2019.01.15-15.13.12:304][  0]LogTemp: Display: Loaded TP AndroidTargetPlatform
[2019.01.15-15.13.12:304][  0]LogTemp: Display: Loaded TP AndroidTargetPlatform
[2019.01.15-15.13.12:304][  0]LogTemp: Display: Loaded TP AndroidTargetPlatform
[2019.01.15-15.13.12:304][  0]LogTemp: Display: Loaded TP AndroidTargetPlatform
[2019.01.15-15.13.12:304][  0]LogTemp: Display: Loaded TP AndroidTargetPlatform
[2019.01.15-15.13.12:304][  0]LogTemp: Display: Loaded TP AndroidTargetPlatform
[2019.01.15-15.13.12:304][  0]LogTemp: Display: Loaded TP AndroidTargetPlatform
[2019.01.15-15.13.12:304][  0]LogTemp: Display: Loaded TP AndroidTargetPlatform
[2019.01.15-15.13.12:304][  0]LogTemp: Display: Loaded TP AndroidTargetPlatform
[2019.01.15-15.13.12:304][  0]LogTemp: Display: Loaded TP AndroidTargetPlatform
[2019.01.15-15.13.12:318][  0]LogTemp: Display: Loaded TP HTML5TargetPlatform
[2019.01.15-15.13.12:429][  0]LogTemp: Display: Loaded TP IOSTargetPlatform
[2019.01.15-15.13.12:429][  0]LogTemp: Display: Loaded TP IOSTargetPlatform
[2019.01.15-15.13.12:471][  0]LogTemp: Display: Loaded TP TVOSTargetPlatform
[2019.01.15-15.13.12:471][  0]LogTemp: Display: Loaded TP TVOSTargetPlatform
[2019.01.15-15.13.12:559][  0]LogTemp: Display: Loaded TP LinuxClientTargetPlatform
[2019.01.15-15.13.12:602][  0]LogTemp: Display: Loaded TP LinuxNoEditorTargetPlatform
[2019.01.15-15.13.12:680][  0]LogTemp: Display: Loaded TP LinuxServerTargetPlatform
[2019.01.15-15.13.12:708][  0]LogTemp: Display: Loaded TP LinuxTargetPlatform
[2019.01.15-15.13.12:783][  0]LogTemp: Display: Loaded TP LuminTargetPlatform
[2019.01.15-15.13.12:783][  0]LogTemp: Display: Loaded TP LuminTargetPlatform
[2019.01.15-15.13.12:783][  0]LogTargetPlatformManager: Display: Building Assets For Windows
[2019.01.15-15.13.13:487][  0]LogShaderCompilers: Guid format shader working directory is -7 characters bigger than the processId version (C:/Users/happy/OneDrive/Рабочий стол/SECOND-SHIT-GAME/Intermediate/Shaders/WorkingDirectory/7032/).
[2019.01.15-15.13.13:488][  0]LogShaderCompilers: Cleaned the shader compiler working directory 'C:/Users/happy/AppData/Local/Temp/UnrealShaderWorkingDir/965A502B48C6F9BA20F74D9EF782FD1A/'.
[2019.01.15-15.13.13:544][  0]LogXGEController: Cannot use XGE Controller as Incredibuild is not installed on this machine.
[2019.01.15-15.13.13:545][  0]LogShaderCompilers: Cannot use XGE Shader Compiler as Incredibuild is not installed on this machine.
[2019.01.15-15.13.13:545][  0]LogShaderCompilers: Display: Using Local Shader Compiler.
[2019.01.15-15.13.16:298][  0]LogDerivedDataCache: Display: Max Cache Size: 512 MB
[2019.01.15-15.13.16:512][  0]LogDerivedDataCache: Loaded boot cache 0.21s 71MB C:/Users/happy/AppData/Local/UnrealEngine/4.21/DerivedDataCache/Boot.ddc.
[2019.01.15-15.13.16:512][  0]LogDerivedDataCache: Display: Loaded Boot cache: C:/Users/happy/AppData/Local/UnrealEngine/4.21/DerivedDataCache/Boot.ddc
[2019.01.15-15.13.16:512][  0]LogDerivedDataCache: FDerivedDataBackendGraph:  Pak pak cache file C:/Users/happy/OneDrive/Рабочий стол/SECOND-SHIT-GAME/DerivedDataCache/DDC.ddp not found, will not use a pak cache.
[2019.01.15-15.13.16:512][  0]LogDerivedDataCache: Unable to find inner node Pak for hierarchical cache Hierarchy.
[2019.01.15-15.13.16:512][  0]LogDerivedDataCache: FDerivedDataBackendGraph:  CompressedPak pak cache file C:/Users/happy/OneDrive/Рабочий стол/SECOND-SHIT-GAME/DerivedDataCache/Compressed.ddp not found, will not use a pak cache.
[2019.01.15-15.13.16:512][  0]LogDerivedDataCache: Unable to find inner node CompressedPak for hierarchical cache Hierarchy.
[2019.01.15-15.13.16:616][  0]LogDerivedDataCache: Display: Pak cache opened for reading ../../../Engine/DerivedDataCache/Compressed.ddp.
[2019.01.15-15.13.16:616][  0]LogDerivedDataCache: FDerivedDataBackendGraph:  EnterprisePak pak cache file ../../../Enterprise/DerivedDataCache/Compressed.ddp not found, will not use a pak cache.
[2019.01.15-15.13.16:616][  0]LogDerivedDataCache: Unable to find inner node EnterprisePak for hierarchical cache Hierarchy.
[2019.01.15-15.13.16:643][  0]LogDerivedDataCache: Using Local data cache path C:/Users/happy/AppData/Local/UnrealEngine/Common/DerivedDataCache: Writable
[2019.01.15-15.13.16:643][  0]LogDerivedDataCache: Shared data cache path not found in *engine.ini, will not use an Shared cache.
[2019.01.15-15.13.16:643][  0]LogDerivedDataCache: Unable to find inner node Shared for hierarchical cache Hierarchy.
[2019.01.15-15.13.16:720][  0]LogMaterial: Verifying Global Shaders for PCD3D_SM5
[2019.01.15-15.13.16:836][  0]LogSlate: Using FreeType 2.6.0
[2019.01.15-15.13.16:940][  0]LogSlate: SlateFontServices - WITH_FREETYPE: 1, WITH_HARFBUZZ: 1
[2019.01.15-15.13.17:661][  0]LogAssetRegistry: FAssetRegistry took 0.0401 seconds to start up
[2019.01.15-15.13.21:812][  0]LogInit: Selected Device Profile: [Windows]
[2019.01.15-15.13.23:519][  0]LogSimplygon: Simplygon DLL not present - disabling.
[2019.01.15-15.13.23:720][  0]LogMeshReduction: Using SimplygonSwarm for distributed automatic mesh merging
[2019.01.15-15.13.23:720][  0]LogMeshReduction: Using ProxyLODMeshReduction for automatic mesh merging
[2019.01.15-15.13.23:721][  0]LogMeshReduction: Using QuadricMeshReduction for automatic static mesh reduction
[2019.01.15-15.13.23:721][  0]LogMeshReduction: No automatic skeletal mesh reduction module available
[2019.01.15-15.13.24:142][  0]LogNetVersion: BP_like_away_v_0_4 1.0.0, NetCL: 4541578, EngineNetVer: 5, GameNetVer: 0 (Checksum: 612912654)
[2019.01.15-15.13.29:122][  0]LogAssetRegistry: Error: Failed to open file for write C:/Users/happy/OneDrive/Рабочий стол/SECOND-SHIT-GAME/Intermediate/AssetRegistryCache/296ab22b.bin
[2019.01.15-15.13.29:166][  0]LogFileManager: Warning: DeleteFile was unable to delete 'C:/Users/happy/OneDrive/Рабочий стол/SECOND-SHIT-GAME/Intermediate/AssetRegistryCache/ce018d3f.bin', retrying in .5s...
[2019.01.15-15.13.29:667][  0]LogFileManager: Warning: DeleteFile recovered during retry!
[2019.01.15-15.13.29:667][  0]LogFileManager: Warning: MoveFile was unable to move 'C:/Users/happy/OneDrive/Рабочий стол/SECOND-SHIT-GAME/Intermediate/AssetRegistryCache/ce018d3f.bin.tmp' to 'C:/Users/happy/OneDrive/Рабочий стол/SECOND-SHIT-GAME/Intermediate/AssetRegistryCache/ce018d3f.bin', retrying in .5s...
[2019.01.15-15.13.30:168][  0]LogFileManager: Warning: MoveFile was unable to move 'C:/Users/happy/OneDrive/Рабочий стол/SECOND-SHIT-GAME/Intermediate/AssetRegistryCache/ce018d3f.bin.tmp' to 'C:/Users/happy/OneDrive/Рабочий стол/SECOND-SHIT-GAME/Intermediate/AssetRegistryCache/ce018d3f.bin', retrying in .5s...
[2019.01.15-15.13.30:669][  0]LogFileManager: Warning: MoveFile was unable to move 'C:/Users/happy/OneDrive/Рабочий стол/SECOND-SHIT-GAME/Intermediate/AssetRegistryCache/ce018d3f.bin.tmp' to 'C:/Users/happy/OneDrive/Рабочий стол/SECOND-SHIT-GAME/Intermediate/AssetRegistryCache/ce018d3f.bin', retrying in .5s...
[2019.01.15-15.13.31:170][  0]LogFileManager: Warning: MoveFile was unable to move 'C:/Users/happy/OneDrive/Рабочий стол/SECOND-SHIT-GAME/Intermediate/AssetRegistryCache/ce018d3f.bin.tmp' to 'C:/Users/happy/OneDrive/Рабочий стол/SECOND-SHIT-GAME/Intermediate/AssetRegistryCache/ce018d3f.bin', retrying in .5s...
[2019.01.15-15.13.31:671][  0]LogFileManager: Warning: MoveFile was unable to move 'C:/Users/happy/OneDrive/Рабочий стол/SECOND-SHIT-GAME/Intermediate/AssetRegistryCache/ce018d3f.bin.tmp' to 'C:/Users/happy/OneDrive/Рабочий стол/SECOND-SHIT-GAME/Intermediate/AssetRegistryCache/ce018d3f.bin', retrying in .5s...
[2019.01.15-15.13.32:172][  0]LogFileManager: Warning: MoveFile was unable to move 'C:/Users/happy/OneDrive/Рабочий стол/SECOND-SHIT-GAME/Intermediate/AssetRegistryCache/ce018d3f.bin.tmp' to 'C:/Users/happy/OneDrive/Рабочий стол/SECOND-SHIT-GAME/Intermediate/AssetRegistryCache/ce018d3f.bin', retrying in .5s...
[2019.01.15-15.13.32:673][  0]LogFileManager: Warning: MoveFile was unable to move 'C:/Users/happy/OneDrive/Рабочий стол/SECOND-SHIT-GAME/Intermediate/AssetRegistryCache/ce018d3f.bin.tmp' to 'C:/Users/happy/OneDrive/Рабочий стол/SECOND-SHIT-GAME/Intermediate/AssetRegistryCache/ce018d3f.bin', retrying in .5s...
[2019.01.15-15.13.33:174][  0]LogFileManager: Warning: MoveFile was unable to move 'C:/Users/happy/OneDrive/Рабочий стол/SECOND-SHIT-GAME/Intermediate/AssetRegistryCache/ce018d3f.bin.tmp' to 'C:/Users/happy/OneDrive/Рабочий стол/SECOND-SHIT-GAME/Intermediate/AssetRegistryCache/ce018d3f.bin', retrying in .5s...
[2019.01.15-15.13.33:674][  0]LogFileManager: Warning: MoveFile was unable to move 'C:/Users/happy/OneDrive/Рабочий стол/SECOND-SHIT-GAME/Intermediate/AssetRegistryCache/ce018d3f.bin.tmp' to 'C:/Users/happy/OneDrive/Рабочий стол/SECOND-SHIT-GAME/Intermediate/AssetRegistryCache/ce018d3f.bin', retrying in .5s...
[2019.01.15-15.13.34:175][  0]LogFileManager: Warning: MoveFile was unable to move 'C:/Users/happy/OneDrive/Рабочий стол/SECOND-SHIT-GAME/Intermediate/AssetRegistryCache/ce018d3f.bin.tmp' to 'C:/Users/happy/OneDrive/Рабочий стол/SECOND-SHIT-GAME/Intermediate/AssetRegistryCache/ce018d3f.bin', retrying in .5s...
[2019.01.15-15.13.34:676][  0]LogFileManager: Error: Error moving file 'C:/Users/happy/OneDrive/Рабочий стол/SECOND-SHIT-GAME/Intermediate/AssetRegistryCache/ce018d3f.bin.tmp' to 'C:/Users/happy/OneDrive/Рабочий стол/SECOND-SHIT-GAME/Intermediate/AssetRegistryCache/ce018d3f.bin'.
[2019.01.15-15.13.34:715][  0]LogPackageLocalizationCache: Processed 11 localized package path(s) for 2 prioritized culture(s) in 5.632042 seconds
[2019.01.15-15.13.34:723][  0]LogUObjectArray: 39775 objects as part of root set at end of initial load.
[2019.01.15-15.13.34:723][  0]LogUObjectAllocator: 6914664 out of 0 bytes used by permanent object pool.
[2019.01.15-15.13.34:723][  0]LogUObjectArray: CloseDisregardForGC: 0/0 objects in disregard for GC pool
[2019.01.15-15.13.39:073][  0]LogTcpMessaging: Initializing TcpMessaging bridge
[2019.01.15-15.13.39:105][  0]LogUdpMessaging: Initializing bridge on interface 0.0.0.0:0 to multicast group 230.0.0.1:6666.
[2019.01.15-15.13.41:293][  0]SourceControl: Source control is disabled
[2019.01.15-15.13.41:293][  0]SourceControl: Source control is disabled
[2019.01.15-15.13.41:437][  0]SourceControl: Source control is disabled
[2019.01.15-15.13.41:462][  0]SourceControl: Source control is disabled
[2019.01.15-15.13.42:757][  0]LogAndroidPermission: UAndroidPermissionCallbackProxy::GetInstance
[2019.01.15-15.13.43:047][  0]LogOcInput: OculusInput pre-init called
[2019.01.15-15.13.44:342][  0]LogEngine: Initializing Engine...
[2019.01.15-15.13.44:382][  0]LogHMD: Failed to initialize OpenVR with code 110
[2019.01.15-15.13.44:411][  0]LogStats: UGameplayTagsManager::ConstructGameplayTagTree: ImportINI prefixes -  0.010 s
[2019.01.15-15.13.44:411][  0]LogStats: UGameplayTagsManager::ConstructGameplayTagTree: Construct from data asset -  0.000 s
[2019.01.15-15.13.44:411][  0]LogStats: UGameplayTagsManager::ConstructGameplayTagTree: ImportINI -  0.000 s
[2019.01.15-15.13.44:411][  0]LogStats: UGameplayTagsManager::ConstructGameplayTagTree: GameplayTagTreeChangedEvent.Broadcast -  0.000 s
[2019.01.15-15.13.45:342][  0]LogInit: Initializing FReadOnlyCVARCache
[2019.01.15-15.13.45:830][  0]LogAIModule: Creating AISystem for world Untitled
[2019.01.15-15.13.46:027][  0]LogInit: XAudio2 using 'Наушники (Устройство с поддержкой High Definition Audio)' : 2 channels at 48 kHz using 16 bits per sample (channel mask 0x3)
[2019.01.15-15.13.46:088][  0]LogInit: FAudioDevice initialized.
[2019.01.15-15.13.46:088][  0]LogNetVersion: Set ProjectVersion to 1.0.0.0. Version Checksum will be recalculated on next use.
[2019.01.15-15.13.46:213][  0]LogDerivedDataCache: Saved boot cache 0.12s 71MB C:/Users/happy/AppData/Local/UnrealEngine/4.21/DerivedDataCache/Boot.ddc.
[2019.01.15-15.13.46:229][  0]LogInit: Texture streaming: Enabled
[2019.01.15-15.13.46:269][  0]LogEngineSessionManager: EngineSessionManager initialized
[2019.01.15-15.13.46:388][  0]LogInit: Transaction tracking system initialized
[2019.01.15-15.13.46:754][  0]BlueprintLog: New page: Editor Load
[2019.01.15-15.13.48:111][  0]LocalizationService: Localization service is disabled
[2019.01.15-15.13.48:338][  0]LogConfig: Warning: Failed to saved backup for config[C:/Users/happy/OneDrive/Рабочий стол/SECOND-SHIT-GAME/Intermediate/Config/CoalescedSourceConfigs/Engine.ini]
[2019.01.15-15.13.52:370][  0]LogFileCache: Scanning file cache for directory 'C:/Users/happy/OneDrive/Рабочий стол/SECOND-SHIT-GAME/Content/' took 0.02s
[2019.01.15-15.13.52:370][  0]LogCook: Display: Max memory allowance for cook 16384mb min free memory 0mb
[2019.01.15-15.13.52:371][  0]LogCook: Display: Mobile HDR setting 1
[2019.01.15-15.13.52:371][  0]LogGameplayTags: Display: UGameplayTagsManager::DoneAddingNativeTags. DelegateIsBound: 0
[2019.01.15-15.13.52:371][  0]LogStats: UGameplayTagsManager::ConstructGameplayTagTree: ImportINI prefixes -  0.000 s
[2019.01.15-15.13.52:371][  0]LogStats: UGameplayTagsManager::ConstructGameplayTagTree: Construct from data asset -  0.000 s
[2019.01.15-15.13.52:371][  0]LogStats: UGameplayTagsManager::ConstructGameplayTagTree: ImportINI -  0.000 s
[2019.01.15-15.13.52:371][  0]LogStats: UGameplayTagsManager::ConstructGameplayTagTree: GameplayTagTreeChangedEvent.Broadcast -  0.000 s
[2019.01.15-15.13.54:692][  0]SourceControl: Source control is disabled
[2019.01.15-15.13.54:724][  0]Cmd: MAP LOAD FILE="../../../Engine/Content/Maps/Templates/Template_Default.umap" TEMPLATE=1 SHOWPROGRESS=1 FEATURELEVEL=3
[2019.01.15-15.13.54:757][  0]LightingResults: New page: Lighting Build
[2019.01.15-15.13.54:989][  0]MapCheck: New page: Map Check
[2019.01.15-15.13.54:989][  0]LightingResults: New page: Lighting Build
[2019.01.15-15.13.56:262][  0]LogAIModule: Creating AISystem for world Untitled_1
[2019.01.15-15.13.56:834][  0]LogEditorServer: Finished looking for orphan Actors (0.000 secs)
[2019.01.15-15.13.57:018][  0]Cmd: MAP CHECKDEP NOCLEARLOG
[2019.01.15-15.13.57:018][  0]MapCheck: Map check complete: 0 Error(s), 0 Warning(s), took 0,247ms to complete.
[2019.01.15-15.13.57:018][  0]LogFileHelpers: Loading map 'Template_Default' took 2.313
[2019.01.15-15.13.58:421][  0]LogCollectionManager: Loaded 0 collections in 0.002216 seconds
[2019.01.15-15.13.58:547][  0]LogFileCache: Scanning file cache for directory 'C:/Users/happy/OneDrive/Рабочий стол/SECOND-SHIT-GAME/Saved/Collections/' took 0.01s
[2019.01.15-15.13.58:547][  0]LogFileCache: Scanning file cache for directory 'C:/Users/happy/OneDrive/Рабочий стол/SECOND-SHIT-GAME/Content/Developers/happy/Collections/' took 0.01s
[2019.01.15-15.13.58:547][  0]LogFileCache: Scanning file cache for directory 'C:/Users/happy/OneDrive/Рабочий стол/SECOND-SHIT-GAME/Content/Collections/' took 0.01s
[2019.01.15-15.13.58:547][  0]LogCollectionManager: Rebuilt the GUID cache for 0 collections in 0.000000 seconds
[2019.01.15-15.13.58:563][  0]LogContentBrowser: Native class hierarchy populated in 0.0141 seconds. Added 2651 classes and 620 folders.
[2019.01.15-15.13.58:732][  0]LogContentBrowser: Native class hierarchy updated for 'WidgetCarousel' in 0.0004 seconds. Added 0 classes and 0 folders.
[2019.01.15-15.13.58:791][  0]LogPakFile: Registered encryption key '00000000000000000000000000000000': 0 pak files mounted, 0 remain pending
[2019.01.15-15.13.58:836][  0]LogPakFile: Registered encryption key '00000000000000000000000000000000': 0 pak files mounted, 0 remain pending
[2019.01.15-15.13.58:848][  0]LogPakFile: Registered encryption key '00000000000000000000000000000000': 0 pak files mounted, 0 remain pending
[2019.01.15-15.13.58:875][  0]LogPakFile: Registered encryption key '00000000000000000000000000000000': 0 pak files mounted, 0 remain pending
[2019.01.15-15.13.58:888][  0]LogPakFile: Registered encryption key '00000000000000000000000000000000': 0 pak files mounted, 0 remain pending
[2019.01.15-15.13.58:894][  0]LogPakFile: Registered encryption key '00000000000000000000000000000000': 0 pak files mounted, 0 remain pending
[2019.01.15-15.13.58:900][  0]LogPakFile: Registered encryption key '00000000000000000000000000000000': 0 pak files mounted, 0 remain pending
[2019.01.15-15.13.58:926][  0]LogPakFile: Registered encryption key '00000000000000000000000000000000': 0 pak files mounted, 0 remain pending
[2019.01.15-15.13.58:946][  0]LogPakFile: Registered encryption key '00000000000000000000000000000000': 0 pak files mounted, 0 remain pending
[2019.01.15-15.13.58:974][  0]LogPakFile: Registered encryption key '00000000000000000000000000000000': 0 pak files mounted, 0 remain pending
[2019.01.15-15.13.58:985][  0]LogPakFile: Registered encryption key '00000000000000000000000000000000': 0 pak files mounted, 0 remain pending
[2019.01.15-15.13.58:998][  0]LogPakFile: Registered encryption key '00000000000000000000000000000000': 0 pak files mounted, 0 remain pending
[2019.01.15-15.13.59:025][  0]LogPakFile: Registered encryption key '00000000000000000000000000000000': 0 pak files mounted, 0 remain pending
[2019.01.15-15.13.59:044][  0]LogPakFile: Registered encryption key '00000000000000000000000000000000': 0 pak files mounted, 0 remain pending
[2019.01.15-15.13.59:053][  0]LogPakFile: Registered encryption key '00000000000000000000000000000000': 0 pak files mounted, 0 remain pending
[2019.01.15-15.13.59:068][  0]LogPakFile: Registered encryption key '00000000000000000000000000000000': 0 pak files mounted, 0 remain pending
[2019.01.15-15.13.59:088][  0]LogPakFile: Registered encryption key '00000000000000000000000000000000': 0 pak files mounted, 0 remain pending
[2019.01.15-15.13.59:103][  0]LogPakFile: Registered encryption key '00000000000000000000000000000000': 0 pak files mounted, 0 remain pending
[2019.01.15-15.13.59:153][  0]LogPakFile: Registered encryption key '00000000000000000000000000000000': 0 pak files mounted, 0 remain pending
[2019.01.15-15.13.59:175][  0]LogPakFile: Registered encryption key '00000000000000000000000000000000': 0 pak files mounted, 0 remain pending
[2019.01.15-15.13.59:192][  0]LogPakFile: Registered encryption key '00000000000000000000000000000000': 0 pak files mounted, 0 remain pending
[2019.01.15-15.13.59:219][  0]LogPakFile: Registered encryption key '00000000000000000000000000000000': 0 pak files mounted, 0 remain pending
[2019.01.15-15.13.59:246][  0]LogPakFile: Registered encryption key '00000000000000000000000000000000': 0 pak files mounted, 0 remain pending
[2019.01.15-15.13.59:261][  0]LogPakFile: Registered encryption key '00000000000000000000000000000000': 0 pak files mounted, 0 remain pending
[2019.01.15-15.13.59:284][  0]LogPakFile: Registered encryption key '00000000000000000000000000000000': 0 pak files mounted, 0 remain pending
[2019.01.15-15.14.00:210][  0]LogContentBrowser: Native class hierarchy updated for 'AddContentDialog' in 0.0003 seconds. Added 0 classes and 0 folders.
[2019.01.15-15.14.00:474][  0]LogSlate: Updating window title bar state: overlay mode, drag disabled, window buttons hidden, title bar hidden
[2019.01.15-15.14.00:484][  0]LogSlate: Updating window title bar state: overlay mode, drag disabled, window buttons hidden, title bar hidden
[2019.01.15-15.14.00:493][  0]LogSlate: Updating window title bar state: overlay mode, drag disabled, window buttons hidden, title bar hidden
[2019.01.15-15.14.00:502][  0]LogSlate: Updating window title bar state: overlay mode, drag disabled, window buttons hidden, title bar hidden
[2019.01.15-15.14.00:565][  0]LogContentBrowser: Native class hierarchy updated for 'SceneOutliner' in 0.0004 seconds. Added 1 classes and 2 folders.
[2019.01.15-15.14.01:696][  0]LogSlate: Took 0.012689 seconds to synchronously load lazily loaded font '../../../Engine/Content/Slate/Fonts/Roboto-Regular.ttf' (155K)
[2019.01.15-15.14.01:719][  0]LogSlate: Took 0.021046 seconds to synchronously load lazily loaded font '../../../Engine/Content/Slate/Fonts/Roboto-Bold.ttf' (160K)
[2019.01.15-15.14.01:736][  0]LogSlate: Took 0.015168 seconds to synchronously load lazily loaded font '../../../Engine/Content/Editor/Slate/Fonts/FontAwesome.ttf' (139K)
[2019.01.15-15.14.02:290][  0]LogRenderer: Reallocating scene render targets to support 1164x912 Format 10 NumSamples 1 (Frame:1).
[2019.01.15-15.14.03:013][  0]LogContentBrowser: Native class hierarchy updated for 'HierarchicalLODOutliner' in 0.0004 seconds. Added 0 classes and 0 folders.
[2019.01.15-15.14.03:013][  0]LogLoad: (Engine Initialization) Total time: 74.12 seconds
[2019.01.15-15.14.03:013][  0]LogLoad: (Engine Initialization) Total Blueprint compile time: 0.00 seconds
[2019.01.15-15.14.03:268][  0]LogContentStreaming: Texture pool size now 1000 MB
[2019.01.15-15.14.03:488][  1]LogFileCache: Retrieving MD5 hashes for directory 'C:/Users/happy/OneDrive/Рабочий стол/SECOND-SHIT-GAME/Content/' took 0.41s
[2019.01.15-15.14.03:740][  3]LogAssetRegistry: Asset discovery search completed in 46.1022 seconds
[2019.01.15-15.14.03:743][  3]LogCollectionManager: Rebuilt the object cache for 0 collections in 0.000001 seconds (found 0 objects)
[2019.01.15-15.14.03:743][  3]LogCollectionManager: Fixed up redirectors for 0 collections in 0.000111 seconds (updated 0 objects)
[2019.01.15-16.22.40:889][747]LogSlate: FSceneViewport::OnFocusLost() reason 0
[2019.01.15-16.34.29:903][749]LogSlate: Took 0.020627 seconds to synchronously load lazily loaded font '../../../Engine/Content/Slate/Fonts/Roboto-Light.ttf' (167K)
[2019.01.15-16.34.29:914][749]LogAssetEditorManager: Opening Asset editor for WidgetBlueprint /Game/Interface/MainMenu.MainMenu
[2019.01.15-16.34.31:198][749]LogContentBrowser: Native class hierarchy updated for 'BlueprintGraph' in 0.0011 seconds. Added 117 classes and 0 folders.
[2019.01.15-16.34.33:011][749]LogSlate: Took 0.011297 seconds to synchronously load lazily loaded font '../../../Engine/Content/Slate/Fonts/Roboto-BoldCondensed.ttf' (158K)
[2019.01.15-16.34.36:640][ 12]LogAssetEditorManager: Opening Asset editor for WidgetBlueprint /Game/Interface/GamePlayMenu.GameplayMenu
[2019.01.15-16.34.44:179][338]LogSlate: Only BGRA pngs, bmps or icos are supported in by External Image Picker
[2019.01.15-16.34.44:334][339]LogTemp: Executing iPhonePackager certificates Engine -bundlename com.YourCompany.BPlikeawayv04
[2019.01.15-16.34.44:334][339]LogTemp: CWD: D:\UE4\UE4 catalog\UE_4.21\Engine\Binaries\DotNET\IOS
[2019.01.15-16.34.44:334][339]LogTemp: Initial Dir: D:\UE4\UE4 catalog\UE_4.21
[2019.01.15-16.34.44:334][339]LogTemp: Env CWD: D:\UE4\UE4 catalog\UE_4.21\Engine\Binaries\DotNET\IOS
[2019.01.15-16.34.44:334][339]LogTemp: BranchPath = DESKTOP-4EG7N1S/D/UE4/UE4 catalog/UE_4.21/Engine/Binaries --- GameBranchPath = DESKTOP-4EG7N1S/D/UE4/UE4 catalog/UE_4.21/Engine/Binaries
[2019.01.15-16.34.44:334][339]LogTemp: IPP ERROR: Could not find provision directory 'C:\Users\happy\AppData\Local/Apple Computer/MobileDevice/Provisioning Profiles/'.
[2019.01.15-16.35.16:965][322]LogSlate: Window 'Project Settings' being destroyed
[2019.01.15-16.35.16:970][322]LogSlate: Window 'Project Settings' being destroyed
[2019.01.15-16.35.19:980][579]LogAIModule: Creating AISystem for world MainMenu
[2019.01.15-16.35.19:985][579]LogAssetEditorManager: Opening Asset editor for World /Game/Maps/MainMenu.MainMenu
[2019.01.15-16.35.20:082][579]Cmd: MAP LOAD FILE="C:/Users/happy/OneDrive/Рабочий стол/SECOND-SHIT-GAME/Content/Maps/MainMenu.umap" TEMPLATE=0 SHOWPROGRESS=1 FEATURELEVEL=3
[2019.01.15-16.35.20:083][579]LightingResults: New page: Lighting Build
[2019.01.15-16.35.20:083][579]LoadErrors: New page: Loading map: MainMenu.umap
[2019.01.15-16.35.20:084][579]MapCheck: New page: Map Check
[2019.01.15-16.35.20:084][579]LightingResults: New page: Lighting Build
[2019.01.15-16.35.20:279][579]LogEditorServer: Finished looking for orphan Actors (0.000 secs)
[2019.01.15-16.35.20:395][579]Cmd: MAP CHECKDEP NOCLEARLOG
[2019.01.15-16.35.20:395][579]MapCheck: Map check complete: 0 Error(s), 0 Warning(s), took 0,145ms to complete.
[2019.01.15-16.35.20:395][579]LogFileHelpers: Loading map 'MainMenu' took 0.313
[2019.01.15-16.35.21:746][711]LogTemp: Repeating last play command: Selected Viewport
[2019.01.15-16.35.21:766][711]LogBlueprintUserMessages: Early PlayInEditor Detection: Level '/Game/Maps/MainMenu.MainMenu:PersistentLevel' has LevelScriptBlueprint '/Game/Maps/MainMenu.MainMenu:PersistentLevel.MainMenu' with GeneratedClass '/Game/Maps/MainMenu.MainMenu_C' with ClassGeneratedBy '/Game/Maps/MainMenu.MainMenu:PersistentLevel.MainMenu'
[2019.01.15-16.35.21:767][711]LogPlayLevel: PlayLevel: No blueprints needed recompiling
[2019.01.15-16.35.21:777][711]PIE: New page: PIE session: MainMenu (15 янв. 2019 г., 22:35:21)
[2019.01.15-16.35.21:800][711]LogPlayLevel: Creating play world package: /Game/Maps/UEDPIE_0_MainMenu
[2019.01.15-16.35.21:803][711]LogPlayLevel: PIE: StaticDuplicateObject took: (0.002408s)
[2019.01.15-16.35.21:803][711]LogAIModule: Creating AISystem for world MainMenu
[2019.01.15-16.35.21:804][711]LogPlayLevel: PIE: World Init took: (0.000820s)
[2019.01.15-16.35.21:804][711]LogPlayLevel: PIE: Created PIE world by copying editor world from /Game/Maps/MainMenu.MainMenu to /Game/Maps/UEDPIE_0_MainMenu.MainMenu (0.003570s)
[2019.01.15-16.35.21:898][711]LogInit: XAudio2 using 'Наушники (Устройство с поддержкой High Definition Audio)' : 2 channels at 48 kHz using 16 bits per sample (channel mask 0x3)
[2019.01.15-16.35.21:910][711]LogInit: FAudioDevice initialized.
[2019.01.15-16.35.21:973][711]LogLoad: Game class is 'MainGameMode_C'
[2019.01.15-16.35.21:974][711]LogWorld: Bringing World /Game/Maps/UEDPIE_0_MainMenu.MainMenu up for play (max tick rate 0) at 2019.01.15-19.35.21
[2019.01.15-16.35.21:974][711]LogWorld: Bringing up level for play took: 0.000637
[2019.01.15-16.35.22:061][711]LogContentBrowser: Native class hierarchy updated for 'MovieSceneCapture' in 0.0004 seconds. Added 20 classes and 0 folders.
[2019.01.15-16.35.22:124][711]LogPlayerController: Error: InputMode:UIOnly - Attempting to focus Non-Focusable widget SObjectWidget [Widget.cpp(710)]!
[2019.01.15-16.35.22:124][711]PIE: Play in editor start time for /Game/Maps/UEDPIE_0_MainMenu -0,098
[2019.01.15-16.35.22:125][711]LogBlueprintUserMessages: Late PlayInEditor Detection: Level '/Game/Maps/MainMenu.MainMenu:PersistentLevel' has LevelScriptBlueprint '/Game/Maps/MainMenu.MainMenu:PersistentLevel.MainMenu' with GeneratedClass '/Game/Maps/MainMenu.MainMenu_C' with ClassGeneratedBy '/Game/Maps/MainMenu.MainMenu:PersistentLevel.MainMenu'
[2019.01.15-16.35.23:776][883]LogSlate: FSceneViewport::OnFocusLost() reason 0
[2019.01.15-16.35.23:860][893]LogNet: Browse: /Game/Maps/MainWorld
[2019.01.15-16.35.23:860][893]LogLoad: LoadMap: /Game/Maps/MainWorld
[2019.01.15-16.35.23:957][893]LogAIModule: Creating AISystem for world MainWorld
[2019.01.15-16.35.23:957][893]LogLoad: Game class is 'MainGameMode_C'
[2019.01.15-16.35.23:958][893]LogWorld: Bringing World /Game/Maps/UEDPIE_0_MainWorld.MainWorld up for play (max tick rate 0) at 2019.01.15-19.35.23
[2019.01.15-16.35.23:958][893]LogWorld: Bringing up level for play took: 0.000733
[2019.01.15-16.35.23:960][893]LogPlayerController: Error: InputMode:UIOnly - Attempting to focus Non-Focusable widget SObjectWidget [Widget.cpp(710)]!
[2019.01.15-16.35.23:960][893]LogLoad: Took 0.099645 seconds to LoadMap(/Game/Maps/MainWorld)
[2019.01.15-16.35.24:828][995]LogSlate: FSceneViewport::OnFocusLost() reason 0
[2019.01.15-16.35.26:522][186]LogBlueprintUserMessages: Early EndPlayMap Detection: Level '/Game/Maps/MainMenu.MainMenu:PersistentLevel' has LevelScriptBlueprint '/Game/Maps/MainMenu.MainMenu:PersistentLevel.MainMenu' with GeneratedClass '/Game/Maps/MainMenu.MainMenu_C' with ClassGeneratedBy '/Game/Maps/MainMenu.MainMenu:PersistentLevel.MainMenu'
[2019.01.15-16.35.26:522][186]LogSlate: Updating window title bar state: overlay mode, drag disabled, window buttons hidden, title bar hidden
[2019.01.15-16.35.26:561][186]LogPlayLevel: Display: Shutting down PIE online subsystems
[2019.01.15-16.35.26:561][186]LogBlueprintUserMessages: Late EndPlayMap Detection: Level '/Game/Maps/MainMenu.MainMenu:PersistentLevel' has LevelScriptBlueprint '/Game/Maps/MainMenu.MainMenu:PersistentLevel.MainMenu' with GeneratedClass '/Game/Maps/MainMenu.MainMenu_C' with ClassGeneratedBy '/Game/Maps/MainMenu.MainMenu:PersistentLevel.MainMenu'
[2019.01.15-16.35.26:641][186]LogSlate: Updating window title bar state: overlay mode, drag disabled, window buttons hidden, title bar hidden
[2019.01.15-16.35.26:660][187]LogPlayLevel: Display: Destroying online subsystem :Context_6
[2019.01.15-16.35.37:792][319]LogSlate: Took 0.009151 seconds to synchronously load lazily loaded font '../../../Engine/Content/Slate/Fonts/Roboto-Italic.ttf' (157K)
[2019.01.15-16.38.00:429][879]LogWindowsTextInputMethodSystem: Display: IME system now deactivated.
[2019.01.15-16.38.00:430][879]LogWindowsTextInputMethodSystem: Display: IME system now deactivated.
[2019.01.15-16.38.21:054][488]BlueprintLog: New page: Compile GameplayMenu
[2019.01.15-16.39.52:499][904]LogWindowsTextInputMethodSystem: Display: IME system now deactivated.
[2019.01.15-16.39.52:499][904]LogWindowsTextInputMethodSystem: Display: IME system now deactivated.
[2019.01.15-16.40.07:731][114]LogWindowsTextInputMethodSystem: Display: IME system now deactivated.
[2019.01.15-16.40.07:731][114]LogWindowsTextInputMethodSystem: Display: IME system now deactivated.
[2019.01.15-16.40.40:296][620]BlueprintLog: New page: Compile GameplayMenu
[2019.01.15-16.40.51:430][684]LogAssetEditorManager: Opening Asset editor for DialogueVoice /Game/Sounds/Media/GameplayMain.GameplayMain
[2019.01.15-16.41.41:741][989]LogAssetEditorManager: Opening Asset editor for DialogueWave /Game/Sounds/Media/GameplayVoice1.GameplayVoice1
[2019.01.15-16.41.45:744][418]LogAssetEditorManager: Opening Asset editor for DialogueVoice /Game/Sounds/Media/GameplayMain.GameplayMain
[2019.01.15-16.41.52:316][ 81]LogAssetEditorManager: Opening Asset editor for SoundWave /Game/Sounds/Voice/GameplayWave1.GameplayWave1
[2019.01.15-16.42.09:394][900]LogSlate: FSceneViewport::OnFocusLost() reason 2
[2019.01.15-16.44.00:118][713]LogWindowsTextInputMethodSystem: Display: IME system now deactivated.
[2019.01.15-16.44.00:118][713]LogWindowsTextInputMethodSystem: Display: IME system now deactivated.
[2019.01.15-16.44.36:086][815]LogSlate: FSceneViewport::OnFocusLost() reason 0
[2019.01.15-16.44.37:926][ 30]LogAssetEditorManager: Opening Asset editor for DialogueVoice /Game/Sounds/Speakers/Happyer.Happyer
[2019.01.15-16.44.52:060][441]LogSlate: FSceneViewport::OnFocusLost() reason 0
[2019.01.15-16.46.51:548][200]LogFileHelpers: Editor autosave (incl. sublevels) for '/Game/Maps/MainMenu' took 0.093
[2019.01.15-16.46.51:549][200]OBJ SavePackage: Generating thumbnails for [0] asset(s) in package [/Game/Interface/GamePlayMenu] ([1] browsable assets)...
[2019.01.15-16.46.51:549][200]OBJ SavePackage: Finished generating thumbnails for package [/Game/Interface/GamePlayMenu]
[2019.01.15-16.46.51:610][200]LogSavePackage: Moving 'C:/Users/happy/OneDrive/Рабочий стол/SECOND-SHIT-GAME/Saved/GamePlayMenu_Auto107DBCACD4D6FA18CDDA3F0BCDC1C97A5.tmp' to 'C:/Users/happy/OneDrive/Рабочий стол/SECOND-SHIT-GAME/Saved/Autosaves/Game/Interface/GamePlayMenu_Auto1.uasset'
[2019.01.15-16.46.51:647][200]LogFileHelpers: Auto-saving content packages took 0.098
[2019.01.15-16.49.38:139][  9]LogWindowsTextInputMethodSystem: Display: IME system now deactivated.
[2019.01.15-16.49.38:139][  9]LogWindowsTextInputMethodSystem: Display: IME system now deactivated.
[2019.01.15-16.51.13:340][233]BlueprintLog: New page: Compile GameplayMenu
[2019.01.15-16.51.27:456][185]LogSlate: Took 0.019560 seconds to synchronously load lazily loaded font '../../../Engine/Content/Slate/Fonts/Roboto-BoldCondensedItalic.ttf' (160K)
[2019.01.15-16.52.13:207][434]LogSlate: Window 'Change Variable Type' being destroyed
[2019.01.15-16.52.13:221][434]LogSlate: FSceneViewport::OnFocusLost() reason 2
[2019.01.15-16.52.16:909][672]LogSlate: Window 'Find in Blueprints' being destroyed
[2019.01.15-16.52.16:914][672]LogSlate: Window 'Find in Blueprints' being destroyed
[2019.01.15-16.52.17:371][704]LogSlate: FSceneViewport::OnFocusLost() reason 0
[2019.01.15-16.54.12:348][124]LogSlate: Window 'Change Variable Type' being destroyed
[2019.01.15-16.54.12:362][124]LogSlate: FSceneViewport::OnFocusLost() reason 2
[2019.01.15-16.54.14:541][266]LogSlate: Window 'Find in Blueprints' being destroyed
[2019.01.15-16.54.14:547][266]LogSlate: Window 'Find in Blueprints' being destroyed
[2019.01.15-16.54.15:135][305]LogSlate: FSceneViewport::OnFocusLost() reason 0
[2019.01.15-16.54.25:576][ 96]LogSlate: FSceneViewport::OnFocusLost() reason 2
[2019.01.15-16.57.30:654][609]LogSlate: Window 'Change Variable Type' being destroyed
[2019.01.15-16.57.30:668][609]LogSlate: FSceneViewport::OnFocusLost() reason 2
[2019.01.15-16.57.32:789][741]LogSlate: Window 'Find in Blueprints' being destroyed
[2019.01.15-16.57.32:794][741]LogSlate: Window 'Find in Blueprints' being destroyed
[2019.01.15-16.57.33:886][812]LogSlate: FSceneViewport::OnFocusLost() reason 0
[2019.01.15-16.59.58:346][373]LogFileHelpers: Editor autosave (incl. sublevels) for '/Game/Maps/MainMenu' took 0.088
[2019.01.15-16.59.58:348][373]OBJ SavePackage: Generating thumbnails for [0] asset(s) in package [/Game/Interface/GamePlayMenu] ([1] browsable assets)...
[2019.01.15-16.59.58:348][373]OBJ SavePackage: Finished generating thumbnails for package [/Game/Interface/GamePlayMenu]
[2019.01.15-16.59.58:386][373]LogSavePackage: Moving 'C:/Users/happy/OneDrive/Рабочий стол/SECOND-SHIT-GAME/Saved/GamePlayMenu_Auto2DC0E8013413A656C85AE6A8BC261EE95.tmp' to 'C:/Users/happy/OneDrive/Рабочий стол/SECOND-SHIT-GAME/Saved/Autosaves/Game/Interface/GamePlayMenu_Auto2.uasset'
[2019.01.15-16.59.58:389][373]LogFileHelpers: Auto-saving content packages took 0.042
[2019.01.15-17.00.37:558][797]LogSlate: Window 'Change Variable Type' being destroyed
[2019.01.15-17.00.37:573][797]LogSlate: FSceneViewport::OnFocusLost() reason 2
[2019.01.15-17.00.39:583][919]LogSlate: Window 'Find in Blueprints' being destroyed
[2019.01.15-17.00.39:588][919]LogSlate: Window 'Find in Blueprints' being destroyed
[2019.01.15-17.00.41:633][ 55]LogSlate: FSceneViewport::OnFocusLost() reason 0
[2019.01.15-17.03.41:117][196]LogSlate: FSceneViewport::OnFocusLost() reason 0
[2019.01.15-17.04.12:944][312]LogSlate: Window 'Size Map' being destroyed
[2019.01.15-17.04.12:948][312]LogSlate: Window 'Size Map' being destroyed
[2019.01.15-17.04.37:752][162]LogSlate: Window 'Reference Viewer' being destroyed
[2019.01.15-17.04.37:756][162]LogSlate: Window 'Reference Viewer' being destroyed
[2019.01.15-17.04.57:012][186]LogSlate: Window 'Delete Assets' being destroyed
[2019.01.15-17.06.58:741][921]BlueprintLog: New page: Compile GameplayMenu
[2019.01.15-17.06.58:759][921]LogBlueprint: Warning: [Compiler GameplayMenu] Set NewVar_0  was pruned because its Exec pin is not connected, the connected value is not available and will instead be read as default
[2019.01.15-17.06.58:760][921]LogBlueprint: Error: [Compiler GameplayMenu] The current value of the ' Target Array generated from expanding ForEachLoop ' pin is invalid: Array inputs (like 'Target Array') must have an input wired into them (try connecting a MakeArray node).
[2019.01.15-17.06.58:761][921]LogClass: Warning: Array Inner Type mismatch in NewVar_0 of NewVar_0 - Previous (BoolProperty) Current(ObjectProperty) for package:  FObjectReader
[2019.01.15-17.06.58:853][921]LogBlueprint: Warning: [Compiler GameplayMenu] [6849,96] Compile of GameplayMenu failed. 1 Fatal Issue(s) 1 Warning(s) [in 112 ms] (/Game/Interface/GamePlayMenu.GameplayMenu)
[2019.01.15-17.07.03:376][207]BlueprintLog: New page: Compile GameplayMenu
[2019.01.15-17.07.03:393][207]LogBlueprint: Error: [Compiler GameplayMenu] The type of  Array  is undetermined.  Connect something to  ForEachLoop  to imply a specific type.
[2019.01.15-17.07.03:393][207]LogBlueprint: Error: [Compiler GameplayMenu] The type of  Target Array generated from expanding ForEachLoop  is undetermined.  Connect something to  Length generated from expanding ForEachLoop  to imply a specific type.
[2019.01.15-17.07.03:493][207]LogBlueprint: Warning: [Compiler GameplayMenu] [6854,60] Compile of GameplayMenu failed. 2 Fatal Issue(s) 0 Warning(s) [in 117 ms] (/Game/Interface/GamePlayMenu.GameplayMenu)
[2019.01.15-17.07.40:145][554]LogSlate: Window 'Change Variable Type' being destroyed
[2019.01.15-17.07.42:239][677]LogSlate: Window 'Find in Blueprints' being destroyed
[2019.01.15-17.07.42:245][677]LogSlate: Window 'Find in Blueprints' being destroyed
[2019.01.15-17.07.52:931][349]BlueprintLog: New page: Compile GameplayMenu
[2019.01.15-17.08.37:931][327]BlueprintLog: New page: Compile GameplayMenu
[2019.01.15-17.08.42:133][622]LogTemp: Repeating last play command: Selected Viewport
[2019.01.15-17.08.42:153][622]LogBlueprintUserMessages: Early PlayInEditor Detection: Level '/Game/Maps/MainMenu.MainMenu:PersistentLevel' has LevelScriptBlueprint '/Game/Maps/MainMenu.MainMenu:PersistentLevel.MainMenu' with GeneratedClass '/Game/Maps/MainMenu.MainMenu_C' with ClassGeneratedBy '/Game/Maps/MainMenu.MainMenu:PersistentLevel.MainMenu'
[2019.01.15-17.08.42:153][622]LogPlayLevel: PlayLevel: No blueprints needed recompiling
[2019.01.15-17.08.42:153][622]PIE: New page: PIE session: MainMenu (15 янв. 2019 г., 23:08:42)
[2019.01.15-17.08.42:154][622]LogPlayLevel: Creating play world package: /Game/Maps/UEDPIE_0_MainMenu
[2019.01.15-17.08.42:156][622]LogPlayLevel: PIE: StaticDuplicateObject took: (0.002434s)
[2019.01.15-17.08.42:157][622]LogAIModule: Creating AISystem for world MainMenu
[2019.01.15-17.08.42:157][622]LogPlayLevel: PIE: World Init took: (0.000718s)
[2019.01.15-17.08.42:157][622]LogPlayLevel: PIE: Created PIE world by copying editor world from /Game/Maps/MainMenu.MainMenu to /Game/Maps/UEDPIE_0_MainMenu.MainMenu (0.003266s)
[2019.01.15-17.08.42:279][622]LogInit: XAudio2 using 'Наушники (Устройство с поддержкой High Definition Audio)' : 2 channels at 48 kHz using 16 bits per sample (channel mask 0x3)
[2019.01.15-17.08.42:293][622]LogInit: FAudioDevice initialized.
[2019.01.15-17.08.42:330][622]LogLoad: Game class is 'MainGameMode_C'
[2019.01.15-17.08.42:331][622]LogWorld: Bringing World /Game/Maps/UEDPIE_0_MainMenu.MainMenu up for play (max tick rate 0) at 2019.01.15-20.08.42
[2019.01.15-17.08.42:331][622]LogWorld: Bringing up level for play took: 0.000819
[2019.01.15-17.08.42:345][622]LogPlayerController: Error: InputMode:UIOnly - Attempting to focus Non-Focusable widget SObjectWidget [Widget.cpp(710)]!
[2019.01.15-17.08.42:345][622]PIE: Play in editor start time for /Game/Maps/UEDPIE_0_MainMenu 0,123
[2019.01.15-17.08.42:345][622]LogBlueprintUserMessages: Late PlayInEditor Detection: Level '/Game/Maps/MainMenu.MainMenu:PersistentLevel' has LevelScriptBlueprint '/Game/Maps/MainMenu.MainMenu:PersistentLevel.MainMenu' with GeneratedClass '/Game/Maps/MainMenu.MainMenu_C' with ClassGeneratedBy '/Game/Maps/MainMenu.MainMenu:PersistentLevel.MainMenu'
[2019.01.15-17.08.43:384][744]LogSlate: FSceneViewport::OnFocusLost() reason 0
[2019.01.15-17.08.43:469][754]LogNet: Browse: /Game/Maps/MainWorld
[2019.01.15-17.08.43:469][754]LogLoad: LoadMap: /Game/Maps/MainWorld
[2019.01.15-17.08.43:577][754]LogAIModule: Creating AISystem for world MainWorld
[2019.01.15-17.08.43:578][754]LogLoad: Game class is 'MainGameMode_C'
[2019.01.15-17.08.43:579][754]LogWorld: Bringing World /Game/Maps/UEDPIE_0_MainWorld.MainWorld up for play (max tick rate 0) at 2019.01.15-20.08.43
[2019.01.15-17.08.43:579][754]LogWorld: Bringing up level for play took: 0.000757
[2019.01.15-17.08.43:581][754]LogPlayerController: Error: InputMode:UIOnly - Attempting to focus Non-Focusable widget SObjectWidget [Widget.cpp(710)]!
[2019.01.15-17.08.43:581][754]LogLoad: Took 0.111913 seconds to LoadMap(/Game/Maps/MainWorld)
[2019.01.15-17.08.44:536][867]LogSlate: FSceneViewport::OnFocusLost() reason 0
[2019.01.15-17.09.01:201][595]LogBlueprintUserMessages: Early EndPlayMap Detection: Level '/Game/Maps/MainMenu.MainMenu:PersistentLevel' has LevelScriptBlueprint '/Game/Maps/MainMenu.MainMenu:PersistentLevel.MainMenu' with GeneratedClass '/Game/Maps/MainMenu.MainMenu_C' with ClassGeneratedBy '/Game/Maps/MainMenu.MainMenu:PersistentLevel.MainMenu'
[2019.01.15-17.09.01:201][595]LogSlate: Updating window title bar state: overlay mode, drag disabled, window buttons hidden, title bar hidden
[2019.01.15-17.09.01:238][595]LogPlayLevel: Display: Shutting down PIE online subsystems
[2019.01.15-17.09.01:238][595]LogBlueprintUserMessages: Late EndPlayMap Detection: Level '/Game/Maps/MainMenu.MainMenu:PersistentLevel' has LevelScriptBlueprint '/Game/Maps/MainMenu.MainMenu:PersistentLevel.MainMenu' with GeneratedClass '/Game/Maps/MainMenu.MainMenu_C' with ClassGeneratedBy '/Game/Maps/MainMenu.MainMenu:PersistentLevel.MainMenu'
[2019.01.15-17.09.01:335][595]LogSlate: Updating window title bar state: overlay mode, drag disabled, window buttons hidden, title bar hidden
[2019.01.15-17.09.01:353][596]LogPlayLevel: Display: Destroying online subsystem :Context_7
[2019.01.15-17.09.08:257][ 15]LogSlate: Took 0.063024 seconds to synchronously load lazily loaded font '../../../Engine/Content/Slate/Fonts/DroidSansFallback.ttf' (3848K)
[2019.01.15-17.10.45:042][748]BlueprintLog: New page: Compile GameplayMenu
[2019.01.15-17.10.48:267][  9]LogTemp: Repeating last play command: Selected Viewport
[2019.01.15-17.10.48:293][  9]LogBlueprintUserMessages: Early PlayInEditor Detection: Level '/Game/Maps/MainMenu.MainMenu:PersistentLevel' has LevelScriptBlueprint '/Game/Maps/MainMenu.MainMenu:PersistentLevel.MainMenu' with GeneratedClass '/Game/Maps/MainMenu.MainMenu_C' with ClassGeneratedBy '/Game/Maps/MainMenu.MainMenu:PersistentLevel.MainMenu'
[2019.01.15-17.10.48:293][  9]LogPlayLevel: PlayLevel: No blueprints needed recompiling
[2019.01.15-17.10.48:294][  9]PIE: New page: PIE session: MainMenu (15 янв. 2019 г., 23:10:48)
[2019.01.15-17.10.48:294][  9]LogPlayLevel: Creating play world package: /Game/Maps/UEDPIE_0_MainMenu
[2019.01.15-17.10.48:296][  9]LogPlayLevel: PIE: StaticDuplicateObject took: (0.002436s)
[2019.01.15-17.10.48:297][  9]LogAIModule: Creating AISystem for world MainMenu
[2019.01.15-17.10.48:297][  9]LogPlayLevel: PIE: World Init took: (0.000653s)
[2019.01.15-17.10.48:297][  9]LogPlayLevel: PIE: Created PIE world by copying editor world from /Game/Maps/MainMenu.MainMenu to /Game/Maps/UEDPIE_0_MainMenu.MainMenu (0.003201s)
[2019.01.15-17.10.48:409][  9]LogInit: XAudio2 using 'Наушники (Устройство с поддержкой High Definition Audio)' : 2 channels at 48 kHz using 16 bits per sample (channel mask 0x3)
[2019.01.15-17.10.48:421][  9]LogInit: FAudioDevice initialized.
[2019.01.15-17.10.48:454][  9]LogLoad: Game class is 'MainGameMode_C'
[2019.01.15-17.10.48:456][  9]LogWorld: Bringing World /Game/Maps/UEDPIE_0_MainMenu.MainMenu up for play (max tick rate 0) at 2019.01.15-20.10.48
[2019.01.15-17.10.48:456][  9]LogWorld: Bringing up level for play took: 0.000595
[2019.01.15-17.10.48:470][  9]LogPlayerController: Error: InputMode:UIOnly - Attempting to focus Non-Focusable widget SObjectWidget [Widget.cpp(710)]!
[2019.01.15-17.10.48:470][  9]PIE: Play in editor start time for /Game/Maps/UEDPIE_0_MainMenu 0,248
[2019.01.15-17.10.48:470][  9]LogBlueprintUserMessages: Late PlayInEditor Detection: Level '/Game/Maps/MainMenu.MainMenu:PersistentLevel' has LevelScriptBlueprint '/Game/Maps/MainMenu.MainMenu:PersistentLevel.MainMenu' with GeneratedClass '/Game/Maps/MainMenu.MainMenu_C' with ClassGeneratedBy '/Game/Maps/MainMenu.MainMenu:PersistentLevel.MainMenu'
[2019.01.15-17.10.49:059][ 78]LogSlate: FSceneViewport::OnFocusLost() reason 0
[2019.01.15-17.10.49:159][ 90]LogNet: Browse: /Game/Maps/MainWorld
[2019.01.15-17.10.49:159][ 90]LogLoad: LoadMap: /Game/Maps/MainWorld
[2019.01.15-17.10.49:275][ 90]LogAIModule: Creating AISystem for world MainWorld
[2019.01.15-17.10.49:276][ 90]LogLoad: Game class is 'MainGameMode_C'
[2019.01.15-17.10.49:277][ 90]LogWorld: Bringing World /Game/Maps/UEDPIE_0_MainWorld.MainWorld up for play (max tick rate 0) at 2019.01.15-20.10.49
[2019.01.15-17.10.49:277][ 90]LogWorld: Bringing up level for play took: 0.000852
[2019.01.15-17.10.49:279][ 90]LogPlayerController: Error: InputMode:UIOnly - Attempting to focus Non-Focusable widget SObjectWidget [Widget.cpp(710)]!
[2019.01.15-17.10.49:279][ 90]LogLoad: Took 0.119661 seconds to LoadMap(/Game/Maps/MainWorld)
[2019.01.15-17.10.50:420][223]LogSlate: FSceneViewport::OnFocusLost() reason 0
[2019.01.15-17.11.02:099][617]LogBlueprintUserMessages: Early EndPlayMap Detection: Level '/Game/Maps/MainMenu.MainMenu:PersistentLevel' has LevelScriptBlueprint '/Game/Maps/MainMenu.MainMenu:PersistentLevel.MainMenu' with GeneratedClass '/Game/Maps/MainMenu.MainMenu_C' with ClassGeneratedBy '/Game/Maps/MainMenu.MainMenu:PersistentLevel.MainMenu'
[2019.01.15-17.11.02:099][617]LogSlate: Updating window title bar state: overlay mode, drag disabled, window buttons hidden, title bar hidden
[2019.01.15-17.11.02:133][617]LogPlayLevel: Display: Shutting down PIE online subsystems
[2019.01.15-17.11.02:133][617]LogBlueprintUserMessages: Late EndPlayMap Detection: Level '/Game/Maps/MainMenu.MainMenu:PersistentLevel' has LevelScriptBlueprint '/Game/Maps/MainMenu.MainMenu:PersistentLevel.MainMenu' with GeneratedClass '/Game/Maps/MainMenu.MainMenu_C' with ClassGeneratedBy '/Game/Maps/MainMenu.MainMenu:PersistentLevel.MainMenu'
[2019.01.15-17.11.02:213][617]LogSlate: Updating window title bar state: overlay mode, drag disabled, window buttons hidden, title bar hidden
[2019.01.15-17.11.02:233][618]LogPlayLevel: Display: Destroying online subsystem :Context_8
[2019.01.15-17.15.06:232][183]LogFileHelpers: Editor autosave (incl. sublevels) for '/Game/Maps/MainMenu' took 0.087
[2019.01.15-17.15.06:236][183]OBJ SavePackage: Generating thumbnails for [0] asset(s) in package [/Game/Interface/GamePlayMenu] ([1] browsable assets)...
[2019.01.15-17.15.06:236][183]OBJ SavePackage: Finished generating thumbnails for package [/Game/Interface/GamePlayMenu]
[2019.01.15-17.15.06:283][183]LogSavePackage: Moving 'C:/Users/happy/OneDrive/Рабочий стол/SECOND-SHIT-GAME/Saved/GamePlayMenu_Auto3D60E9D23480FC6094356E5910EE1F2C6.tmp' to 'C:/Users/happy/OneDrive/Рабочий стол/SECOND-SHIT-GAME/Saved/Autosaves/Game/Interface/GamePlayMenu_Auto3.uasset'
[2019.01.15-17.15.06:285][183]LogFileHelpers: Auto-saving content packages took 0.050
[2019.01.15-17.15.12:275][202]LogWindowsTextInputMethodSystem: Display: IME system now deactivated.
[2019.01.15-17.15.12:275][202]LogWindowsTextInputMethodSystem: Display: IME system now deactivated.
[2019.01.15-17.15.24:041][630]LogWindowsTextInputMethodSystem: Display: IME system now deactivated.
[2019.01.15-17.15.24:042][630]LogWindowsTextInputMethodSystem: Display: IME system now deactivated.
[2019.01.15-17.19.12:410][720]BlueprintLog: New page: Compile GameplayMenu
[2019.01.15-17.19.19:422][143]BlueprintLog: New page: Compile GameplayMenu
[2019.01.15-17.19.25:048][316]LogTemp: Repeating last play command: Selected Viewport
[2019.01.15-17.19.25:069][316]LogBlueprintUserMessages: Early PlayInEditor Detection: Level '/Game/Maps/MainMenu.MainMenu:PersistentLevel' has LevelScriptBlueprint '/Game/Maps/MainMenu.MainMenu:PersistentLevel.MainMenu' with GeneratedClass '/Game/Maps/MainMenu.MainMenu_C' with ClassGeneratedBy '/Game/Maps/MainMenu.MainMenu:PersistentLevel.MainMenu'
[2019.01.15-17.19.25:070][316]LogPlayLevel: PlayLevel: No blueprints needed recompiling
[2019.01.15-17.19.25:070][316]PIE: New page: PIE session: MainMenu (15 янв. 2019 г., 23:19:25)
[2019.01.15-17.19.25:070][316]LogPlayLevel: Creating play world package: /Game/Maps/UEDPIE_0_MainMenu
[2019.01.15-17.19.25:072][316]LogPlayLevel: PIE: StaticDuplicateObject took: (0.002561s)
[2019.01.15-17.19.25:073][316]LogAIModule: Creating AISystem for world MainMenu
[2019.01.15-17.19.25:073][316]LogPlayLevel: PIE: World Init took: (0.000764s)
[2019.01.15-17.19.25:073][316]LogPlayLevel: PIE: Created PIE world by copying editor world from /Game/Maps/MainMenu.MainMenu to /Game/Maps/UEDPIE_0_MainMenu.MainMenu (0.003437s)
[2019.01.15-17.19.25:177][316]LogInit: XAudio2 using 'Наушники (Устройство с поддержкой High Definition Audio)' : 2 channels at 48 kHz using 16 bits per sample (channel mask 0x3)
[2019.01.15-17.19.25:190][316]LogInit: FAudioDevice initialized.
[2019.01.15-17.19.25:222][316]LogLoad: Game class is 'MainGameMode_C'
[2019.01.15-17.19.25:223][316]LogWorld: Bringing World /Game/Maps/UEDPIE_0_MainMenu.MainMenu up for play (max tick rate 0) at 2019.01.15-20.19.25
[2019.01.15-17.19.25:224][316]LogWorld: Bringing up level for play took: 0.001302
[2019.01.15-17.19.25:239][316]LogPlayerController: Error: InputMode:UIOnly - Attempting to focus Non-Focusable widget SObjectWidget [Widget.cpp(710)]!
[2019.01.15-17.19.25:239][316]PIE: Play in editor start time for /Game/Maps/UEDPIE_0_MainMenu 1,017
[2019.01.15-17.19.25:239][316]LogBlueprintUserMessages: Late PlayInEditor Detection: Level '/Game/Maps/MainMenu.MainMenu:PersistentLevel' has LevelScriptBlueprint '/Game/Maps/MainMenu.MainMenu:PersistentLevel.MainMenu' with GeneratedClass '/Game/Maps/MainMenu.MainMenu_C' with ClassGeneratedBy '/Game/Maps/MainMenu.MainMenu:PersistentLevel.MainMenu'
[2019.01.15-17.19.26:622][473]LogSlate: FSceneViewport::OnFocusLost() reason 0
[2019.01.15-17.19.26:715][484]LogNet: Browse: /Game/Maps/MainWorld
[2019.01.15-17.19.26:715][484]LogLoad: LoadMap: /Game/Maps/MainWorld
[2019.01.15-17.19.26:835][484]LogAIModule: Creating AISystem for world MainWorld
[2019.01.15-17.19.26:835][484]LogLoad: Game class is 'MainGameMode_C'
[2019.01.15-17.19.26:837][484]LogWorld: Bringing World /Game/Maps/UEDPIE_0_MainWorld.MainWorld up for play (max tick rate 0) at 2019.01.15-20.19.26
[2019.01.15-17.19.26:837][484]LogWorld: Bringing up level for play took: 0.001155
[2019.01.15-17.19.26:839][484]LogPlayerController: Error: InputMode:UIOnly - Attempting to focus Non-Focusable widget SObjectWidget [Widget.cpp(710)]!
[2019.01.15-17.19.26:839][484]LogLoad: Took 0.124323 seconds to LoadMap(/Game/Maps/MainWorld)
[2019.01.15-17.19.27:353][544]LogSlate: FSceneViewport::OnFocusLost() reason 0
[2019.01.15-17.19.45:934][768]LogBlueprintUserMessages: Early EndPlayMap Detection: Level '/Game/Maps/MainMenu.MainMenu:PersistentLevel' has LevelScriptBlueprint '/Game/Maps/MainMenu.MainMenu:PersistentLevel.MainMenu' with GeneratedClass '/Game/Maps/MainMenu.MainMenu_C' with ClassGeneratedBy '/Game/Maps/MainMenu.MainMenu:PersistentLevel.MainMenu'
[2019.01.15-17.19.45:934][768]LogSlate: Updating window title bar state: overlay mode, drag disabled, window buttons hidden, title bar hidden
[2019.01.15-17.19.45:972][768]LogPlayLevel: Display: Shutting down PIE online subsystems
[2019.01.15-17.19.45:973][768]LogBlueprintUserMessages: Late EndPlayMap Detection: Level '/Game/Maps/MainMenu.MainMenu:PersistentLevel' has LevelScriptBlueprint '/Game/Maps/MainMenu.MainMenu:PersistentLevel.MainMenu' with GeneratedClass '/Game/Maps/MainMenu.MainMenu_C' with ClassGeneratedBy '/Game/Maps/MainMenu.MainMenu:PersistentLevel.MainMenu'
[2019.01.15-17.19.46:061][768]LogSlate: Updating window title bar state: overlay mode, drag disabled, window buttons hidden, title bar hidden
[2019.01.15-17.19.46:273][769]LogPlayLevel: Display: Destroying online subsystem :Context_9
[2019.01.15-17.20.31:764][769]BlueprintLog: New page: Compile GameplayMenu
[2019.01.15-17.20.40:571][400]LogTemp: Repeating last play command: Selected Viewport
[2019.01.15-17.20.40:592][400]LogBlueprintUserMessages: Early PlayInEditor Detection: Level '/Game/Maps/MainMenu.MainMenu:PersistentLevel' has LevelScriptBlueprint '/Game/Maps/MainMenu.MainMenu:PersistentLevel.MainMenu' with GeneratedClass '/Game/Maps/MainMenu.MainMenu_C' with ClassGeneratedBy '/Game/Maps/MainMenu.MainMenu:PersistentLevel.MainMenu'
[2019.01.15-17.20.40:592][400]LogPlayLevel: PlayLevel: No blueprints needed recompiling
[2019.01.15-17.20.40:592][400]PIE: New page: PIE session: MainMenu (15 янв. 2019 г., 23:20:40)
[2019.01.15-17.20.40:592][400]LogPlayLevel: Creating play world package: /Game/Maps/UEDPIE_0_MainMenu
[2019.01.15-17.20.40:594][400]LogPlayLevel: PIE: StaticDuplicateObject took: (0.002406s)
[2019.01.15-17.20.40:595][400]LogAIModule: Creating AISystem for world MainMenu
[2019.01.15-17.20.40:595][400]LogPlayLevel: PIE: World Init took: (0.000605s)
[2019.01.15-17.20.40:595][400]LogPlayLevel: PIE: Created PIE world by copying editor world from /Game/Maps/MainMenu.MainMenu to /Game/Maps/UEDPIE_0_MainMenu.MainMenu (0.003124s)
[2019.01.15-17.20.40:707][400]LogInit: XAudio2 using 'Наушники (Устройство с поддержкой High Definition Audio)' : 2 channels at 48 kHz using 16 bits per sample (channel mask 0x3)
[2019.01.15-17.20.40:719][400]LogInit: FAudioDevice initialized.
[2019.01.15-17.20.40:751][400]LogLoad: Game class is 'MainGameMode_C'
[2019.01.15-17.20.40:752][400]LogWorld: Bringing World /Game/Maps/UEDPIE_0_MainMenu.MainMenu up for play (max tick rate 0) at 2019.01.15-20.20.40
[2019.01.15-17.20.40:752][400]LogWorld: Bringing up level for play took: 0.000666
[2019.01.15-17.20.40:766][400]LogPlayerController: Error: InputMode:UIOnly - Attempting to focus Non-Focusable widget SObjectWidget [Widget.cpp(710)]!
[2019.01.15-17.20.40:766][400]PIE: Play in editor start time for /Game/Maps/UEDPIE_0_MainMenu 0,543
[2019.01.15-17.20.40:766][400]LogBlueprintUserMessages: Late PlayInEditor Detection: Level '/Game/Maps/MainMenu.MainMenu:PersistentLevel' has LevelScriptBlueprint '/Game/Maps/MainMenu.MainMenu:PersistentLevel.MainMenu' with GeneratedClass '/Game/Maps/MainMenu.MainMenu_C' with ClassGeneratedBy '/Game/Maps/MainMenu.MainMenu:PersistentLevel.MainMenu'
[2019.01.15-17.20.41:680][506]LogSlate: FSceneViewport::OnFocusLost() reason 0
[2019.01.15-17.20.41:764][516]LogNet: Browse: /Game/Maps/MainWorld
[2019.01.15-17.20.41:764][516]LogLoad: LoadMap: /Game/Maps/MainWorld
[2019.01.15-17.20.41:880][516]LogAIModule: Creating AISystem for world MainWorld
[2019.01.15-17.20.41:880][516]LogLoad: Game class is 'MainGameMode_C'
[2019.01.15-17.20.41:882][516]LogWorld: Bringing World /Game/Maps/UEDPIE_0_MainWorld.MainWorld up for play (max tick rate 0) at 2019.01.15-20.20.41
[2019.01.15-17.20.41:882][516]LogWorld: Bringing up level for play took: 0.000791
[2019.01.15-17.20.41:883][516]LogPlayerController: Error: InputMode:UIOnly - Attempting to focus Non-Focusable widget SObjectWidget [Widget.cpp(710)]!
[2019.01.15-17.20.41:883][516]LogLoad: Took 0.119177 seconds to LoadMap(/Game/Maps/MainWorld)
[2019.01.15-17.20.42:462][584]LogSlate: FSceneViewport::OnFocusLost() reason 0
[2019.01.15-17.20.42:537][593]LogBlueprintUserMessages: [GameplayMenu_C_0] 0
[2019.01.15-17.20.51:601][667]LogBlueprintUserMessages: [GameplayMenu_C_0] 1
[2019.01.15-17.20.58:667][507]LogBlueprintUserMessages: Early EndPlayMap Detection: Level '/Game/Maps/MainMenu.MainMenu:PersistentLevel' has LevelScriptBlueprint '/Game/Maps/MainMenu.MainMenu:PersistentLevel.MainMenu' with GeneratedClass '/Game/Maps/MainMenu.MainMenu_C' with ClassGeneratedBy '/Game/Maps/MainMenu.MainMenu:PersistentLevel.MainMenu'
[2019.01.15-17.20.58:668][507]LogSlate: Updating window title bar state: overlay mode, drag disabled, window buttons hidden, title bar hidden
[2019.01.15-17.20.58:703][507]LogPlayLevel: Display: Shutting down PIE online subsystems
[2019.01.15-17.20.58:704][507]LogBlueprintUserMessages: Late EndPlayMap Detection: Level '/Game/Maps/MainMenu.MainMenu:PersistentLevel' has LevelScriptBlueprint '/Game/Maps/MainMenu.MainMenu:PersistentLevel.MainMenu' with GeneratedClass '/Game/Maps/MainMenu.MainMenu_C' with ClassGeneratedBy '/Game/Maps/MainMenu.MainMenu:PersistentLevel.MainMenu'
[2019.01.15-17.20.58:798][507]LogSlate: Updating window title bar state: overlay mode, drag disabled, window buttons hidden, title bar hidden
[2019.01.15-17.20.58:818][508]LogPlayLevel: Display: Destroying online subsystem :Context_10
[2019.01.15-17.23.10:880][909]LogWindowsTextInputMethodSystem: Display: IME system now deactivated.
[2019.01.15-17.23.10:881][909]LogWindowsTextInputMethodSystem: Display: IME system now deactivated.
[2019.01.15-17.27.06:469][657]LogWindowsTextInputMethodSystem: Display: IME system now deactivated.
[2019.01.15-17.27.06:469][657]LogWindowsTextInputMethodSystem: Display: IME system now deactivated.
[2019.01.15-17.27.23:561][959]BlueprintLog: New page: Compile GameplayMenu
[2019.01.15-17.29.19:625][751]BlueprintLog: New page: Compile GameplayMenu
[2019.01.15-17.30.23:876][563]LogEditorTransaction: Undo Move Nodes
[2019.01.15-17.30.25:509][680]LogEditorTransaction: Undo Move Node
[2019.01.15-17.30.25:992][715]LogEditorTransaction: Undo Create Reroute Node
[2019.01.15-17.30.26:482][750]LogEditorTransaction: Undo Move Node
[2019.01.15-17.30.27:530][827]LogEditorTransaction: Undo Move Node
[2019.01.15-17.30.28:336][886]LogEditorTransaction: Undo Move Node
[2019.01.15-17.30.28:914][929]LogEditorTransaction: Undo Create Reroute Node
[2019.01.15-17.30.29:363][962]LogEditorTransaction: Undo Move Node
[2019.01.15-17.30.29:918][  3]LogEditorTransaction: Undo Create Reroute Node
[2019.01.15-17.31.05:617][708]LogEditorTransaction: Undo Move Node
[2019.01.15-17.31.06:293][751]LogEditorTransaction: Undo Create Reroute Node
[2019.01.15-17.31.49:646][ 35]LogEditorTransaction: Undo Move Node
[2019.01.15-17.31.50:501][ 90]LogEditorTransaction: Undo Create Reroute Node
[2019.01.15-17.32.02:507][990]LogEditorTransaction: Undo Move Node
[2019.01.15-17.32.02:983][ 18]LogEditorTransaction: Undo Create Reroute Node
[2019.01.15-17.32.03:709][ 72]LogEditorTransaction: Undo Create Reroute Node
[2019.01.15-17.32.19:517][213]BlueprintLog: New page: Compile GameplayMenu
[2019.01.15-17.32.29:994][924]BlueprintLog: New page: Compile GameplayMenu
[2019.01.15-17.32.32:242][110]LogTemp: Repeating last play command: Selected Viewport
[2019.01.15-17.32.32:263][110]LogBlueprintUserMessages: Early PlayInEditor Detection: Level '/Game/Maps/MainMenu.MainMenu:PersistentLevel' has LevelScriptBlueprint '/Game/Maps/MainMenu.MainMenu:PersistentLevel.MainMenu' with GeneratedClass '/Game/Maps/MainMenu.MainMenu_C' with ClassGeneratedBy '/Game/Maps/MainMenu.MainMenu:PersistentLevel.MainMenu'
[2019.01.15-17.32.32:263][110]LogPlayLevel: PlayLevel: No blueprints needed recompiling
[2019.01.15-17.32.32:263][110]PIE: New page: PIE session: MainMenu (15 янв. 2019 г., 23:32:32)
[2019.01.15-17.32.32:263][110]LogPlayLevel: Creating play world package: /Game/Maps/UEDPIE_0_MainMenu
[2019.01.15-17.32.32:266][110]LogPlayLevel: PIE: StaticDuplicateObject took: (0.002649s)
[2019.01.15-17.32.32:266][110]LogAIModule: Creating AISystem for world MainMenu
[2019.01.15-17.32.32:267][110]LogPlayLevel: PIE: World Init took: (0.000670s)
[2019.01.15-17.32.32:267][110]LogPlayLevel: PIE: Created PIE world by copying editor world from /Game/Maps/MainMenu.MainMenu to /Game/Maps/UEDPIE_0_MainMenu.MainMenu (0.003433s)
[2019.01.15-17.32.32:381][110]LogInit: XAudio2 using 'Наушники (Устройство с поддержкой High Definition Audio)' : 2 channels at 48 kHz using 16 bits per sample (channel mask 0x3)
[2019.01.15-17.32.32:393][110]LogInit: FAudioDevice initialized.
[2019.01.15-17.32.32:427][110]LogLoad: Game class is 'MainGameMode_C'
[2019.01.15-17.32.32:429][110]LogWorld: Bringing World /Game/Maps/UEDPIE_0_MainMenu.MainMenu up for play (max tick rate 0) at 2019.01.15-20.32.32
[2019.01.15-17.32.32:429][110]LogWorld: Bringing up level for play took: 0.000694
[2019.01.15-17.32.32:443][110]LogPlayerController: Error: InputMode:UIOnly - Attempting to focus Non-Focusable widget SObjectWidget [Widget.cpp(710)]!
[2019.01.15-17.32.32:443][110]PIE: Play in editor start time for /Game/Maps/UEDPIE_0_MainMenu 0,22
[2019.01.15-17.32.32:444][110]LogBlueprintUserMessages: Late PlayInEditor Detection: Level '/Game/Maps/MainMenu.MainMenu:PersistentLevel' has LevelScriptBlueprint '/Game/Maps/MainMenu.MainMenu:PersistentLevel.MainMenu' with GeneratedClass '/Game/Maps/MainMenu.MainMenu_C' with ClassGeneratedBy '/Game/Maps/MainMenu.MainMenu:PersistentLevel.MainMenu'
[2019.01.15-17.32.33:495][233]LogSlate: FSceneViewport::OnFocusLost() reason 0
[2019.01.15-17.32.33:596][245]LogNet: Browse: /Game/Maps/MainWorld
[2019.01.15-17.32.33:596][245]LogLoad: LoadMap: /Game/Maps/MainWorld
[2019.01.15-17.32.33:710][245]LogAIModule: Creating AISystem for world MainWorld
[2019.01.15-17.32.33:710][245]LogLoad: Game class is 'MainGameMode_C'
[2019.01.15-17.32.33:711][245]LogWorld: Bringing World /Game/Maps/UEDPIE_0_MainWorld.MainWorld up for play (max tick rate 0) at 2019.01.15-20.32.33
[2019.01.15-17.32.33:712][245]LogWorld: Bringing up level for play took: 0.000919
[2019.01.15-17.32.33:713][245]LogPlayerController: Error: InputMode:UIOnly - Attempting to focus Non-Focusable widget SObjectWidget [Widget.cpp(710)]!
[2019.01.15-17.32.33:713][245]LogLoad: Took 0.116920 seconds to LoadMap(/Game/Maps/MainWorld)
[2019.01.15-17.32.34:657][354]LogSlate: FSceneViewport::OnFocusLost() reason 0
[2019.01.15-17.32.52:281][168]LogScript: Warning: Script Msg: Attempted to access index 2 from array 'GamePlayWavesArray' of length 2 in '/Game/Interface/GamePlayMenu.GameplayMenu_C'!
[2019.01.15-17.32.52:281][168]LogScript: Warning: Script Msg: Attempted to access index 2 from array 'GamePlayWavesTimeArray' of length 2 in '/Game/Interface/GamePlayMenu.GameplayMenu_C'!
[2019.01.15-17.32.52:723][221]LogScript: Warning: Script Msg: Attempted to access index 3 from array 'GamePlayWavesArray' of length 2 in '/Game/Interface/GamePlayMenu.GameplayMenu_C'!
[2019.01.15-17.32.52:723][221]LogScript: Warning: Script Msg: Attempted to access index 3 from array 'GamePlayWavesTimeArray' of length 2 in '/Game/Interface/GamePlayMenu.GameplayMenu_C'!
[2019.01.15-17.32.52:890][241]LogScript: Warning: Script Msg: Attempted to access index 4 from array 'GamePlayWavesArray' of length 2 in '/Game/Interface/GamePlayMenu.GameplayMenu_C'!
[2019.01.15-17.32.52:890][241]LogScript: Warning: Script Msg: Attempted to access index 4 from array 'GamePlayWavesTimeArray' of length 2 in '/Game/Interface/GamePlayMenu.GameplayMenu_C'!
[2019.01.15-17.32.59:400][659]LogBlueprintUserMessages: Early EndPlayMap Detection: Level '/Game/Maps/MainMenu.MainMenu:PersistentLevel' has LevelScriptBlueprint '/Game/Maps/MainMenu.MainMenu:PersistentLevel.MainMenu' with GeneratedClass '/Game/Maps/MainMenu.MainMenu_C' with ClassGeneratedBy '/Game/Maps/MainMenu.MainMenu:PersistentLevel.MainMenu'
[2019.01.15-17.32.59:401][659]LogSlate: Updating window title bar state: overlay mode, drag disabled, window buttons hidden, title bar hidden
[2019.01.15-17.32.59:439][659]LogPlayLevel: Display: Shutting down PIE online subsystems
[2019.01.15-17.32.59:439][659]LogBlueprintUserMessages: Late EndPlayMap Detection: Level '/Game/Maps/MainMenu.MainMenu:PersistentLevel' has LevelScriptBlueprint '/Game/Maps/MainMenu.MainMenu:PersistentLevel.MainMenu' with GeneratedClass '/Game/Maps/MainMenu.MainMenu_C' with ClassGeneratedBy '/Game/Maps/MainMenu.MainMenu:PersistentLevel.MainMenu'
[2019.01.15-17.32.59:531][659]LogSlate: Updating window title bar state: overlay mode, drag disabled, window buttons hidden, title bar hidden
[2019.01.15-17.32.59:557][660]LogPlayLevel: Display: Destroying online subsystem :Context_11
[2019.01.15-17.33.34:757][504]LogFileHelpers: Editor autosave (incl. sublevels) for '/Game/Maps/MainMenu' took 0.083
[2019.01.15-17.33.34:762][504]OBJ SavePackage: Generating thumbnails for [0] asset(s) in package [/Game/Interface/GamePlayMenu] ([1] browsable assets)...
[2019.01.15-17.33.34:762][504]OBJ SavePackage: Finished generating thumbnails for package [/Game/Interface/GamePlayMenu]
[2019.01.15-17.33.34:869][504]LogSavePackage: Moving 'C:/Users/happy/OneDrive/Рабочий стол/SECOND-SHIT-GAME/Saved/GamePlayMenu_Auto4091CB3FE4FBB41FBF4B827A8F8B3906A.tmp' to 'C:/Users/happy/OneDrive/Рабочий стол/SECOND-SHIT-GAME/Saved/Autosaves/Game/Interface/GamePlayMenu_Auto4.uasset'
[2019.01.15-17.33.34:879][504]LogFileHelpers: Auto-saving content packages took 0.119
