Log file open, 01/11/19 22:35:37
LogWindows: Failed to load 'aqProf.dll' (GetLastError=126)
LogWindows: File 'aqProf.dll' does not exist
LogWindows: Failed to load 'VtuneApi.dll' (GetLastError=126)
LogWindows: File 'VtuneApi.dll' does not exist
LogWindows: Failed to load 'VtuneApi32e.dll' (GetLastError=126)
LogWindows: File 'VtuneApi32e.dll' does not exist
LogConsoleResponse: Display: Failed to find resolution value strings in scalability ini. Falling back to default.
LogInit: Display: Running engine for game: BP_like_away_v_0_4
LogPakFile: Registered encryption key '00000000000000000000000000000000': 0 pak files mounted, 0 remain pending
LogPlatformFile: Not using cached read wrapper
LogTaskGraph: Started task graph with 5 named threads and 14 total threads with 3 sets of task threads.
LogStats: Stats thread started at 3.640511
LogD3D11RHI: Loaded GFSDK_Aftermath_Lib.x64.dll
LogICUInternationalization: ICU TimeZone Detection - Raw Offset: +3:00, Platform Override: ''
LogPluginManager: Mounting plugin Paper2D
LogPluginManager: Mounting plugin AISupport
LogPluginManager: Mounting plugin LightPropagationVolume
LogPluginManager: Mounting plugin ActorLayerUtilities
LogPluginManager: Mounting plugin CLionSourceCodeAccess
LogPluginManager: Mounting plugin CodeLiteSourceCodeAccess
LogPluginManager: Mounting plugin GitSourceControl
LogPluginManager: Mounting plugin KDevelopSourceCodeAccess
LogPluginManager: Mounting plugin NullSourceCodeAccess
LogPluginManager: Mounting plugin PerforceSourceControl
LogPluginManager: Mounting plugin SubversionSourceControl
LogPluginManager: Mounting plugin UObjectPlugin
LogPluginManager: Mounting plugin VisualStudioCodeSourceCodeAccess
LogPluginManager: Mounting plugin VisualStudioSourceCodeAccess
LogPluginManager: Mounting plugin XCodeSourceCodeAccess
LogPluginManager: Mounting plugin AssetManagerEditor
LogPluginManager: Mounting plugin CryptoKeys
LogPluginManager: Mounting plugin DataValidation
LogPluginManager: Mounting plugin FacialAnimation
LogPluginManager: Mounting plugin GameplayTagsEditor
LogPluginManager: Mounting plugin MacGraphicsSwitching
LogPluginManager: Mounting plugin MeshEditor
LogPluginManager: Mounting plugin MobileLauncherProfileWizard
LogPluginManager: Mounting plugin PluginBrowser
LogPluginManager: Mounting plugin SpeedTreeImporter
LogPluginManager: Mounting plugin DatasmithContent
LogPluginManager: Mounting plugin VariantManagerContent
LogPluginManager: Mounting plugin AlembicImporter
LogPluginManager: Mounting plugin AppleImageUtils
LogPluginManager: Mounting plugin AppleVision
LogPluginManager: Mounting plugin BackChannel
LogPluginManager: Mounting plugin CharacterAI
LogPluginManager: Mounting plugin GeometryCache
LogPluginManager: Mounting plugin HTML5Networking
LogPluginManager: Mounting plugin ProxyLODPlugin
LogPluginManager: Mounting plugin MagicLeap
LogPluginManager: Mounting plugin MagicLeapMedia
LogPluginManager: Mounting plugin AndroidMedia
LogPluginManager: Mounting plugin AvfMedia
LogPluginManager: Mounting plugin ImgMedia
LogPluginManager: Mounting plugin LinearTimecode
LogPluginManager: Mounting plugin MediaCompositing
LogPluginManager: Mounting plugin MediaPlayerEditor
LogPluginManager: Mounting plugin WebMMedia
LogPluginManager: Mounting plugin WmfMedia
LogPluginManager: Mounting plugin TcpMessaging
LogPluginManager: Mounting plugin UdpMessaging
LogPluginManager: Mounting plugin ActorSequence
LogPluginManager: Mounting plugin LevelSequenceEditor
LogPluginManager: Mounting plugin MatineeToLevelSequence
LogPluginManager: Mounting plugin NetcodeUnitTest
LogPluginManager: Mounting plugin NUTUnrealEngine4
LogPluginManager: Mounting plugin OnlineSubsystemGooglePlay
LogPluginManager: Mounting plugin OnlineSubsystemIOS
LogPluginManager: Mounting plugin OnlineSubsystem
LogPluginManager: Mounting plugin OnlineSubsystemNull
LogPluginManager: Mounting plugin OnlineSubsystemUtils
LogPluginManager: Mounting plugin LauncherChunkInstaller
LogPluginManager: Mounting plugin AndroidDeviceProfileSelector
LogPluginManager: Mounting plugin AndroidMoviePlayer
LogPluginManager: Mounting plugin AndroidPermission
LogPluginManager: Mounting plugin AppleMoviePlayer
LogPluginManager: Mounting plugin ArchVisCharacter
LogPluginManager: Mounting plugin AudioCapture
LogPluginManager: Mounting plugin CableComponent
LogPluginManager: Mounting plugin CustomMeshComponent
LogPluginManager: Mounting plugin EditableMesh
LogPluginManager: Mounting plugin ExampleDeviceProfileSelector
LogPluginManager: Mounting plugin Firebase
LogPluginManager: Mounting plugin GoogleCloudMessaging
LogPluginManager: Mounting plugin IOSDeviceProfileSelector
LogPluginManager: Mounting plugin LinuxDeviceProfileSelector
LogPluginManager: Mounting plugin LocationServicesBPLibrary
LogPluginManager: Mounting plugin MobilePatchingUtils
LogPluginManager: Mounting plugin OculusVR
LogPluginManager: Mounting plugin PhysXVehicles
LogPluginManager: Mounting plugin ProceduralMeshComponent
LogPluginManager: Mounting plugin RuntimePhysXCooking
LogPluginManager: Mounting plugin SteamVR
LogPluginManager: Mounting plugin WebMMoviePlayer
LogPluginManager: Mounting plugin WindowsMoviePlayer
LogStreaming: Display: Took  0.360s to configure plugins.
LogInit: Using libcurl 7.55.1-DEV
LogInit:  - built for x86_64-pc-win32
LogInit:  - supports SSL with OpenSSL/1.0.2h
LogInit:  - supports HTTP deflate (compression) using libz 1.2.8
LogInit:  - other features:
LogInit:      CURL_VERSION_SSL
LogInit:      CURL_VERSION_LIBZ
LogInit:      CURL_VERSION_IPV6
LogInit:      CURL_VERSION_ASYNCHDNS
LogInit:      CURL_VERSION_LARGEFILE
LogInit:      CURL_VERSION_IDN
LogInit:  CurlRequestOptions (configurable via config and command line):
LogInit:  - bVerifyPeer = true  - Libcurl will verify peer certificate
LogInit:  - bUseHttpProxy = false  - Libcurl will NOT use HTTP proxy
LogInit:  - bDontReuseConnections = false  - Libcurl will reuse connections
LogInit:  - MaxHostConnections = 16  - Libcurl will limit the number of connections to a host
LogInit:  - LocalHostAddr = Default
LogInit:  - BufferSize = 65536
LogInit: WinSock: version 1.1 (2.2), MaxSocks=32767, MaxUdp=65467
LogInit: Build: ++UE4+Release-4.21-CL-4613538
LogInit: Engine Version: 4.21.1-4613538+++UE4+Release-4.21
LogInit: Compatible Engine Version: 4.21.0-4541578+++UE4+Release-4.21
LogInit: Net CL: 4541578
LogInit: OS: Windows 10 (), CPU: Intel(R) Core(TM) i5-4430S CPU @ 2.70GHz, GPU: Intel(R) HD Graphics 4600
LogInit: Compiled (64-bit): Nov 30 2018 04:13:25
LogInit: Compiled with Visual C++: 19.13.26129.00
LogInit: Build Configuration: Development
LogInit: Branch Name: ++UE4+Release-4.21
LogInit: Command Line: 
LogInit: Base Directory: C:/Program Files/Epic Games/UE_4.21/Engine/Binaries/Win64/
LogInit: Installed Engine Build: 1
LogDevObjectVersion: Number of dev versions registered: 22
LogDevObjectVersion:   Dev-Blueprints (B0D832E4-1F89-4F0D-ACCF-7EB736FD4AA2): 10
LogDevObjectVersion:   Dev-Build (E1C64328-A22C-4D53-A36C-8E866417BD8C): 0
LogDevObjectVersion:   Dev-Core (375EC13C-06E4-48FB-B500-84F0262A717E): 2
LogDevObjectVersion:   Dev-Editor (E4B068ED-F494-42E9-A231-DA0B2E46BB41): 26
LogDevObjectVersion:   Dev-Framework (CFFC743F-43B0-4480-9391-14DF171D2073): 34
LogDevObjectVersion:   Dev-Mobile (B02B49B5-BB20-44E9-A304-32B752E40360): 2
LogDevObjectVersion:   Dev-Networking (A4E4105C-59A1-49B5-A7C5-40C4547EDFEE): 0
LogDevObjectVersion:   Dev-Online (39C831C9-5AE6-47DC-9A44-9C173E1C8E7C): 0
LogDevObjectVersion:   Dev-Physics (78F01B33-EBEA-4F98-B9B4-84EACCB95AA2): 0
LogDevObjectVersion:   Dev-Platform (6631380F-2D4D-43E0-8009-CF276956A95A): 0
LogDevObjectVersion:   Dev-Rendering (12F88B9F-8875-4AFC-A67C-D90C383ABD29): 27
LogDevObjectVersion:   Dev-Sequencer (7B5AE74C-D270-4C10-A958-57980B212A5A): 9
LogDevObjectVersion:   Dev-VR (D7296918-1DD6-4BDD-9DE2-64A83CC13884): 2
LogDevObjectVersion:   Dev-LoadTimes (C2A15278-BFE7-4AFE-6C17-90FF531DF755): 1
LogDevObjectVersion:   Private-Geometry (6EACA3D4-40EC-4CC1-B786-8BED09428FC5): 3
LogDevObjectVersion:   Dev-AnimPhys (29E575DD-E0A3-4627-9D10-D276232CDCEA): 17
LogDevObjectVersion:   Dev-Anim (AF43A65D-7FD3-4947-9873-3E8ED9C1BB05): 2
LogDevObjectVersion:   Dev-ReflectionCapture (6B266CEC-1EC7-4B8F-A30B-E4D90942FC07): 1
LogDevObjectVersion:   Dev-Automation (0DF73D61-A23F-47EA-B727-89E90C41499A): 1
LogDevObjectVersion:   FortniteMain (601D1886-AC64-4F84-AA16-D3DE0DEAC7D6): 17
LogDevObjectVersion:   Dev-Enterprise (9DFFBCD6-494F-0158-E221-12823C92A888): 4
LogDevObjectVersion:   Dev-Niagara (F2AED0AC-9AFE-416F-8664-AA7FFA26D6FC): 1
LogStreaming: Display: Took  0.001s to delete old logs.
LogInit: Presizing for max 8388607 objects, including 0 objects not considered by GC, pre-allocating 0 bytes for permanent pool.
LogInit: Object subsystem initialized
LogConfig: Setting CVar [[con.DebugEarlyDefault:1]]
LogConfig: Setting CVar [[r.setres:1280x720]]
[2019.01.11-19.35.39:643][  0]LogConfig: Setting CVar [[r.VSync:0]]
[2019.01.11-19.35.39:643][  0]LogConfig: Setting CVar [[r.RHICmdBypass:0]]
[2019.01.11-19.35.39:643][  0]LogConfig: Applying CVar settings from Section [/Script/Engine.RendererSettings] File [C:/Users/ivan/Desktop/First-Shit-Game/Saved/Config/Windows/Engine.ini]
[2019.01.11-19.35.39:643][  0]LogConfig: Setting CVar [[r.GPUCrashDebugging:0]]
[2019.01.11-19.35.39:643][  0]LogConfig: Applying CVar settings from Section [/Script/Engine.RendererOverrideSettings] File [C:/Users/ivan/Desktop/First-Shit-Game/Saved/Config/Windows/Engine.ini]
[2019.01.11-19.35.39:643][  0]LogConfig: Applying CVar settings from Section [/Script/Engine.StreamingSettings] File [C:/Users/ivan/Desktop/First-Shit-Game/Saved/Config/Windows/Engine.ini]
[2019.01.11-19.35.39:643][  0]LogConfig: Setting CVar [[s.MinBulkDataSizeForAsyncLoading:131072]]
[2019.01.11-19.35.39:643][  0]LogConfig: Setting CVar [[s.AsyncLoadingThreadEnabled:0]]
[2019.01.11-19.35.39:644][  0]LogConfig: Setting CVar [[s.EventDrivenLoaderEnabled:1]]
[2019.01.11-19.35.39:644][  0]LogConfig: Setting CVar [[s.WarnIfTimeLimitExceeded:0]]
[2019.01.11-19.35.39:644][  0]LogConfig: Setting CVar [[s.TimeLimitExceededMultiplier:1.5]]
[2019.01.11-19.35.39:644][  0]LogConfig: Setting CVar [[s.TimeLimitExceededMinTime:0.005]]
[2019.01.11-19.35.39:644][  0]LogConfig: Setting CVar [[s.UseBackgroundLevelStreaming:1]]
[2019.01.11-19.35.39:644][  0]LogConfig: Setting CVar [[s.PriorityAsyncLoadingExtraTime:15.0]]
[2019.01.11-19.35.39:644][  0]LogConfig: Setting CVar [[s.LevelStreamingActorsUpdateTimeLimit:5.0]]
[2019.01.11-19.35.39:644][  0]LogConfig: Setting CVar [[s.PriorityLevelStreamingActorsUpdateExtraTime:5.0]]
[2019.01.11-19.35.39:644][  0]LogConfig: Setting CVar [[s.LevelStreamingComponentsRegistrationGranularity:10]]
[2019.01.11-19.35.39:644][  0]LogConfig: Setting CVar [[s.UnregisterComponentsTimeLimit:1.0]]
[2019.01.11-19.35.39:644][  0]LogConfig: Setting CVar [[s.LevelStreamingComponentsUnregistrationGranularity:5]]
[2019.01.11-19.35.39:644][  0]LogConfig: Applying CVar settings from Section [/Script/Engine.GarbageCollectionSettings] File [C:/Users/ivan/Desktop/First-Shit-Game/Saved/Config/Windows/Engine.ini]
[2019.01.11-19.35.39:644][  0]LogConfig: Setting CVar [[gc.MaxObjectsNotConsideredByGC:1]]
[2019.01.11-19.35.39:644][  0]LogConfig: Setting CVar [[gc.SizeOfPermanentObjectPool:0]]
[2019.01.11-19.35.39:644][  0]LogConfig: Setting CVar [[gc.FlushStreamingOnGC:0]]
[2019.01.11-19.35.39:644][  0]LogConfig: Setting CVar [[gc.NumRetriesBeforeForcingGC:10]]
[2019.01.11-19.35.39:644][  0]LogConfig: Setting CVar [[gc.AllowParallelGC:1]]
[2019.01.11-19.35.39:644][  0]LogConfig: Setting CVar [[gc.TimeBetweenPurgingPendingKillObjects:61.1]]
[2019.01.11-19.35.39:644][  0]LogConfig: Setting CVar [[gc.MaxObjectsInEditor:8388607]]
[2019.01.11-19.35.39:644][  0]LogConfig: Setting CVar [[gc.IncrementalBeginDestroyEnabled:1]]
[2019.01.11-19.35.39:644][  0]LogConfig: Setting CVar [[gc.CreateGCClusters:1]]
[2019.01.11-19.35.39:644][  0]LogConfig: Setting CVar [[gc.MergeGCClusters:0]]
[2019.01.11-19.35.39:644][  0]LogConfig: Setting CVar [[gc.MinGCClusterSize:5]]
[2019.01.11-19.35.39:644][  0]LogConfig: Setting CVar [[gc.ActorClusteringEnabled:0]]
[2019.01.11-19.35.39:644][  0]LogConfig: Setting CVar [[gc.BlueprintClusteringEnabled:0]]
[2019.01.11-19.35.39:644][  0]LogConfig: Setting CVar [[gc.UseDisregardForGCOnDedicatedServers:0]]
[2019.01.11-19.35.39:644][  0]LogConfig: Applying CVar settings from Section [/Script/Engine.NetworkSettings] File [C:/Users/ivan/Desktop/First-Shit-Game/Saved/Config/Windows/Engine.ini]
[2019.01.11-19.35.39:644][  0]LogConfig: Applying CVar settings from Section [/Script/UnrealEd.CookerSettings] File [C:/Users/ivan/Desktop/First-Shit-Game/Saved/Config/Windows/Engine.ini]
[2019.01.11-19.35.39:687][  0]LogConfig: Applying CVar settings from Section [ViewDistanceQuality@3] File [C:/Users/ivan/Desktop/First-Shit-Game/Saved/Config/Windows/Scalability.ini]
[2019.01.11-19.35.39:687][  0]LogConfig: Setting CVar [[r.SkeletalMeshLODBias:0]]
[2019.01.11-19.35.39:687][  0]LogConfig: Setting CVar [[r.ViewDistanceScale:1.0]]
[2019.01.11-19.35.39:687][  0]LogConfig: Applying CVar settings from Section [AntiAliasingQuality@3] File [C:/Users/ivan/Desktop/First-Shit-Game/Saved/Config/Windows/Scalability.ini]
[2019.01.11-19.35.39:687][  0]LogConfig: Setting CVar [[r.PostProcessAAQuality:4]]
[2019.01.11-19.35.39:687][  0]LogConfig: Applying CVar settings from Section [ShadowQuality@3] File [C:/Users/ivan/Desktop/First-Shit-Game/Saved/Config/Windows/Scalability.ini]
[2019.01.11-19.35.39:687][  0]LogConfig: Setting CVar [[r.LightFunctionQuality:1]]
[2019.01.11-19.35.39:687][  0]LogConfig: Setting CVar [[r.ShadowQuality:5]]
[2019.01.11-19.35.39:687][  0]LogConfig: Setting CVar [[r.Shadow.CSM.MaxCascades:10]]
[2019.01.11-19.35.39:687][  0]LogConfig: Setting CVar [[r.Shadow.MaxResolution:2048]]
[2019.01.11-19.35.39:687][  0]LogConfig: Setting CVar [[r.Shadow.MaxCSMResolution:2048]]
[2019.01.11-19.35.39:687][  0]LogConfig: Setting CVar [[r.Shadow.RadiusThreshold:0.01]]
[2019.01.11-19.35.39:687][  0]LogConfig: Setting CVar [[r.Shadow.DistanceScale:1.0]]
[2019.01.11-19.35.39:687][  0]LogConfig: Setting CVar [[r.Shadow.CSM.TransitionScale:1.0]]
[2019.01.11-19.35.39:687][  0]LogConfig: Setting CVar [[r.Shadow.PreShadowResolutionFactor:1.0]]
[2019.01.11-19.35.39:687][  0]LogConfig: Setting CVar [[r.DistanceFieldShadowing:1]]
[2019.01.11-19.35.39:687][  0]LogConfig: Setting CVar [[r.DistanceFieldAO:1]]
[2019.01.11-19.35.39:687][  0]LogConfig: Setting CVar [[r.AOQuality:2]]
[2019.01.11-19.35.39:687][  0]LogConfig: Setting CVar [[r.VolumetricFog:1]]
[2019.01.11-19.35.39:687][  0]LogConfig: Setting CVar [[r.VolumetricFog.GridPixelSize:8]]
[2019.01.11-19.35.39:687][  0]LogConfig: Setting CVar [[r.VolumetricFog.GridSizeZ:128]]
[2019.01.11-19.35.39:687][  0]LogConfig: Setting CVar [[r.VolumetricFog.HistoryMissSupersampleCount:4]]
[2019.01.11-19.35.39:687][  0]LogConfig: Setting CVar [[r.LightMaxDrawDistanceScale:1]]
[2019.01.11-19.35.39:687][  0]LogConfig: Setting CVar [[r.CapsuleShadows:1]]
[2019.01.11-19.35.39:687][  0]LogConfig: Applying CVar settings from Section [PostProcessQuality@3] File [C:/Users/ivan/Desktop/First-Shit-Game/Saved/Config/Windows/Scalability.ini]
[2019.01.11-19.35.39:687][  0]LogConfig: Setting CVar [[r.MotionBlurQuality:4]]
[2019.01.11-19.35.39:687][  0]LogConfig: Setting CVar [[r.AmbientOcclusionMipLevelFactor:0.4]]
[2019.01.11-19.35.39:687][  0]LogConfig: Setting CVar [[r.AmbientOcclusionMaxQuality:100]]
[2019.01.11-19.35.39:687][  0]LogConfig: Setting CVar [[r.AmbientOcclusionLevels:-1]]
[2019.01.11-19.35.39:687][  0]LogConfig: Setting CVar [[r.AmbientOcclusionRadiusScale:1.0]]
[2019.01.11-19.35.39:687][  0]LogConfig: Setting CVar [[r.DepthOfFieldQuality:2]]
[2019.01.11-19.35.39:687][  0]LogConfig: Setting CVar [[r.RenderTargetPoolMin:400]]
[2019.01.11-19.35.39:687][  0]LogConfig: Setting CVar [[r.LensFlareQuality:2]]
[2019.01.11-19.35.39:687][  0]LogConfig: Setting CVar [[r.SceneColorFringeQuality:1]]
[2019.01.11-19.35.39:687][  0]LogConfig: Setting CVar [[r.EyeAdaptationQuality:2]]
[2019.01.11-19.35.39:687][  0]LogConfig: Setting CVar [[r.BloomQuality:5]]
[2019.01.11-19.35.39:687][  0]LogConfig: Setting CVar [[r.FastBlurThreshold:100]]
[2019.01.11-19.35.39:687][  0]LogConfig: Setting CVar [[r.Upscale.Quality:3]]
[2019.01.11-19.35.39:687][  0]LogConfig: Setting CVar [[r.Tonemapper.GrainQuantization:1]]
[2019.01.11-19.35.39:687][  0]LogConfig: Setting CVar [[r.LightShaftQuality:1]]
[2019.01.11-19.35.39:687][  0]LogConfig: Setting CVar [[r.Filter.SizeScale:1]]
[2019.01.11-19.35.39:687][  0]LogConfig: Setting CVar [[r.Tonemapper.Quality:5]]
[2019.01.11-19.35.39:687][  0]LogConfig: Setting CVar [[r.DOF.Gather.AccumulatorQuality:1        ; higher gathering accumulator quality]]
[2019.01.11-19.35.39:687][  0]LogConfig: Setting CVar [[r.DOF.Gather.PostfilterMethod:1          ; Median3x3 postfilering method]]
[2019.01.11-19.35.39:687][  0]LogConfig: Setting CVar [[r.DOF.Gather.EnableBokehSettings:0       ; no bokeh simulation when gathering]]
[2019.01.11-19.35.39:687][  0]LogConfig: Setting CVar [[r.DOF.Gather.RingCount:4                 ; medium number of samples when gathering]]
[2019.01.11-19.35.39:687][  0]LogConfig: Setting CVar [[r.DOF.Scatter.ForegroundCompositing:1    ; additive foreground scattering]]
[2019.01.11-19.35.39:687][  0]LogConfig: Setting CVar [[r.DOF.Scatter.BackgroundCompositing:2    ; additive background scattering]]
[2019.01.11-19.35.39:687][  0]LogConfig: Setting CVar [[r.DOF.Scatter.EnableBokehSettings:1      ; bokeh simulation when scattering]]
[2019.01.11-19.35.39:687][  0]LogConfig: Setting CVar [[r.DOF.Scatter.MaxSpriteRatio:0.1         ; only a maximum of 10% of scattered bokeh]]
[2019.01.11-19.35.39:687][  0]LogConfig: Setting CVar [[r.DOF.Recombine.Quality:1                ; cheap slight out of focus]]
[2019.01.11-19.35.39:687][  0]LogConfig: Setting CVar [[r.DOF.Recombine.EnableBokehSettings:0    ; no bokeh simulation on slight out of focus]]
[2019.01.11-19.35.39:687][  0]LogConfig: Setting CVar [[r.DOF.TemporalAAQuality:1                ; more stable temporal accumulation]]
[2019.01.11-19.35.39:687][  0]LogConfig: Setting CVar [[r.DOF.Kernel.MaxForegroundRadius:0.025]]
[2019.01.11-19.35.39:687][  0]LogConfig: Setting CVar [[r.DOF.Kernel.MaxBackgroundRadius:0.025]]
[2019.01.11-19.35.39:687][  0]LogConfig: Applying CVar settings from Section [TextureQuality@3] File [C:/Users/ivan/Desktop/First-Shit-Game/Saved/Config/Windows/Scalability.ini]
[2019.01.11-19.35.39:687][  0]LogConfig: Setting CVar [[r.Streaming.MipBias:0]]
[2019.01.11-19.35.39:687][  0]LogConfig: Setting CVar [[r.Streaming.AmortizeCPUToGPUCopy:0]]
[2019.01.11-19.35.39:687][  0]LogConfig: Setting CVar [[r.Streaming.MaxNumTexturesToStreamPerFrame:0]]
[2019.01.11-19.35.39:687][  0]LogConfig: Setting CVar [[r.Streaming.Boost:1]]
[2019.01.11-19.35.39:687][  0]LogConfig: Setting CVar [[r.MaxAnisotropy:8]]
[2019.01.11-19.35.39:687][  0]LogConfig: Setting CVar [[r.Streaming.LimitPoolSizeToVRAM:0]]
[2019.01.11-19.35.39:687][  0]LogConfig: Setting CVar [[r.Streaming.PoolSize:1000]]
[2019.01.11-19.35.39:687][  0]LogConfig: Setting CVar [[r.Streaming.MaxEffectiveScreenSize:0]]
[2019.01.11-19.35.39:687][  0]LogConfig: Applying CVar settings from Section [EffectsQuality@3] File [C:/Users/ivan/Desktop/First-Shit-Game/Saved/Config/Windows/Scalability.ini]
[2019.01.11-19.35.39:687][  0]LogConfig: Setting CVar [[r.TranslucencyLightingVolumeDim:64]]
[2019.01.11-19.35.39:687][  0]LogConfig: Setting CVar [[r.RefractionQuality:2]]
[2019.01.11-19.35.39:687][  0]LogConfig: Setting CVar [[r.SSR.Quality:3]]
[2019.01.11-19.35.39:687][  0]LogConfig: Setting CVar [[r.SceneColorFormat:4]]
[2019.01.11-19.35.39:688][  0]LogConfig: Setting CVar [[r.DetailMode:2]]
[2019.01.11-19.35.39:688][  0]LogConfig: Setting CVar [[r.TranslucencyVolumeBlur:1]]
[2019.01.11-19.35.39:688][  0]LogConfig: Setting CVar [[r.MaterialQualityLevel:1 ; High quality]]
[2019.01.11-19.35.39:688][  0]LogConfig: Setting CVar [[r.SSS.Scale:1]]
[2019.01.11-19.35.39:688][  0]LogConfig: Setting CVar [[r.SSS.SampleSet:2]]
[2019.01.11-19.35.39:688][  0]LogConfig: Setting CVar [[r.SSS.Quality:1]]
[2019.01.11-19.35.39:688][  0]LogConfig: Setting CVar [[r.SSS.HalfRes:1]]
[2019.01.11-19.35.39:688][  0]LogConfig: Setting CVar [[r.EmitterSpawnRateScale:1.0]]
[2019.01.11-19.35.39:688][  0]LogConfig: Setting CVar [[r.ParticleLightQuality:2]]
[2019.01.11-19.35.39:688][  0]LogConfig: Applying CVar settings from Section [FoliageQuality@3] File [C:/Users/ivan/Desktop/First-Shit-Game/Saved/Config/Windows/Scalability.ini]
[2019.01.11-19.35.39:688][  0]LogConfig: Setting CVar [[foliage.DensityScale:1.0]]
[2019.01.11-19.35.39:688][  0]LogConfig: Setting CVar [[grass.DensityScale:1.0]]
[2019.01.11-19.35.39:692][  0]LogInit: Selected Device Profile: [Windows]
[2019.01.11-19.35.39:692][  0]LogInit: Applying CVar settings loaded from the selected device profile: [Windows]
[2019.01.11-19.35.39:747][  0]LogHAL: Display: Platform has ~ 6 GB [6332043264 / 8589934592 / 6], which maps to Smaller [LargestMinGB=32, LargerMinGB=12, DefaultMinGB=8, SmallerMinGB=6, SmallestMinGB=0)
[2019.01.11-19.35.39:751][  0]LogConfig: Setting CVar [[r.Vulkan.UseRealUBs:1]]
[2019.01.11-19.35.39:752][  0]LogInit: Going up to parent DeviceProfile []
[2019.01.11-19.35.39:752][  0]LogConfig: Applying CVar settings from Section [ViewDistanceQuality@3] File [C:/Users/ivan/Desktop/First-Shit-Game/Saved/Config/Windows/Scalability.ini]
[2019.01.11-19.35.39:752][  0]LogConfig: Setting CVar [[r.SkeletalMeshLODBias:0]]
[2019.01.11-19.35.39:752][  0]LogConfig: Setting CVar [[r.ViewDistanceScale:1.0]]
[2019.01.11-19.35.39:752][  0]LogConfig: Applying CVar settings from Section [AntiAliasingQuality@3] File [C:/Users/ivan/Desktop/First-Shit-Game/Saved/Config/Windows/Scalability.ini]
[2019.01.11-19.35.39:752][  0]LogConfig: Setting CVar [[r.PostProcessAAQuality:4]]
[2019.01.11-19.35.39:752][  0]LogConfig: Applying CVar settings from Section [ShadowQuality@3] File [C:/Users/ivan/Desktop/First-Shit-Game/Saved/Config/Windows/Scalability.ini]
[2019.01.11-19.35.39:752][  0]LogConfig: Setting CVar [[r.LightFunctionQuality:1]]
[2019.01.11-19.35.39:752][  0]LogConfig: Setting CVar [[r.ShadowQuality:5]]
[2019.01.11-19.35.39:752][  0]LogConfig: Setting CVar [[r.Shadow.CSM.MaxCascades:10]]
[2019.01.11-19.35.39:752][  0]LogConfig: Setting CVar [[r.Shadow.MaxResolution:2048]]
[2019.01.11-19.35.39:752][  0]LogConfig: Setting CVar [[r.Shadow.MaxCSMResolution:2048]]
[2019.01.11-19.35.39:752][  0]LogConfig: Setting CVar [[r.Shadow.RadiusThreshold:0.01]]
[2019.01.11-19.35.39:752][  0]LogConfig: Setting CVar [[r.Shadow.DistanceScale:1.0]]
[2019.01.11-19.35.39:752][  0]LogConfig: Setting CVar [[r.Shadow.CSM.TransitionScale:1.0]]
[2019.01.11-19.35.39:752][  0]LogConfig: Setting CVar [[r.Shadow.PreShadowResolutionFactor:1.0]]
[2019.01.11-19.35.39:752][  0]LogConfig: Setting CVar [[r.DistanceFieldShadowing:1]]
[2019.01.11-19.35.39:752][  0]LogConfig: Setting CVar [[r.DistanceFieldAO:1]]
[2019.01.11-19.35.39:752][  0]LogConfig: Setting CVar [[r.AOQuality:2]]
[2019.01.11-19.35.39:752][  0]LogConfig: Setting CVar [[r.VolumetricFog:1]]
[2019.01.11-19.35.39:752][  0]LogConfig: Setting CVar [[r.VolumetricFog.GridPixelSize:8]]
[2019.01.11-19.35.39:752][  0]LogConfig: Setting CVar [[r.VolumetricFog.GridSizeZ:128]]
[2019.01.11-19.35.39:752][  0]LogConfig: Setting CVar [[r.VolumetricFog.HistoryMissSupersampleCount:4]]
[2019.01.11-19.35.39:752][  0]LogConfig: Setting CVar [[r.LightMaxDrawDistanceScale:1]]
[2019.01.11-19.35.39:752][  0]LogConfig: Setting CVar [[r.CapsuleShadows:1]]
[2019.01.11-19.35.39:752][  0]LogConfig: Applying CVar settings from Section [PostProcessQuality@3] File [C:/Users/ivan/Desktop/First-Shit-Game/Saved/Config/Windows/Scalability.ini]
[2019.01.11-19.35.39:752][  0]LogConfig: Setting CVar [[r.MotionBlurQuality:4]]
[2019.01.11-19.35.39:752][  0]LogConfig: Setting CVar [[r.AmbientOcclusionMipLevelFactor:0.4]]
[2019.01.11-19.35.39:752][  0]LogConfig: Setting CVar [[r.AmbientOcclusionMaxQuality:100]]
[2019.01.11-19.35.39:752][  0]LogConfig: Setting CVar [[r.AmbientOcclusionLevels:-1]]
[2019.01.11-19.35.39:752][  0]LogConfig: Setting CVar [[r.AmbientOcclusionRadiusScale:1.0]]
[2019.01.11-19.35.39:752][  0]LogConfig: Setting CVar [[r.DepthOfFieldQuality:2]]
[2019.01.11-19.35.39:752][  0]LogConfig: Setting CVar [[r.RenderTargetPoolMin:400]]
[2019.01.11-19.35.39:752][  0]LogConfig: Setting CVar [[r.LensFlareQuality:2]]
[2019.01.11-19.35.39:752][  0]LogConfig: Setting CVar [[r.SceneColorFringeQuality:1]]
[2019.01.11-19.35.39:752][  0]LogConfig: Setting CVar [[r.EyeAdaptationQuality:2]]
[2019.01.11-19.35.39:752][  0]LogConfig: Setting CVar [[r.BloomQuality:5]]
[2019.01.11-19.35.39:752][  0]LogConfig: Setting CVar [[r.FastBlurThreshold:100]]
[2019.01.11-19.35.39:752][  0]LogConfig: Setting CVar [[r.Upscale.Quality:3]]
[2019.01.11-19.35.39:752][  0]LogConfig: Setting CVar [[r.Tonemapper.GrainQuantization:1]]
[2019.01.11-19.35.39:752][  0]LogConfig: Setting CVar [[r.LightShaftQuality:1]]
[2019.01.11-19.35.39:752][  0]LogConfig: Setting CVar [[r.Filter.SizeScale:1]]
[2019.01.11-19.35.39:752][  0]LogConfig: Setting CVar [[r.Tonemapper.Quality:5]]
[2019.01.11-19.35.39:752][  0]LogConfig: Setting CVar [[r.DOF.Gather.AccumulatorQuality:1        ; higher gathering accumulator quality]]
[2019.01.11-19.35.39:752][  0]LogConfig: Setting CVar [[r.DOF.Gather.PostfilterMethod:1          ; Median3x3 postfilering method]]
[2019.01.11-19.35.39:752][  0]LogConfig: Setting CVar [[r.DOF.Gather.EnableBokehSettings:0       ; no bokeh simulation when gathering]]
[2019.01.11-19.35.39:752][  0]LogConfig: Setting CVar [[r.DOF.Gather.RingCount:4                 ; medium number of samples when gathering]]
[2019.01.11-19.35.39:752][  0]LogConfig: Setting CVar [[r.DOF.Scatter.ForegroundCompositing:1    ; additive foreground scattering]]
[2019.01.11-19.35.39:752][  0]LogConfig: Setting CVar [[r.DOF.Scatter.BackgroundCompositing:2    ; additive background scattering]]
[2019.01.11-19.35.39:752][  0]LogConfig: Setting CVar [[r.DOF.Scatter.EnableBokehSettings:1      ; bokeh simulation when scattering]]
[2019.01.11-19.35.39:752][  0]LogConfig: Setting CVar [[r.DOF.Scatter.MaxSpriteRatio:0.1         ; only a maximum of 10% of scattered bokeh]]
[2019.01.11-19.35.39:752][  0]LogConfig: Setting CVar [[r.DOF.Recombine.Quality:1                ; cheap slight out of focus]]
[2019.01.11-19.35.39:752][  0]LogConfig: Setting CVar [[r.DOF.Recombine.EnableBokehSettings:0    ; no bokeh simulation on slight out of focus]]
[2019.01.11-19.35.39:752][  0]LogConfig: Setting CVar [[r.DOF.TemporalAAQuality:1                ; more stable temporal accumulation]]
[2019.01.11-19.35.39:752][  0]LogConfig: Setting CVar [[r.DOF.Kernel.MaxForegroundRadius:0.025]]
[2019.01.11-19.35.39:752][  0]LogConfig: Setting CVar [[r.DOF.Kernel.MaxBackgroundRadius:0.025]]
[2019.01.11-19.35.39:752][  0]LogConfig: Applying CVar settings from Section [TextureQuality@3] File [C:/Users/ivan/Desktop/First-Shit-Game/Saved/Config/Windows/Scalability.ini]
[2019.01.11-19.35.39:752][  0]LogConfig: Setting CVar [[r.Streaming.MipBias:0]]
[2019.01.11-19.35.39:752][  0]LogConfig: Setting CVar [[r.Streaming.AmortizeCPUToGPUCopy:0]]
[2019.01.11-19.35.39:752][  0]LogConfig: Setting CVar [[r.Streaming.MaxNumTexturesToStreamPerFrame:0]]
[2019.01.11-19.35.39:752][  0]LogConfig: Setting CVar [[r.Streaming.Boost:1]]
[2019.01.11-19.35.39:752][  0]LogConfig: Setting CVar [[r.MaxAnisotropy:8]]
[2019.01.11-19.35.39:753][  0]LogConfig: Setting CVar [[r.Streaming.LimitPoolSizeToVRAM:0]]
[2019.01.11-19.35.39:753][  0]LogConfig: Setting CVar [[r.Streaming.PoolSize:1000]]
[2019.01.11-19.35.39:753][  0]LogConfig: Setting CVar [[r.Streaming.MaxEffectiveScreenSize:0]]
[2019.01.11-19.35.39:753][  0]LogConfig: Applying CVar settings from Section [EffectsQuality@3] File [C:/Users/ivan/Desktop/First-Shit-Game/Saved/Config/Windows/Scalability.ini]
[2019.01.11-19.35.39:753][  0]LogConfig: Setting CVar [[r.TranslucencyLightingVolumeDim:64]]
[2019.01.11-19.35.39:753][  0]LogConfig: Setting CVar [[r.RefractionQuality:2]]
[2019.01.11-19.35.39:753][  0]LogConfig: Setting CVar [[r.SSR.Quality:3]]
[2019.01.11-19.35.39:753][  0]LogConfig: Setting CVar [[r.SceneColorFormat:4]]
[2019.01.11-19.35.39:753][  0]LogConfig: Setting CVar [[r.DetailMode:2]]
[2019.01.11-19.35.39:753][  0]LogConfig: Setting CVar [[r.TranslucencyVolumeBlur:1]]
[2019.01.11-19.35.39:753][  0]LogConfig: Setting CVar [[r.MaterialQualityLevel:1 ; High quality]]
[2019.01.11-19.35.39:753][  0]LogConfig: Setting CVar [[r.SSS.Scale:1]]
[2019.01.11-19.35.39:753][  0]LogConfig: Setting CVar [[r.SSS.SampleSet:2]]
[2019.01.11-19.35.39:753][  0]LogConfig: Setting CVar [[r.SSS.Quality:1]]
[2019.01.11-19.35.39:753][  0]LogConfig: Setting CVar [[r.SSS.HalfRes:1]]
[2019.01.11-19.35.39:753][  0]LogConfig: Setting CVar [[r.EmitterSpawnRateScale:1.0]]
[2019.01.11-19.35.39:753][  0]LogConfig: Setting CVar [[r.ParticleLightQuality:2]]
[2019.01.11-19.35.39:753][  0]LogConfig: Applying CVar settings from Section [FoliageQuality@3] File [C:/Users/ivan/Desktop/First-Shit-Game/Saved/Config/Windows/Scalability.ini]
[2019.01.11-19.35.39:753][  0]LogConfig: Setting CVar [[foliage.DensityScale:1.0]]
[2019.01.11-19.35.39:753][  0]LogConfig: Setting CVar [[grass.DensityScale:1.0]]
[2019.01.11-19.35.39:753][  0]LogConfig: Applying CVar settings from Section [Startup] File [../../../Engine/Config/ConsoleVariables.ini]
[2019.01.11-19.35.39:765][  0]LogConfig: Setting CVar [[net.UseAdaptiveNetUpdateFrequency:0]]
[2019.01.11-19.35.39:765][  0]LogConfig: Applying CVar settings from Section [ConsoleVariables] File [C:/Users/ivan/Desktop/First-Shit-Game/Saved/Config/Windows/Engine.ini]
[2019.01.11-19.35.39:793][  0]LogInit: Computer: DESKTOP-6HHBIGL
[2019.01.11-19.35.39:793][  0]LogInit: User: ivan
[2019.01.11-19.35.39:793][  0]LogInit: CPU Page size=4096, Cores=4
[2019.01.11-19.35.39:793][  0]LogInit: High frequency timer resolution =2.630642 MHz
[2019.01.11-19.35.39:794][  0]LogMemory: Memory total: Physical=5.9GB (6GB approx)
[2019.01.11-19.35.39:794][  0]LogMemory: Platform Memory Stats for Windows
[2019.01.11-19.35.39:794][  0]LogMemory: Process Physical Memory: 102.36 MB used, 102.36 MB peak
[2019.01.11-19.35.39:794][  0]LogMemory: Process Virtual Memory: 84.91 MB used, 84.91 MB peak
[2019.01.11-19.35.39:794][  0]LogMemory: Physical Memory: 3987.09 MB used,  2051.61 MB free, 6038.71 MB total
[2019.01.11-19.35.39:794][  0]LogMemory: Virtual Memory: 4619.70 MB used,  134213112.00 MB free, 134217728.00 MB total
[2019.01.11-19.35.40:247][  0]LogInit: Using OS detected language (ru-RU).
[2019.01.11-19.35.40:247][  0]LogInit: Using OS detected locale (ru-RU).
[2019.01.11-19.35.40:301][  0]LogTextLocalizationManager: No specific localization for 'ru-RU' exists, so the 'ru' localization will be used.
[2019.01.11-19.35.40:410][  0]LogStreaming: Display: Took  0.152s to InitEngineTextLocalization.
[2019.01.11-19.35.40:412][  0]LogInit: Setting process to per monitor DPI aware
[2019.01.11-19.35.40:978][  0]LogSlate: New Slate User Created.  User Index 0, Is Virtual User: 0
[2019.01.11-19.35.40:978][  0]LogSlate: Slate User Registered.  User Index 0, Is Virtual User: 0
[2019.01.11-19.35.43:168][  0]LogHMD: Failed to initialize OpenVR with code 110
[2019.01.11-19.35.43:168][  0]LogD3D11RHI: D3D11 adapters:
[2019.01.11-19.35.43:876][  0]LogD3D11RHI:    0. 'NVIDIA GeForce GT 750M' (Feature Level 11_0)
[2019.01.11-19.35.43:876][  0]LogD3D11RHI:       2007/0/3019 MB DedicatedVideo/DedicatedSystem/SharedSystem, Outputs:1, VendorId:0x10de
[2019.01.11-19.35.43:965][  0]LogD3D11RHI:    1. 'Intel(R) HD Graphics 4600' (Feature Level 11_0)
[2019.01.11-19.35.43:965][  0]LogD3D11RHI:       112/0/2048 MB DedicatedVideo/DedicatedSystem/SharedSystem, Outputs:0, VendorId:0x8086
[2019.01.11-19.35.43:980][  0]LogD3D11RHI:    2. 'Microsoft Basic Render Driver' (Feature Level 11_0)
[2019.01.11-19.35.43:980][  0]LogD3D11RHI:       0/0/3019 MB DedicatedVideo/DedicatedSystem/SharedSystem, Outputs:0, VendorId:0x1414
[2019.01.11-19.35.43:980][  0]LogD3D11RHI: Chosen D3D11 Adapter: 0
[2019.01.11-19.35.44:037][  0]LogD3D11RHI: Creating new Direct3DDevice
[2019.01.11-19.35.44:037][  0]LogD3D11RHI:     GPU DeviceId: 0xfe4 (for the marketing name, search the web for "GPU Device Id")
[2019.01.11-19.35.44:037][  0]LogWindows: EnumDisplayDevices:
[2019.01.11-19.35.44:037][  0]LogWindows:    0. 'Intel(R) HD Graphics 4600' (P:1 D:1)
[2019.01.11-19.35.44:038][  0]LogWindows:    1. 'Intel(R) HD Graphics 4600' (P:0 D:0)
[2019.01.11-19.35.44:038][  0]LogWindows:    2. 'Intel(R) HD Graphics 4600' (P:0 D:0)
[2019.01.11-19.35.44:039][  0]LogWindows: DebugString: PrimaryIsNotTheChoosenAdapter PrimaryIsNotTheChoosenAdapter PrimaryIsNotTheChoosenAdapter FoundDriverCount:0 
[2019.01.11-19.35.44:039][  0]LogD3D11RHI:     Adapter Name: NVIDIA GeForce GT 750M
[2019.01.11-19.35.44:039][  0]LogD3D11RHI:   Driver Version: Unknown (internal:Unknown, unified:Unknown)
[2019.01.11-19.35.44:039][  0]LogD3D11RHI:      Driver Date: Unknown
[2019.01.11-19.35.44:048][  0]LogRHI: Texture pool is 1405 MB (70% of 2007 MB)
[2019.01.11-19.35.44:205][  0]LogD3D11RHI: Async texture creation enabled
[2019.01.11-19.35.44:481][  0]LogD3D11RHI: GPU Timing Frequency: 1000.000000 (Debug: 2 2)
[2019.01.11-19.35.46:417][  0]LogTemp: Display: Loaded TP AllDesktopTargetPlatform
[2019.01.11-19.35.46:449][  0]LogTemp: Display: Loaded TP MacClientTargetPlatform
[2019.01.11-19.35.46:470][  0]LogTemp: Display: Loaded TP MacNoEditorTargetPlatform
[2019.01.11-19.35.46:491][  0]LogTemp: Display: Loaded TP MacServerTargetPlatform
[2019.01.11-19.35.46:540][  0]LogTemp: Display: Loaded TP MacTargetPlatform
[2019.01.11-19.35.46:580][  0]LogTemp: Display: Loaded TP WindowsClientTargetPlatform
[2019.01.11-19.35.46:603][  0]LogTemp: Display: Loaded TP WindowsNoEditorTargetPlatform
[2019.01.11-19.35.46:625][  0]LogTemp: Display: Loaded TP WindowsServerTargetPlatform
[2019.01.11-19.35.46:639][  0]LogTemp: Display: Loaded TP WindowsTargetPlatform
[2019.01.11-19.35.46:774][  0]LogTemp: Display: Loaded TP AndroidTargetPlatform
[2019.01.11-19.35.46:774][  0]LogTemp: Display: Loaded TP AndroidTargetPlatform
[2019.01.11-19.35.46:774][  0]LogTemp: Display: Loaded TP AndroidTargetPlatform
[2019.01.11-19.35.46:774][  0]LogTemp: Display: Loaded TP AndroidTargetPlatform
[2019.01.11-19.35.46:774][  0]LogTemp: Display: Loaded TP AndroidTargetPlatform
[2019.01.11-19.35.46:774][  0]LogTemp: Display: Loaded TP AndroidTargetPlatform
[2019.01.11-19.35.46:774][  0]LogTemp: Display: Loaded TP AndroidTargetPlatform
[2019.01.11-19.35.46:774][  0]LogTemp: Display: Loaded TP AndroidTargetPlatform
[2019.01.11-19.35.46:774][  0]LogTemp: Display: Loaded TP AndroidTargetPlatform
[2019.01.11-19.35.46:774][  0]LogTemp: Display: Loaded TP AndroidTargetPlatform
[2019.01.11-19.35.46:774][  0]LogTemp: Display: Loaded TP AndroidTargetPlatform
[2019.01.11-19.35.46:774][  0]LogTemp: Display: Loaded TP AndroidTargetPlatform
[2019.01.11-19.35.46:774][  0]LogTemp: Display: Loaded TP AndroidTargetPlatform
[2019.01.11-19.35.46:774][  0]LogTemp: Display: Loaded TP AndroidTargetPlatform
[2019.01.11-19.35.46:774][  0]LogTemp: Display: Loaded TP AndroidTargetPlatform
[2019.01.11-19.35.46:774][  0]LogTemp: Display: Loaded TP AndroidTargetPlatform
[2019.01.11-19.35.46:774][  0]LogTemp: Display: Loaded TP AndroidTargetPlatform
[2019.01.11-19.35.46:774][  0]LogTemp: Display: Loaded TP AndroidTargetPlatform
[2019.01.11-19.35.46:827][  0]LogTemp: Display: Loaded TP HTML5TargetPlatform
[2019.01.11-19.35.46:942][  0]LogTemp: Display: Loaded TP IOSTargetPlatform
[2019.01.11-19.35.46:942][  0]LogTemp: Display: Loaded TP IOSTargetPlatform
[2019.01.11-19.35.46:981][  0]LogTemp: Display: Loaded TP TVOSTargetPlatform
[2019.01.11-19.35.46:981][  0]LogTemp: Display: Loaded TP TVOSTargetPlatform
[2019.01.11-19.35.47:004][  0]LogTemp: Display: Loaded TP LinuxClientTargetPlatform
[2019.01.11-19.35.47:022][  0]LogTemp: Display: Loaded TP LinuxNoEditorTargetPlatform
[2019.01.11-19.35.47:038][  0]LogTemp: Display: Loaded TP LinuxServerTargetPlatform
[2019.01.11-19.35.47:069][  0]LogTemp: Display: Loaded TP LinuxTargetPlatform
[2019.01.11-19.35.47:125][  0]LogTemp: Display: Loaded TP LuminTargetPlatform
[2019.01.11-19.35.47:125][  0]LogTemp: Display: Loaded TP LuminTargetPlatform
[2019.01.11-19.35.47:125][  0]LogTargetPlatformManager: Display: Building Assets For Windows
[2019.01.11-19.35.47:665][  0]LogShaderCompilers: Guid format shader working directory is -7 characters bigger than the processId version (../../../../../../Users/ivan/Desktop/First-Shit-Game/Intermediate/Shaders/WorkingDirectory/8000/).
[2019.01.11-19.35.47:665][  0]LogShaderCompilers: Cleaned the shader compiler working directory 'C:/Users/ivan/AppData/Local/Temp/UnrealShaderWorkingDir/78CFA6FE4A7A434A1D5392A7F0D3DC49/'.
[2019.01.11-19.35.47:705][  0]LogXGEController: Cleaning working directory: C:/Users/ivan/AppData/Local/Temp/UnrealXGEWorkingDir/
[2019.01.11-19.35.47:706][  0]LogXGEController: Cannot use XGE Controller as Incredibuild is not installed on this machine.
[2019.01.11-19.35.47:706][  0]LogShaderCompilers: Cannot use XGE Shader Compiler as Incredibuild is not installed on this machine.
[2019.01.11-19.35.47:706][  0]LogShaderCompilers: Display: Using Local Shader Compiler.
[2019.01.11-19.35.50:387][  0]LogDerivedDataCache: Display: Max Cache Size: 512 MB
[2019.01.11-19.35.50:870][  0]LogDerivedDataCache: Loaded boot cache 0.48s 71MB C:/Users/ivan/AppData/Local/UnrealEngine/4.21/DerivedDataCache/Boot.ddc.
[2019.01.11-19.35.50:870][  0]LogDerivedDataCache: Display: Loaded Boot cache: C:/Users/ivan/AppData/Local/UnrealEngine/4.21/DerivedDataCache/Boot.ddc
[2019.01.11-19.35.50:870][  0]LogDerivedDataCache: FDerivedDataBackendGraph:  Pak pak cache file ../../../../../../Users/ivan/Desktop/First-Shit-Game/DerivedDataCache/DDC.ddp not found, will not use a pak cache.
[2019.01.11-19.35.50:870][  0]LogDerivedDataCache: Unable to find inner node Pak for hierarchical cache Hierarchy.
[2019.01.11-19.35.50:870][  0]LogDerivedDataCache: FDerivedDataBackendGraph:  CompressedPak pak cache file ../../../../../../Users/ivan/Desktop/First-Shit-Game/DerivedDataCache/Compressed.ddp not found, will not use a pak cache.
[2019.01.11-19.35.50:870][  0]LogDerivedDataCache: Unable to find inner node CompressedPak for hierarchical cache Hierarchy.
[2019.01.11-19.35.50:940][  0]LogDerivedDataCache: Display: Pak cache opened for reading ../../../Engine/DerivedDataCache/Compressed.ddp.
[2019.01.11-19.35.50:962][  0]LogDerivedDataCache: Display: Pak cache opened for reading ../../../Enterprise/DerivedDataCache/Compressed.ddp.
[2019.01.11-19.35.50:990][  0]LogDerivedDataCache: Using Local data cache path C:/Users/ivan/AppData/Local/UnrealEngine/Common/DerivedDataCache: Writable
[2019.01.11-19.35.50:990][  0]LogDerivedDataCache: Shared data cache path not found in *engine.ini, will not use an Shared cache.
[2019.01.11-19.35.50:990][  0]LogDerivedDataCache: Unable to find inner node Shared for hierarchical cache Hierarchy.
[2019.01.11-19.35.51:080][  0]LogMaterial: Verifying Global Shaders for PCD3D_SM5
[2019.01.11-19.35.51:167][  0]LogSlate: Using FreeType 2.6.0
[2019.01.11-19.35.51:344][  0]LogSlate: SlateFontServices - WITH_FREETYPE: 1, WITH_HARFBUZZ: 1
[2019.01.11-19.35.52:547][  0]LogAssetRegistry: FAssetRegistry took 0.0708 seconds to start up
[2019.01.11-19.35.58:794][  0]LogInit: Selected Device Profile: [Windows]
[2019.01.11-19.36.02:886][  0]LogSimplygon: Simplygon DLL not present - disabling.
[2019.01.11-19.36.03:365][  0]LogMeshReduction: Using SimplygonSwarm for distributed automatic mesh merging
[2019.01.11-19.36.03:368][  0]LogMeshReduction: Using ProxyLODMeshReduction for automatic mesh merging
[2019.01.11-19.36.03:385][  0]LogMeshReduction: Using QuadricMeshReduction for automatic static mesh reduction
[2019.01.11-19.36.03:385][  0]LogMeshReduction: No automatic skeletal mesh reduction module available
[2019.01.11-19.36.04:483][  0]LogNetVersion: BP_like_away_v_0_4 1.0.0, NetCL: 4541578, EngineNetVer: 5, GameNetVer: 0 (Checksum: 612912654)
[2019.01.11-19.36.15:245][  0]LogPackageLocalizationCache: Processed 11 localized package path(s) for 2 prioritized culture(s) in 0.369550 seconds
[2019.01.11-19.36.15:385][  0]LogUObjectArray: 39775 objects as part of root set at end of initial load.
[2019.01.11-19.36.15:385][  0]LogUObjectAllocator: 6914664 out of 0 bytes used by permanent object pool.
[2019.01.11-19.36.15:385][  0]LogUObjectArray: CloseDisregardForGC: 0/0 objects in disregard for GC pool
[2019.01.11-19.36.42:507][  0]LogTcpMessaging: Initializing TcpMessaging bridge
[2019.01.11-19.36.42:527][  0]LogUdpMessaging: Initializing bridge on interface 0.0.0.0:0 to multicast group 230.0.0.1:6666.
[2019.01.11-19.36.45:072][  0]SourceControl: Source control is disabled
[2019.01.11-19.36.45:073][  0]SourceControl: Source control is disabled
[2019.01.11-19.36.45:170][  0]SourceControl: Source control is disabled
[2019.01.11-19.36.45:176][  0]SourceControl: Source control is disabled
[2019.01.11-19.36.46:576][  0]LogAndroidPermission: UAndroidPermissionCallbackProxy::GetInstance
[2019.01.11-19.36.46:918][  0]LogOcInput: OculusInput pre-init called
[2019.01.11-19.36.48:449][  0]LogEngine: Initializing Engine...
[2019.01.11-19.36.48:471][  0]LogHMD: Failed to initialize OpenVR with code 110
[2019.01.11-19.36.48:553][  0]LogStats: UGameplayTagsManager::ConstructGameplayTagTree: ImportINI prefixes -  0.006 s
[2019.01.11-19.36.48:553][  0]LogStats: UGameplayTagsManager::ConstructGameplayTagTree: Construct from data asset -  0.000 s
[2019.01.11-19.36.48:554][  0]LogStats: UGameplayTagsManager::ConstructGameplayTagTree: ImportINI -  0.001 s
[2019.01.11-19.36.48:554][  0]LogStats: UGameplayTagsManager::ConstructGameplayTagTree: GameplayTagTreeChangedEvent.Broadcast -  0.000 s
[2019.01.11-19.36.48:974][  0]LogInit: Initializing FReadOnlyCVARCache
[2019.01.11-19.36.49:477][  0]LogAIModule: Creating AISystem for world Untitled
[2019.01.11-19.36.49:764][  0]LogInit: XAudio2 using 'Динамики / головные телефоны (Realtek High Definition Audio)' : 2 channels at 48 kHz using 32 bits per sample (channel mask 0x3)
[2019.01.11-19.36.50:545][  0]LogInit: FAudioDevice initialized.
[2019.01.11-19.36.50:562][  0]LogNetVersion: Set ProjectVersion to 1.0.0.0. Version Checksum will be recalculated on next use.
[2019.01.11-19.36.50:710][  0]LogDerivedDataCache: Saved boot cache 0.15s 71MB C:/Users/ivan/AppData/Local/UnrealEngine/4.21/DerivedDataCache/Boot.ddc.
[2019.01.11-19.36.50:724][  0]LogInit: Texture streaming: Enabled
[2019.01.11-19.36.50:916][  0]LogEngineSessionManager: EngineSessionManager initialized
[2019.01.11-19.36.51:184][  0]LogInit: Transaction tracking system initialized
[2019.01.11-19.36.51:833][  0]BlueprintLog: New page: Editor Load
[2019.01.11-19.36.53:066][  0]LocalizationService: Localization service is disabled
[2019.01.11-19.36.55:532][  0]LogFileCache: Scanning file cache for directory 'C:/Users/ivan/Desktop/First-Shit-Game/Content/' took 0.02s
[2019.01.11-19.36.55:534][  0]LogCook: Display: Max memory allowance for cook 16384mb min free memory 0mb
[2019.01.11-19.36.55:534][  0]LogCook: Display: Mobile HDR setting 1
[2019.01.11-19.36.55:538][  0]LogGameplayTags: Display: UGameplayTagsManager::DoneAddingNativeTags. DelegateIsBound: 0
[2019.01.11-19.36.55:538][  0]LogStats: UGameplayTagsManager::ConstructGameplayTagTree: ImportINI prefixes -  0.000 s
[2019.01.11-19.36.55:538][  0]LogStats: UGameplayTagsManager::ConstructGameplayTagTree: Construct from data asset -  0.000 s
[2019.01.11-19.36.55:538][  0]LogStats: UGameplayTagsManager::ConstructGameplayTagTree: ImportINI -  0.000 s
[2019.01.11-19.36.55:538][  0]LogStats: UGameplayTagsManager::ConstructGameplayTagTree: GameplayTagTreeChangedEvent.Broadcast -  0.000 s
[2019.01.11-19.36.57:617][  0]SourceControl: Source control is disabled
[2019.01.11-19.36.57:624][  0]Cmd: MAP LOAD FILE="../../../Engine/Content/Maps/Templates/Template_Default.umap" TEMPLATE=1 SHOWPROGRESS=1 FEATURELEVEL=3
[2019.01.11-19.36.57:658][  0]LightingResults: New page: Lighting Build
[2019.01.11-19.36.57:932][  0]MapCheck: New page: Map Check
[2019.01.11-19.36.57:932][  0]LightingResults: New page: Lighting Build
[2019.01.11-19.37.00:143][  0]LogAIModule: Creating AISystem for world Untitled_1
[2019.01.11-19.37.02:411][  0]LogEditorServer: Finished looking for orphan Actors (0.000 secs)
[2019.01.11-19.37.02:645][  0]Cmd: MAP CHECKDEP NOCLEARLOG
[2019.01.11-19.37.02:653][  0]MapCheck: Map check complete: 0 Error(s), 0 Warning(s), took 0,242ms to complete.
[2019.01.11-19.37.02:658][  0]LogFileHelpers: Loading map 'Template_Default' took 5.041
[2019.01.11-19.37.04:228][  0]LogSlate: Updating window title bar state: overlay mode, drag disabled, window buttons hidden, title bar hidden
[2019.01.11-19.37.04:255][  0]LogSlate: Updating window title bar state: overlay mode, drag disabled, window buttons hidden, title bar hidden
[2019.01.11-19.37.04:263][  0]LogSlate: Updating window title bar state: overlay mode, drag disabled, window buttons hidden, title bar hidden
[2019.01.11-19.37.04:271][  0]LogSlate: Updating window title bar state: overlay mode, drag disabled, window buttons hidden, title bar hidden
[2019.01.11-19.37.04:415][  0]LogCollectionManager: Loaded 0 collections in 0.006164 seconds
[2019.01.11-19.37.04:563][  0]LogFileCache: Scanning file cache for directory 'C:/Users/ivan/Desktop/First-Shit-Game/Saved/Collections/' took 0.01s
[2019.01.11-19.37.04:563][  0]LogFileCache: Scanning file cache for directory 'C:/Users/ivan/Desktop/First-Shit-Game/Content/Developers/ivan/Collections/' took 0.01s
[2019.01.11-19.37.04:563][  0]LogFileCache: Scanning file cache for directory 'C:/Users/ivan/Desktop/First-Shit-Game/Content/Collections/' took 0.00s
[2019.01.11-19.37.04:563][  0]LogCollectionManager: Rebuilt the GUID cache for 0 collections in 0.000000 seconds
[2019.01.11-19.37.04:590][  0]LogContentBrowser: Native class hierarchy populated in 0.0177 seconds. Added 2651 classes and 620 folders.
[2019.01.11-19.37.04:701][  0]LogContentBrowser: Native class hierarchy updated for 'WidgetCarousel' in 0.0003 seconds. Added 0 classes and 0 folders.
[2019.01.11-19.37.04:750][  0]LogPakFile: Registered encryption key '00000000000000000000000000000000': 0 pak files mounted, 0 remain pending
[2019.01.11-19.37.04:811][  0]LogPakFile: Registered encryption key '00000000000000000000000000000000': 0 pak files mounted, 0 remain pending
[2019.01.11-19.37.04:826][  0]LogPakFile: Registered encryption key '00000000000000000000000000000000': 0 pak files mounted, 0 remain pending
[2019.01.11-19.37.04:842][  0]LogPakFile: Registered encryption key '00000000000000000000000000000000': 0 pak files mounted, 0 remain pending
[2019.01.11-19.37.04:860][  0]LogPakFile: Registered encryption key '00000000000000000000000000000000': 0 pak files mounted, 0 remain pending
[2019.01.11-19.37.04:873][  0]LogPakFile: Registered encryption key '00000000000000000000000000000000': 0 pak files mounted, 0 remain pending
[2019.01.11-19.37.04:896][  0]LogPakFile: Registered encryption key '00000000000000000000000000000000': 0 pak files mounted, 0 remain pending
[2019.01.11-19.37.04:913][  0]LogPakFile: Registered encryption key '00000000000000000000000000000000': 0 pak files mounted, 0 remain pending
[2019.01.11-19.37.04:933][  0]LogPakFile: Registered encryption key '00000000000000000000000000000000': 0 pak files mounted, 0 remain pending
[2019.01.11-19.37.04:955][  0]LogPakFile: Registered encryption key '00000000000000000000000000000000': 0 pak files mounted, 0 remain pending
[2019.01.11-19.37.04:968][  0]LogPakFile: Registered encryption key '00000000000000000000000000000000': 0 pak files mounted, 0 remain pending
[2019.01.11-19.37.04:990][  0]LogPakFile: Registered encryption key '00000000000000000000000000000000': 0 pak files mounted, 0 remain pending
[2019.01.11-19.37.05:013][  0]LogPakFile: Registered encryption key '00000000000000000000000000000000': 0 pak files mounted, 0 remain pending
[2019.01.11-19.37.05:032][  0]LogPakFile: Registered encryption key '00000000000000000000000000000000': 0 pak files mounted, 0 remain pending
[2019.01.11-19.37.05:053][  0]LogPakFile: Registered encryption key '00000000000000000000000000000000': 0 pak files mounted, 0 remain pending
[2019.01.11-19.37.05:063][  0]LogPakFile: Registered encryption key '00000000000000000000000000000000': 0 pak files mounted, 0 remain pending
[2019.01.11-19.37.05:075][  0]LogPakFile: Registered encryption key '00000000000000000000000000000000': 0 pak files mounted, 0 remain pending
[2019.01.11-19.37.05:093][  0]LogPakFile: Registered encryption key '00000000000000000000000000000000': 0 pak files mounted, 0 remain pending
[2019.01.11-19.37.05:122][  0]LogPakFile: Registered encryption key '00000000000000000000000000000000': 0 pak files mounted, 0 remain pending
[2019.01.11-19.37.05:131][  0]LogPakFile: Registered encryption key '00000000000000000000000000000000': 0 pak files mounted, 0 remain pending
[2019.01.11-19.37.05:145][  0]LogPakFile: Registered encryption key '00000000000000000000000000000000': 0 pak files mounted, 0 remain pending
[2019.01.11-19.37.05:163][  0]LogPakFile: Registered encryption key '00000000000000000000000000000000': 0 pak files mounted, 0 remain pending
[2019.01.11-19.37.05:178][  0]LogPakFile: Registered encryption key '00000000000000000000000000000000': 0 pak files mounted, 0 remain pending
[2019.01.11-19.37.05:195][  0]LogPakFile: Registered encryption key '00000000000000000000000000000000': 0 pak files mounted, 0 remain pending
[2019.01.11-19.37.05:204][  0]LogPakFile: Registered encryption key '00000000000000000000000000000000': 0 pak files mounted, 0 remain pending
[2019.01.11-19.37.05:215][  0]LogPakFile: Registered encryption key '00000000000000000000000000000000': 0 pak files mounted, 0 remain pending
[2019.01.11-19.37.05:234][  0]LogPakFile: Registered encryption key '00000000000000000000000000000000': 0 pak files mounted, 0 remain pending
[2019.01.11-19.37.05:256][  0]LogPakFile: Registered encryption key '00000000000000000000000000000000': 0 pak files mounted, 0 remain pending
[2019.01.11-19.37.06:085][  0]LogContentBrowser: Native class hierarchy updated for 'AddContentDialog' in 0.0003 seconds. Added 0 classes and 0 folders.
[2019.01.11-19.37.06:127][  0]LogContentBrowser: Native class hierarchy updated for 'SceneOutliner' in 0.0004 seconds. Added 1 classes and 2 folders.
[2019.01.11-19.37.06:572][  0]LogSlate: Took 0.006278 seconds to synchronously load lazily loaded font '../../../Engine/Content/Slate/Fonts/Roboto-Regular.ttf' (155K)
[2019.01.11-19.37.06:663][  0]LogSlate: Took 0.046803 seconds to synchronously load lazily loaded font '../../../Engine/Content/Slate/Fonts/Roboto-Bold.ttf' (160K)
[2019.01.11-19.37.06:713][  0]LogSlate: Took 0.005577 seconds to synchronously load lazily loaded font '../../../Engine/Content/Editor/Slate/Fonts/FontAwesome.ttf' (139K)
[2019.01.11-19.37.07:242][  0]LogRenderer: Reallocating scene render targets to support 1616x808 Format 10 NumSamples 1 (Frame:1).
[2019.01.11-19.37.08:711][  0]LogContentBrowser: Native class hierarchy updated for 'HierarchicalLODOutliner' in 0.0003 seconds. Added 0 classes and 0 folders.
[2019.01.11-19.37.08:711][  0]LogLoad: (Engine Initialization) Total time: 110.60 seconds
[2019.01.11-19.37.08:711][  0]LogLoad: (Engine Initialization) Total Blueprint compile time: 0.09 seconds
[2019.01.11-19.37.08:846][  0]LogWindowsTextInputMethodSystem: Display: IME system now deactivated.
[2019.01.11-19.37.09:127][  0]LogContentStreaming: Texture pool size now 1000 MB
[2019.01.11-19.37.10:095][  3]LogAssetRegistry: Asset discovery search completed in 77.5886 seconds
[2019.01.11-19.37.10:156][  3]LogCollectionManager: Rebuilt the object cache for 0 collections in 0.000000 seconds (found 0 objects)
[2019.01.11-19.37.10:156][  3]LogCollectionManager: Fixed up redirectors for 0 collections in 0.028780 seconds (updated 0 objects)
[2019.01.11-19.37.13:406][136]LogSlate: Took 0.005032 seconds to synchronously load lazily loaded font '../../../Engine/Content/Slate/Fonts/Roboto-Light.ttf' (167K)
[2019.01.11-19.37.29:659][833]LogSlate: FSceneViewport::OnFocusLost() reason 0
[2019.01.11-19.37.38:605][218]LogAudioDerivedData: Display: Building compressed audio format OGG hash OGG wave GameplayWave1...
[2019.01.11-19.37.38:851][218]LogAudioDerivedData: Display: Updated SoundWave->RawPCMDataSize from 0 to 1339392 while cooking SoundWave /Game/Sounds/Voice/GameplayWave1.GameplayWave1.
[2019.01.11-19.37.38:896][218]LogSlate: Took 0.000423 seconds to synchronously load lazily loaded font '../../../Engine/Content/Slate/Fonts/Roboto-Light.ttf' (167K)
[2019.01.11-19.37.38:920][218]LogAssetEditorManager: Opening Asset editor for DialogueWave /Game/Sounds/Media/GameplayVoice1.GameplayVoice1
[2019.01.11-19.37.56:225][911]LogSlate: Window 'Save Asset As' being destroyed
[2019.01.11-19.38.02:842][161]LogSlate: Window 'GameplayVoice1 - Generic Asset Editor' being destroyed
[2019.01.11-19.38.02:851][161]LogSlate: Window 'GameplayVoice1 - Generic Asset Editor' being destroyed
[2019.01.11-19.38.05:412][269]LogAssetEditorManager: Opening Asset editor for DialogueVoice /Game/Sounds/Media/GameplayMain.GameplayMain
[2019.01.11-19.38.09:455][421]LogSlate: Window 'GameplayMain - Generic Asset Editor' being destroyed
[2019.01.11-19.38.09:487][421]LogSlate: Window 'GameplayMain - Generic Asset Editor' being destroyed
[2019.01.11-19.38.13:139][583]LogAssetEditorManager: Opening Asset editor for DialogueVoice /Game/Sounds/Speakers/Happyer.Happyer
[2019.01.11-19.38.16:153][698]LogSlate: Window 'Happyer - Generic Asset Editor' being destroyed
[2019.01.11-19.38.16:169][698]LogSlate: Window 'Happyer - Generic Asset Editor' being destroyed
[2019.01.11-19.40.19:193][ 47]LogAIModule: Creating AISystem for world MainMenu
[2019.01.11-19.40.19:232][ 47]LogAssetEditorManager: Opening Asset editor for World /Game/Maps/MainMenu.MainMenu
[2019.01.11-19.40.19:379][ 47]Cmd: MAP LOAD FILE="../../../../../../Users/ivan/Desktop/First-Shit-Game/Content/Maps/MainMenu.umap" TEMPLATE=0 SHOWPROGRESS=1 FEATURELEVEL=3
[2019.01.11-19.40.19:379][ 47]LightingResults: New page: Lighting Build
[2019.01.11-19.40.19:379][ 47]LoadErrors: New page: Loading map: MainMenu.umap
[2019.01.11-19.40.19:457][ 47]MapCheck: New page: Map Check
[2019.01.11-19.40.19:457][ 47]LightingResults: New page: Lighting Build
[2019.01.11-19.40.19:650][ 47]LogEditorServer: Finished looking for orphan Actors (0.000 secs)
[2019.01.11-19.40.19:701][ 47]Cmd: MAP CHECKDEP NOCLEARLOG
[2019.01.11-19.40.19:702][ 47]MapCheck: Map check complete: 0 Error(s), 0 Warning(s), took 0,168ms to complete.
[2019.01.11-19.40.19:702][ 47]LogFileHelpers: Loading map 'MainMenu' took 0.353
[2019.01.11-19.40.22:162][152]LogTemp: Repeating last play command: Selected Viewport
[2019.01.11-19.40.22:213][152]LogBlueprintUserMessages: Early PlayInEditor Detection: Level '/Game/Maps/MainMenu.MainMenu:PersistentLevel' has LevelScriptBlueprint '/Game/Maps/MainMenu.MainMenu:PersistentLevel.MainMenu' with GeneratedClass '/Game/Maps/MainMenu.MainMenu_C' with ClassGeneratedBy '/Game/Maps/MainMenu.MainMenu:PersistentLevel.MainMenu'
[2019.01.11-19.40.22:238][152]LogPlayLevel: PlayLevel: No blueprints needed recompiling
[2019.01.11-19.40.22:287][152]PIE: New page: PIE session: MainMenu (12 янв. 2019 г., 1:40:22)
[2019.01.11-19.40.22:360][152]LogPlayLevel: Creating play world package: /Game/Maps/UEDPIE_0_MainMenu
[2019.01.11-19.40.22:403][152]LogPlayLevel: PIE: StaticDuplicateObject took: (0.043339s)
[2019.01.11-19.40.22:403][152]LogAIModule: Creating AISystem for world MainMenu
[2019.01.11-19.40.22:420][152]LogPlayLevel: PIE: World Init took: (0.016439s)
[2019.01.11-19.40.22:420][152]LogPlayLevel: PIE: Created PIE world by copying editor world from /Game/Maps/MainMenu.MainMenu to /Game/Maps/UEDPIE_0_MainMenu.MainMenu (0.060221s)
[2019.01.11-19.40.22:452][152]LogInit: XAudio2 using 'Динамики / головные телефоны (Realtek High Definition Audio)' : 2 channels at 48 kHz using 32 bits per sample (channel mask 0x3)
[2019.01.11-19.40.22:493][152]LogInit: FAudioDevice initialized.
[2019.01.11-19.40.22:596][152]LogLoad: Game class is 'MainGameMode_C'
[2019.01.11-19.40.22:723][152]LogWorld: Bringing World /Game/Maps/UEDPIE_0_MainMenu.MainMenu up for play (max tick rate 0) at 2019.01.11-22.40.22
[2019.01.11-19.40.22:792][152]LogWorld: Bringing up level for play took: 0.069413
[2019.01.11-19.40.22:986][152]LogContentBrowser: Native class hierarchy updated for 'MovieSceneCapture' in 0.0005 seconds. Added 20 classes and 0 folders.
[2019.01.11-19.40.23:130][152]LogPlayerController: Error: InputMode:UIOnly - Attempting to focus Non-Focusable widget SObjectWidget [Widget.cpp(710)]!
[2019.01.11-19.40.23:155][152]PIE: Play in editor start time for /Game/Maps/UEDPIE_0_MainMenu 1,023
[2019.01.11-19.40.23:155][152]LogBlueprintUserMessages: Late PlayInEditor Detection: Level '/Game/Maps/MainMenu.MainMenu:PersistentLevel' has LevelScriptBlueprint '/Game/Maps/MainMenu.MainMenu:PersistentLevel.MainMenu' with GeneratedClass '/Game/Maps/MainMenu.MainMenu_C' with ClassGeneratedBy '/Game/Maps/MainMenu.MainMenu:PersistentLevel.MainMenu'
[2019.01.11-19.40.27:390][343]LogSlate: FSceneViewport::OnFocusLost() reason 0
[2019.01.11-19.40.27:482][347]LogNet: Browse: /Game/Maps/MainWorld
[2019.01.11-19.40.27:498][347]LogLoad: LoadMap: /Game/Maps/MainWorld
[2019.01.11-19.40.27:736][347]LogAIModule: Creating AISystem for world MainWorld
[2019.01.11-19.40.27:736][347]LogLoad: Game class is 'MainGameMode_C'
[2019.01.11-19.40.27:737][347]LogWorld: Bringing World /Game/Maps/UEDPIE_0_MainWorld.MainWorld up for play (max tick rate 0) at 2019.01.11-22.40.27
[2019.01.11-19.40.27:738][347]LogWorld: Bringing up level for play took: 0.000729
[2019.01.11-19.40.27:740][347]LogPlayerController: Error: InputMode:UIOnly - Attempting to focus Non-Focusable widget SObjectWidget [Widget.cpp(710)]!
[2019.01.11-19.40.27:757][347]LogLoad: Took 0.259578 seconds to LoadMap(/Game/Maps/MainWorld)
[2019.01.11-19.40.31:877][550]LogSlate: FSceneViewport::OnFocusLost() reason 0
[2019.01.11-19.41.35:991][620]LogBlueprintUserMessages: Early EndPlayMap Detection: Level '/Game/Maps/MainMenu.MainMenu:PersistentLevel' has LevelScriptBlueprint '/Game/Maps/MainMenu.MainMenu:PersistentLevel.MainMenu' with GeneratedClass '/Game/Maps/MainMenu.MainMenu_C' with ClassGeneratedBy '/Game/Maps/MainMenu.MainMenu:PersistentLevel.MainMenu'
[2019.01.11-19.41.36:033][620]LogSlate: Updating window title bar state: overlay mode, drag disabled, window buttons hidden, title bar hidden
[2019.01.11-19.41.36:118][620]LogPlayLevel: Display: Shutting down PIE online subsystems
[2019.01.11-19.41.36:118][620]LogBlueprintUserMessages: Late EndPlayMap Detection: Level '/Game/Maps/MainMenu.MainMenu:PersistentLevel' has LevelScriptBlueprint '/Game/Maps/MainMenu.MainMenu:PersistentLevel.MainMenu' with GeneratedClass '/Game/Maps/MainMenu.MainMenu_C' with ClassGeneratedBy '/Game/Maps/MainMenu.MainMenu:PersistentLevel.MainMenu'
[2019.01.11-19.41.36:185][620]LogSlate: Updating window title bar state: overlay mode, drag disabled, window buttons hidden, title bar hidden
[2019.01.11-19.41.36:217][621]LogPlayLevel: Display: Destroying online subsystem :Context_1
[2019.01.11-19.41.38:095][725]LogTemp: Repeating last play command: Selected Viewport
[2019.01.11-19.41.38:110][725]LogBlueprintUserMessages: Early PlayInEditor Detection: Level '/Game/Maps/MainMenu.MainMenu:PersistentLevel' has LevelScriptBlueprint '/Game/Maps/MainMenu.MainMenu:PersistentLevel.MainMenu' with GeneratedClass '/Game/Maps/MainMenu.MainMenu_C' with ClassGeneratedBy '/Game/Maps/MainMenu.MainMenu:PersistentLevel.MainMenu'
[2019.01.11-19.41.38:110][725]LogPlayLevel: PlayLevel: No blueprints needed recompiling
[2019.01.11-19.41.38:111][725]PIE: New page: PIE session: MainMenu (12 янв. 2019 г., 1:41:38)
[2019.01.11-19.41.38:111][725]LogPlayLevel: Creating play world package: /Game/Maps/UEDPIE_0_MainMenu
[2019.01.11-19.41.38:115][725]LogPlayLevel: PIE: StaticDuplicateObject took: (0.004007s)
[2019.01.11-19.41.38:116][725]LogAIModule: Creating AISystem for world MainMenu
[2019.01.11-19.41.38:116][725]LogPlayLevel: PIE: World Init took: (0.001351s)
[2019.01.11-19.41.38:116][725]LogPlayLevel: PIE: Created PIE world by copying editor world from /Game/Maps/MainMenu.MainMenu to /Game/Maps/UEDPIE_0_MainMenu.MainMenu (0.005630s)
[2019.01.11-19.41.38:148][725]LogInit: XAudio2 using 'Динамики / головные телефоны (Realtek High Definition Audio)' : 2 channels at 48 kHz using 32 bits per sample (channel mask 0x3)
[2019.01.11-19.41.38:187][725]LogInit: FAudioDevice initialized.
[2019.01.11-19.41.38:222][725]LogLoad: Game class is 'MainGameMode_C'
[2019.01.11-19.41.38:224][725]LogWorld: Bringing World /Game/Maps/UEDPIE_0_MainMenu.MainMenu up for play (max tick rate 0) at 2019.01.11-22.41.38
[2019.01.11-19.41.38:224][725]LogWorld: Bringing up level for play took: 0.000635
[2019.01.11-19.41.38:238][725]LogPlayerController: Error: InputMode:UIOnly - Attempting to focus Non-Focusable widget SObjectWidget [Widget.cpp(710)]!
[2019.01.11-19.41.38:238][725]PIE: Play in editor start time for /Game/Maps/UEDPIE_0_MainMenu 0,106
[2019.01.11-19.41.38:238][725]LogBlueprintUserMessages: Late PlayInEditor Detection: Level '/Game/Maps/MainMenu.MainMenu:PersistentLevel' has LevelScriptBlueprint '/Game/Maps/MainMenu.MainMenu:PersistentLevel.MainMenu' with GeneratedClass '/Game/Maps/MainMenu.MainMenu_C' with ClassGeneratedBy '/Game/Maps/MainMenu.MainMenu:PersistentLevel.MainMenu'
[2019.01.11-19.41.39:924][811]LogSlate: FSceneViewport::OnFocusLost() reason 0
[2019.01.11-19.41.43:474][975]LogNet: Browse: /Game/Maps/MainWorld
[2019.01.11-19.41.43:492][975]LogLoad: LoadMap: /Game/Maps/MainWorld
[2019.01.11-19.41.43:538][975]LogAIModule: Creating AISystem for world MainWorld
[2019.01.11-19.41.43:538][975]LogLoad: Game class is 'MainGameMode_C'
[2019.01.11-19.41.43:539][975]LogWorld: Bringing World /Game/Maps/UEDPIE_0_MainWorld.MainWorld up for play (max tick rate 0) at 2019.01.11-22.41.43
[2019.01.11-19.41.43:540][975]LogWorld: Bringing up level for play took: 0.000683
[2019.01.11-19.41.43:541][975]LogPlayerController: Error: InputMode:UIOnly - Attempting to focus Non-Focusable widget SObjectWidget [Widget.cpp(710)]!
[2019.01.11-19.41.43:541][975]LogLoad: Took 0.049149 seconds to LoadMap(/Game/Maps/MainWorld)
[2019.01.11-19.41.49:636][278]LogSlate: FSceneViewport::OnFocusLost() reason 0
[2019.01.11-19.42.15:631][517]LogSlate: Window 'BP_like_away_v_0_4 - Unreal Editor' being destroyed
[2019.01.11-19.42.15:632][517]LogWindowsTextInputMethodSystem: Display: IME system now deactivated.
[2019.01.11-19.42.15:792][517]LogBlueprintUserMessages: Early EndPlayMap Detection: Level '/Game/Maps/MainMenu.MainMenu:PersistentLevel' has LevelScriptBlueprint '/Game/Maps/MainMenu.MainMenu:PersistentLevel.MainMenu' with GeneratedClass '/Game/Maps/MainMenu.MainMenu_C' with ClassGeneratedBy '/Game/Maps/MainMenu.MainMenu:PersistentLevel.MainMenu'
[2019.01.11-19.42.15:792][517]LogSlate: Updating window title bar state: overlay mode, drag disabled, window buttons hidden, title bar hidden
[2019.01.11-19.42.15:822][517]LogPlayLevel: Display: Shutting down PIE online subsystems
[2019.01.11-19.42.15:823][517]LogBlueprintUserMessages: Late EndPlayMap Detection: Level '/Game/Maps/MainMenu.MainMenu:PersistentLevel' has LevelScriptBlueprint '/Game/Maps/MainMenu.MainMenu:PersistentLevel.MainMenu' with GeneratedClass '/Game/Maps/MainMenu.MainMenu_C' with ClassGeneratedBy '/Game/Maps/MainMenu.MainMenu:PersistentLevel.MainMenu'
[2019.01.11-19.42.15:857][517]LogSlate: Updating window title bar state: overlay mode, drag disabled, window buttons hidden, title bar hidden
[2019.01.11-19.42.16:068][518]Cmd: QUIT_EDITOR
[2019.01.11-19.42.16:492][518]LogExit: Preparing to exit.
[2019.01.11-19.42.17:092][518]LogExit: Editor shut down
[2019.01.11-19.42.17:092][518]LogExit: Transaction tracking system shut down
[2019.01.11-19.42.18:099][518]LogExit: Object subsystem successfully closed.
[2019.01.11-19.42.18:203][518]LogShaderCompilers: Display: Shaders left to compile 0
[2019.01.11-19.42.18:211][518]LogD3D11RHI: Shutdown
[2019.01.11-19.42.18:211][518]LogD3D11RHI: CleanupD3DDevice
[2019.01.11-19.42.18:260][518]LogD3D11RHI: ~FD3D11DynamicRHI
[2019.01.11-19.42.18:990][518]LogModuleManager: Shutting down and abandoning module MovieSceneCapture (628)
[2019.01.11-19.42.18:990][518]LogModuleManager: Shutting down and abandoning module Voice (626)
[2019.01.11-19.42.18:991][518]LogModuleManager: Shutting down and abandoning module HierarchicalLODOutliner (624)
[2019.01.11-19.42.18:991][518]LogModuleManager: Shutting down and abandoning module SceneOutliner (622)
[2019.01.11-19.42.18:994][518]LogModuleManager: Shutting down and abandoning module AddContentDialog (620)
[2019.01.11-19.42.19:003][518]LogModuleManager: Shutting down and abandoning module WidgetCarousel (619)
[2019.01.11-19.42.19:003][518]LogModuleManager: Shutting down and abandoning module EditorWidgets (616)
[2019.01.11-19.42.19:003][518]LogModuleManager: Shutting down and abandoning module CollectionManager (614)
[2019.01.11-19.42.19:027][518]LogModuleManager: Shutting down and abandoning module HierarchicalLODUtilities (612)
[2019.01.11-19.42.19:033][518]LogModuleManager: Shutting down and abandoning module StatsViewer (610)
[2019.01.11-19.42.19:038][518]LogModuleManager: Shutting down and abandoning module FoliageEdit (608)
[2019.01.11-19.42.19:047][518]LogModuleManager: Shutting down and abandoning module LandscapeEditor (606)
[2019.01.11-19.42.19:079][518]LogModuleManager: Shutting down and abandoning module MeshPaintMode (604)
[2019.01.11-19.42.19:088][518]LogModuleManager: Shutting down and abandoning module SceneDepthPickerMode (602)
[2019.01.11-19.42.19:088][518]LogModuleManager: Shutting down and abandoning module ActorPickerMode (600)
[2019.01.11-19.42.19:088][518]LogModuleManager: Shutting down and abandoning module GeometryMode (598)
[2019.01.11-19.42.19:088][518]LogModuleManager: Shutting down and abandoning module TextureAlignMode (596)
[2019.01.11-19.42.19:088][518]LogModuleManager: Shutting down and abandoning module BspMode (594)
[2019.01.11-19.42.19:088][518]LogModuleManager: Shutting down and abandoning module PIEPreviewDeviceProfileSelector (592)
[2019.01.11-19.42.19:098][518]LogModuleManager: Shutting down and abandoning module SequenceRecorderSections (590)
[2019.01.11-19.42.19:102][518]LogModuleManager: Shutting down and abandoning module AutomationWorker (588)
[2019.01.11-19.42.19:102][518]LogModuleManager: Shutting down and abandoning module AudioCaptureEditor (586)
[2019.01.11-19.42.19:102][518]LogModuleManager: Shutting down and abandoning module MatineeToLevelSequence (584)
[2019.01.11-19.42.19:107][518]LogModuleManager: Shutting down and abandoning module LevelSequenceEditor (582)
[2019.01.11-19.42.19:226][518]LogModuleManager: Shutting down and abandoning module PlacementMode (581)
[2019.01.11-19.42.19:226][518]LogModuleManager: Shutting down and abandoning module MaterialEditor (580)
[2019.01.11-19.42.19:250][518]LogModuleManager: Shutting down and abandoning module WmfMediaFactory (576)
[2019.01.11-19.42.19:250][518]LogModuleManager: Shutting down and abandoning module WmfMediaEditor (574)
[2019.01.11-19.42.19:250][518]LogModuleManager: Shutting down and abandoning module WebMMediaFactory (572)
[2019.01.11-19.42.19:250][518]LogModuleManager: Shutting down and abandoning module WebMMediaEditor (570)
[2019.01.11-19.42.19:250][518]LogModuleManager: Shutting down and abandoning module WebMMedia (568)
[2019.01.11-19.42.19:278][518]LogModuleManager: Shutting down and abandoning module MediaPlayerEditor (566)
[2019.01.11-19.42.19:290][518]LogModuleManager: Shutting down and abandoning module MediaCompositingEditor (564)
[2019.01.11-19.42.19:303][518]LogModuleManager: Shutting down and abandoning module SequenceRecorder (563)
[2019.01.11-19.42.19:306][518]LogModuleManager: Shutting down and abandoning module OpenExrWrapper (560)
[2019.01.11-19.42.19:306][518]LogModuleManager: Shutting down and abandoning module ImgMediaFactory (558)
[2019.01.11-19.42.19:306][518]LogModuleManager: Shutting down and abandoning module ImgMediaEditor (556)
[2019.01.11-19.42.19:306][518]LogModuleManager: Shutting down and abandoning module AvfMediaFactory (554)
[2019.01.11-19.42.19:306][518]LogModuleManager: Shutting down and abandoning module AvfMediaEditor (552)
[2019.01.11-19.42.19:306][518]LogModuleManager: Shutting down and abandoning module AndroidMediaFactory (550)
[2019.01.11-19.42.19:306][518]LogModuleManager: Shutting down and abandoning module AndroidMediaEditor (548)
[2019.01.11-19.42.19:306][518]LogModuleManager: Shutting down and abandoning module MagicLeapCameraPreviewFactory (546)
[2019.01.11-19.42.19:306][518]LogModuleManager: Shutting down and abandoning module MagicLeapMediaFactory (544)
[2019.01.11-19.42.19:306][518]LogModuleManager: Shutting down and abandoning module MagicLeapMediaEditor (542)
[2019.01.11-19.42.19:306][518]LogModuleManager: Shutting down and abandoning module CharacterAI (540)
[2019.01.11-19.42.19:306][518]LogModuleManager: Shutting down and abandoning module SmartSnapping (538)
[2019.01.11-19.42.19:306][518]LogModuleManager: Shutting down and abandoning module SessionServices (536)
[2019.01.11-19.42.19:306][518]LogModuleManager: Shutting down and abandoning module ViewportSnapping (534)
[2019.01.11-19.42.19:306][518]LogModuleManager: Shutting down and abandoning module ViewportInteraction (532)
[2019.01.11-19.42.19:306][518]LogModuleManager: Shutting down and abandoning module ClothPainter (530)
[2019.01.11-19.42.19:312][518]LogModuleManager: Shutting down and abandoning module SkeletalMeshEditor (529)
[2019.01.11-19.42.19:328][518]LogModuleManager: Shutting down and abandoning module LogVisualizer (526)
[2019.01.11-19.42.19:340][518]LogModuleManager: Shutting down and abandoning module IntroTutorials (524)
[2019.01.11-19.42.19:353][518]LogModuleManager: Shutting down and abandoning module GameProjectGeneration (523)
[2019.01.11-19.42.19:363][518]LogModuleManager: Shutting down and abandoning module LuminPlatformEditor (520)
[2019.01.11-19.42.19:363][518]LogModuleManager: Shutting down and abandoning module IOSPlatformEditor (518)
[2019.01.11-19.42.19:363][518]LogModuleManager: Shutting down and abandoning module HTML5PlatformEditor (516)
[2019.01.11-19.42.19:363][518]LogModuleManager: Shutting down and abandoning module AndroidPlatformEditor (514)
[2019.01.11-19.42.19:363][518]LogModuleManager: Shutting down and abandoning module AndroidDeviceDetection (513)
[2019.01.11-19.42.19:727][518]LogModuleManager: Shutting down and abandoning module WindowsPlatformEditor (510)
[2019.01.11-19.42.19:727][518]LogModuleManager: Shutting down and abandoning module LuminRuntimeSettings (508)
[2019.01.11-19.42.19:727][518]LogModuleManager: Shutting down and abandoning module IOSRuntimeSettings (506)
[2019.01.11-19.42.19:727][518]LogModuleManager: Shutting down and abandoning module AndroidRuntimeSettings (504)
[2019.01.11-19.42.19:727][518]LogModuleManager: Shutting down and abandoning module TimeManagementEditor (502)
[2019.01.11-19.42.19:727][518]LogModuleManager: Shutting down and abandoning module InputBindingEditor (500)
[2019.01.11-19.42.19:743][518]LogModuleManager: Shutting down and abandoning module MergeActors (498)
[2019.01.11-19.42.19:751][518]LogModuleManager: Shutting down and abandoning module LocalizationDashboard (496)
[2019.01.11-19.42.19:761][518]LogModuleManager: Shutting down and abandoning module LocalizationService (495)
[2019.01.11-19.42.19:766][518]LogModuleManager: Shutting down and abandoning module HardwareTargeting (492)
[2019.01.11-19.42.19:766][518]LogModuleManager: Shutting down and abandoning module DeviceProfileEditor (490)
[2019.01.11-19.42.19:773][518]LogModuleManager: Shutting down and abandoning module UndoHistory (488)
[2019.01.11-19.42.19:783][518]LogModuleManager: Shutting down and abandoning module XmlParser (486)
[2019.01.11-19.42.19:783][518]LogModuleManager: Shutting down and abandoning module Blutility (484)
[2019.01.11-19.42.19:787][518]LogModuleManager: Shutting down and abandoning module ProjectSettingsViewer (482)
[2019.01.11-19.42.19:787][518]LogModuleManager: Shutting down and abandoning module ProjectTargetPlatformEditor (481)
[2019.01.11-19.42.19:787][518]LogModuleManager: Shutting down and abandoning module EditorSettingsViewer (478)
[2019.01.11-19.42.19:787][518]LogModuleManager: Shutting down and abandoning module SettingsEditor (476)
[2019.01.11-19.42.19:798][518]LogModuleManager: Shutting down and abandoning module ProjectLauncher (474)
[2019.01.11-19.42.19:803][518]LogModuleManager: Shutting down and abandoning module SessionFrontend (472)
[2019.01.11-19.42.19:806][518]LogModuleManager: Shutting down and abandoning module ProfilerClient (470)
[2019.01.11-19.42.19:813][518]LogModuleManager: Shutting down and abandoning module DeviceManager (468)
[2019.01.11-19.42.19:825][518]LogModuleManager: Shutting down and abandoning module TargetDeviceServices (467)
[2019.01.11-19.42.19:879][518]LogModuleManager: Shutting down and abandoning module AutomationController (464)
[2019.01.11-19.42.19:897][518]LogModuleManager: Shutting down and abandoning module AutomationWindow (462)
[2019.01.11-19.42.19:907][518]LogModuleManager: Shutting down and abandoning module Layers (460)
[2019.01.11-19.42.19:913][518]LogModuleManager: Shutting down and abandoning module ComponentVisualizers (458)
[2019.01.11-19.42.19:913][518]LogModuleManager: Shutting down and abandoning module DetailCustomizations (456)
[2019.01.11-19.42.19:918][518]LogModuleManager: Shutting down and abandoning module PackagesDialog (454)
[2019.01.11-19.42.19:923][518]LogModuleManager: Shutting down and abandoning module Persona (452)
[2019.01.11-19.42.19:942][518]LogModuleManager: Shutting down and abandoning module AdvancedPreviewScene (451)
[2019.01.11-19.42.19:942][518]LogModuleManager: Shutting down and abandoning module AnimGraph (449)
[2019.01.11-19.42.19:944][518]LogModuleManager: Shutting down and abandoning module Kismet (446)
[2019.01.11-19.42.19:964][518]LogModuleManager: Shutting down and abandoning module GraphEditor (444)
[2019.01.11-19.42.19:980][518]LogModuleManager: Shutting down and abandoning module ClassViewer (442)
[2019.01.11-19.42.19:980][518]LogModuleManager: Shutting down and abandoning module Toolbox (440)
[2019.01.11-19.42.19:980][518]LogModuleManager: Shutting down and abandoning module ModuleUI (438)
[2019.01.11-19.42.19:988][518]LogModuleManager: Shutting down and abandoning module MovieSceneTools (436)
[2019.01.11-19.42.19:988][518]LogModuleManager: Shutting down and abandoning module OutputLog (434)
[2019.01.11-19.42.19:988][518]LogModuleManager: Shutting down and abandoning module GammaUI (432)
[2019.01.11-19.42.19:995][518]LogModuleManager: Shutting down and abandoning module Documentation (430)
[2019.01.11-19.42.19:995][518]LogModuleManager: Shutting down and abandoning module MovieSceneTracks (428)
[2019.01.11-19.42.19:995][518]LogModuleManager: Shutting down and abandoning module MovieScene (426)
[2019.01.11-19.42.20:005][518]LogModuleManager: Shutting down and abandoning module StreamingPauseRendering (424)
[2019.01.11-19.42.20:011][518]LogModuleManager: Shutting down and abandoning module LauncherPlatform (422)
[2019.01.11-19.42.20:011][518]LogModuleManager: Shutting down and abandoning module AnalyticsET (420)
[2019.01.11-19.42.20:011][518]LogModuleManager: Shutting down and abandoning module PortalServices (418)
[2019.01.11-19.42.20:011][518]LogModuleManager: Shutting down and abandoning module PortalRpc (416)
[2019.01.11-19.42.20:011][518]LogModuleManager: Shutting down and abandoning module MessagingRpc (414)
[2019.01.11-19.42.20:011][518]LogModuleManager: Shutting down and abandoning module AIModule (412)
[2019.01.11-19.42.20:021][518]LogModuleManager: Shutting down and abandoning module GameplayDebugger (411)
[2019.01.11-19.42.20:022][518]LogModuleManager: Shutting down and abandoning module AITestSuite (409)
[2019.01.11-19.42.20:027][518]LogModuleManager: Shutting down and abandoning module NavigationSystem (407)
[2019.01.11-19.42.20:027][518]LogModuleManager: Shutting down and abandoning module DesktopPlatform (404)
[2019.01.11-19.42.20:029][518]LogModuleManager: Shutting down and abandoning module ImageWriteQueue (402)
[2019.01.11-19.42.20:032][518]LogModuleManager: Shutting down and abandoning module ProfilerService (400)
[2019.01.11-19.42.20:099][518]LogModuleManager: Shutting down and abandoning module TaskGraph (398)
[2019.01.11-19.42.20:110][518]LogModuleManager: Shutting down and abandoning module SteamVRController (396)
[2019.01.11-19.42.20:110][518]LogModuleManager: Shutting down and abandoning module ProceduralMeshComponentEditor (394)
[2019.01.11-19.42.20:110][518]LogModuleManager: Shutting down and abandoning module ProceduralMeshComponent (392)
[2019.01.11-19.42.20:116][518]LogModuleManager: Shutting down and abandoning module OculusInput (390)
[2019.01.11-19.42.20:116][518]LogModuleManager: Shutting down and abandoning module MobilePatchingUtils (388)
[2019.01.11-19.42.20:116][518]LogModuleManager: Shutting down and abandoning module EditableMesh (386)
[2019.01.11-19.42.20:118][518]LogModuleManager: Shutting down and abandoning module CustomMeshComponent (384)
[2019.01.11-19.42.20:118][518]LogModuleManager: Shutting down and abandoning module CableComponent (382)
[2019.01.11-19.42.20:120][518]LogModuleManager: Shutting down and abandoning module AudioCapture (380)
[2019.01.11-19.42.20:120][518]LogModuleManager: Shutting down and abandoning module ArchVisCharacter (378)
[2019.01.11-19.42.20:120][518]LogModuleManager: Shutting down and abandoning module AndroidPermission (376)
[2019.01.11-19.42.20:120][518]LogModuleManager: Shutting down and abandoning module NUTUnrealEngine4 (374)
[2019.01.11-19.42.20:128][518]LogModuleManager: Shutting down and abandoning module NetcodeUnitTest (372)
[2019.01.11-19.42.20:139][518]LogModuleManager: Shutting down and abandoning module MediaCompositing (370)
[2019.01.11-19.42.20:139][518]LogModuleManager: Shutting down and abandoning module LinearTimecode (368)
[2019.01.11-19.42.20:139][518]LogModuleManager: Shutting down and abandoning module ImgMedia (366)
[2019.01.11-19.42.20:142][518]LogModuleManager: Shutting down and abandoning module HTML5Networking (364)
[2019.01.11-19.42.20:143][518]LogModuleManager: Shutting down and abandoning module GeometryCacheTracks (362)
[2019.01.11-19.42.20:143][518]LogModuleManager: Shutting down and abandoning module GeometryCacheSequencer (360)
[2019.01.11-19.42.20:143][518]LogModuleManager: Shutting down and abandoning module BackChannel (358)
[2019.01.11-19.42.20:148][518]LogModuleManager: Shutting down and abandoning module AppleVision (356)
[2019.01.11-19.42.20:148][518]LogModuleManager: Shutting down and abandoning module AppleImageUtilsBlueprintSupport (354)
[2019.01.11-19.42.20:148][518]LogModuleManager: Shutting down and abandoning module AppleImageUtils (352)
[2019.01.11-19.42.20:148][518]LogModuleManager: Shutting down and abandoning module AlembicImporter (350)
[2019.01.11-19.42.20:148][518]LogModuleManager: Shutting down and abandoning module AlembicLibrary (349)
[2019.01.11-19.42.20:148][518]LogModuleManager: Shutting down and abandoning module GeometryCache (348)
[2019.01.11-19.42.20:148][518]LogModuleManager: Shutting down and abandoning module GeometryCacheEd (347)
[2019.01.11-19.42.20:148][518]LogModuleManager: Shutting down and abandoning module VariantManagerContent (342)
[2019.01.11-19.42.20:148][518]LogModuleManager: Shutting down and abandoning module DatasmithContentEditor (340)
[2019.01.11-19.42.20:152][518]LogModuleManager: Shutting down and abandoning module SpeedTreeImporter (338)
[2019.01.11-19.42.20:152][518]LogModuleManager: Shutting down and abandoning module PluginBrowser (336)
[2019.01.11-19.42.20:171][518]LogModuleManager: Shutting down and abandoning module MobileLauncherProfileWizard (334)
[2019.01.11-19.42.20:174][518]LogModuleManager: Shutting down and abandoning module PolygonModeling (332)
[2019.01.11-19.42.20:174][518]LogModuleManager: Shutting down and abandoning module MeshEditor (330)
[2019.01.11-19.42.20:183][518]LogModuleManager: Shutting down and abandoning module CryptoKeysOpenSSL (328)
[2019.01.11-19.42.20:189][518]LogModuleManager: Shutting down and abandoning module CryptoKeys (326)
[2019.01.11-19.42.20:189][518]LogModuleManager: Shutting down and abandoning module VisualStudioSourceCodeAccess (324)
[2019.01.11-19.42.20:189][518]LogModuleManager: Shutting down and abandoning module VisualStudioCodeSourceCodeAccess (322)
[2019.01.11-19.42.20:189][518]LogModuleManager: Shutting down and abandoning module UObjectPlugin (320)
[2019.01.11-19.42.20:189][518]LogModuleManager: Shutting down and abandoning module SubversionSourceControl (318)
[2019.01.11-19.42.20:198][518]LogModuleManager: Shutting down and abandoning module PerforceSourceControl (316)
[2019.01.11-19.42.20:212][518]LogModuleManager: Shutting down and abandoning module GitSourceControl (314)
[2019.01.11-19.42.20:222][518]LogModuleManager: Shutting down and abandoning module SourceControl (313)
[2019.01.11-19.42.20:223][518]LogModuleManager: Shutting down and abandoning module CLionSourceCodeAccess (310)
[2019.01.11-19.42.20:234][518]LogModuleManager: Shutting down and abandoning module ActorLayerUtilitiesEditor (308)
[2019.01.11-19.42.20:234][518]LogModuleManager: Shutting down and abandoning module ActorLayerUtilities (306)
[2019.01.11-19.42.20:234][518]LogModuleManager: Shutting down and abandoning module LightPropagationVolumeEditor (304)
[2019.01.11-19.42.20:234][518]LogModuleManager: Shutting down and abandoning module PaperTiledImporter (302)
[2019.01.11-19.42.20:234][518]LogModuleManager: Shutting down and abandoning module PaperSpriteSheetImporter (300)
[2019.01.11-19.42.20:239][518]LogModuleManager: Shutting down and abandoning module Paper2DEditor (298)
[2019.01.11-19.42.20:254][518]LogModuleManager: Shutting down and abandoning module MeshPaint (297)
[2019.01.11-19.42.20:259][518]LogModuleManager: Shutting down and abandoning module RuntimePhysXCooking (294)
[2019.01.11-19.42.20:259][518]LogModuleManager: Shutting down and abandoning module PhysXVehiclesEditor (292)
[2019.01.11-19.42.20:259][518]LogModuleManager: Shutting down and abandoning module PhysXVehicles (290)
[2019.01.11-19.42.20:259][518]LogModuleManager: Shutting down and abandoning module OculusEditor (288)
[2019.01.11-19.42.20:263][518]LogModuleManager: Shutting down and abandoning module LocationServicesBPLibrary (286)
[2019.01.11-19.42.20:263][518]LogModuleManager: Shutting down and abandoning module ActorSequence (284)
[2019.01.11-19.42.20:263][518]LogModuleManager: Shutting down and abandoning module UdpMessaging (282)
[2019.01.11-19.42.20:364][518]LogModuleManager: Shutting down and abandoning module TcpMessaging (280)
[2019.01.11-19.42.20:479][518]LogModuleManager: Shutting down and abandoning module MagicLeapAudio (278)
[2019.01.11-19.42.20:479][518]LogModuleManager: Shutting down and abandoning module GameplayTagsEditor (276)
[2019.01.11-19.42.20:484][518]LogModuleManager: Shutting down and abandoning module FacialAnimationEditor (274)
[2019.01.11-19.42.20:484][518]LogModuleManager: Shutting down and abandoning module FacialAnimation (272)
[2019.01.11-19.42.20:484][518]LogModuleManager: Shutting down and abandoning module DataValidation (270)
[2019.01.11-19.42.20:484][518]LogModuleManager: Shutting down and abandoning module AssetManagerEditor (268)
[2019.01.11-19.42.20:495][518]LogModuleManager: Shutting down and abandoning module LevelEditor (267)
[2019.01.11-19.42.20:506][518]LogModuleManager: Shutting down and abandoning module PixelInspectorModule (266)
[2019.01.11-19.42.20:513][518]LogModuleManager: Shutting down and abandoning module CommonMenuExtensions (264)
[2019.01.11-19.42.20:513][518]LogModuleManager: Shutting down and abandoning module MainFrame (262)
[2019.01.11-19.42.20:513][518]LogModuleManager: Shutting down and abandoning module HotReload (261)
[2019.01.11-19.42.20:517][518]LogModuleManager: Shutting down and abandoning module ContentBrowser (257)
[2019.01.11-19.42.20:518][518]LogModuleManager: Shutting down and abandoning module TreeMap (255)
[2019.01.11-19.42.20:522][518]LogModuleManager: Shutting down and abandoning module LightPropagationVolumeRuntime (252)
[2019.01.11-19.42.20:522][518]LogModuleManager: Shutting down and abandoning module AISupportModule (250)
[2019.01.11-19.42.20:522][518]LogModuleManager: Shutting down and abandoning module Paper2D (248)
[2019.01.11-19.42.20:530][518]LogModuleManager: Shutting down and abandoning module WindowsMoviePlayer (246)
[2019.01.11-19.42.20:535][518]LogModuleManager: Shutting down and abandoning module WebMMoviePlayer (244)
[2019.01.11-19.42.20:535][518]LogModuleManager: Shutting down and abandoning module WmfMedia (242)
[2019.01.11-19.42.20:540][518]LogModuleManager: Shutting down and abandoning module Media (241)
[2019.01.11-19.42.20:546][518]LogModuleManager: Shutting down and abandoning module PacketHandler (238)
[2019.01.11-19.42.20:546][518]LogModuleManager: Shutting down and abandoning module ClothingSystemEditor (236)
[2019.01.11-19.42.20:546][518]LogModuleManager: Shutting down and abandoning module ClothingSystemRuntime (234)
[2019.01.11-19.42.20:557][518]LogModuleManager: Shutting down and abandoning module MediaAssets (232)
[2019.01.11-19.42.20:557][518]LogModuleManager: Shutting down and abandoning module Overlay (230)
[2019.01.11-19.42.20:557][518]LogModuleManager: Shutting down and abandoning module OverlayEditor (229)
[2019.01.11-19.42.20:558][518]LogModuleManager: Shutting down and abandoning module VREditor (226)
[2019.01.11-19.42.20:572][518]LogModuleManager: Shutting down and abandoning module StringTableEditor (224)
[2019.01.11-19.42.20:585][518]LogModuleManager: Shutting down and abandoning module GameplayTasksEditor (222)
[2019.01.11-19.42.20:585][518]LogModuleManager: Shutting down and abandoning module BehaviorTreeEditor (220)
[2019.01.11-19.42.20:604][518]LogModuleManager: Shutting down and abandoning module FunctionalTesting (218)
[2019.01.11-19.42.20:611][518]LogModuleManager: Shutting down and abandoning module CollisionAnalyzer (216)
[2019.01.11-19.42.20:630][518]LogModuleManager: Shutting down and abandoning module WorkspaceMenuStructure (215)
[2019.01.11-19.42.20:630][518]LogModuleManager: Shutting down and abandoning module UMG (212)
[2019.01.11-19.42.20:630][518]LogModuleManager: Shutting down and abandoning module UMGEditor (211)
[2019.01.11-19.42.20:630][518]LogModuleManager: Shutting down and abandoning module Sequencer (210)
[2019.01.11-19.42.20:672][518]LogModuleManager: Shutting down and abandoning module MessageLog (207)
[2019.01.11-19.42.20:680][518]LogModuleManager: Shutting down and abandoning module SlateReflector (202)
[2019.01.11-19.42.20:699][518]LogModuleManager: Shutting down and abandoning module Slate (200)
[2019.01.11-19.42.20:699][518]LogModuleManager: Shutting down and abandoning module EditorStyle (198)
[2019.01.11-19.42.20:702][518]LogModuleManager: Shutting down and abandoning module MRMesh (196)
[2019.01.11-19.42.20:709][518]LogModuleManager: Shutting down and abandoning module SourceCodeAccess (194)
[2019.01.11-19.42.20:709][518]LogModuleManager: Shutting down and abandoning module HeadMountedDisplay (192)
[2019.01.11-19.42.20:709][518]LogModuleManager: Shutting down and abandoning module XAudio2 (190)
[2019.01.11-19.42.20:709][518]LogModuleManager: Shutting down and abandoning module Networking (188)
[2019.01.11-19.42.20:709][518]LogModuleManager: Shutting down and abandoning module Core (186)
[2019.01.11-19.42.20:709][518]LogModuleManager: Shutting down and abandoning module LevelSequence (184)
[2019.01.11-19.42.20:709][518]LogModuleManager: Shutting down and abandoning module KismetCompiler (182)
[2019.01.11-19.42.20:709][518]LogModuleManager: Shutting down and abandoning module MeshUtilities (180)
[2019.01.11-19.42.20:719][518]LogModuleManager: Shutting down and abandoning module MeshMergeUtilities (179)
[2019.01.11-19.42.20:722][518]LogModuleManager: Shutting down and abandoning module MeshReductionInterface (178)
[2019.01.11-19.42.20:722][518]LogModuleManager: Shutting down and abandoning module SimplygonSwarm (177)
[2019.01.11-19.42.20:731][518]LogModuleManager: Shutting down and abandoning module ProxyLODMeshReduction (175)
[2019.01.11-19.42.20:742][518]LogModuleManager: Shutting down and abandoning module SimplygonMeshReduction (173)
[2019.01.11-19.42.20:742][518]LogModuleManager: Shutting down and abandoning module QuadricMeshReduction (171)
[2019.01.11-19.42.20:751][518]LogModuleManager: Shutting down and abandoning module MaterialBaking (167)
[2019.01.11-19.42.20:760][518]LogModuleManager: Shutting down and abandoning module DirectoryWatcher (163)
[2019.01.11-19.42.20:760][518]LogModuleManager: Shutting down and abandoning module DerivedDataCache (160)
[2019.01.11-19.42.20:851][518]LogDerivedDataCache: Shutdown
[2019.01.11-19.42.20:851][518]LogModuleManager: Shutting down and abandoning module XGEController (158)
[2019.01.11-19.42.20:872][518]LogXGEController: Cleaning working directory: C:/Users/ivan/AppData/Local/Temp/UnrealXGEWorkingDir/
[2019.01.11-19.42.20:873][518]LogModuleManager: Shutting down and abandoning module TargetPlatform (156)
[2019.01.11-19.42.20:873][518]LogModuleManager: Shutting down and abandoning module VulkanShaderFormat (155)
[2019.01.11-19.42.20:877][518]LogModuleManager: Shutting down and abandoning module ShaderFormatVectorVM (153)
[2019.01.11-19.42.20:880][518]LogModuleManager: Shutting down and abandoning module ShaderFormatOpenGL (151)
[2019.01.11-19.42.20:888][518]LogModuleManager: Shutting down and abandoning module ShaderFormatD3D (149)
[2019.01.11-19.42.20:888][518]LogModuleManager: Shutting down and abandoning module MetalShaderFormat (147)
[2019.01.11-19.42.20:898][518]LogModuleManager: Shutting down and abandoning module TextureFormatUncompressed (145)
[2019.01.11-19.42.20:898][518]LogModuleManager: Shutting down and abandoning module TextureFormatPVR (143)
[2019.01.11-19.42.20:898][518]LogModuleManager: Shutting down and abandoning module TextureFormatDXT (141)
[2019.01.11-19.42.20:901][518]LogModuleManager: Shutting down and abandoning module TextureFormatIntelISPCTexComp (139)
[2019.01.11-19.42.20:910][518]LogModuleManager: Shutting down and abandoning module TextureFormatASTC (137)
[2019.01.11-19.42.20:910][518]LogModuleManager: Shutting down and abandoning module ImageWrapper (136)
[2019.01.11-19.42.20:910][518]LogModuleManager: Shutting down and abandoning module TextureFormatAndroid (133)
[2019.01.11-19.42.20:910][518]LogModuleManager: Shutting down and abandoning module AudioFormatOpus (131)
[2019.01.11-19.42.20:910][518]LogModuleManager: Shutting down and abandoning module AudioFormatOgg (129)
[2019.01.11-19.42.20:910][518]LogModuleManager: Shutting down and abandoning module AudioFormatADPCM (127)
[2019.01.11-19.42.20:910][518]LogModuleManager: Shutting down and abandoning module LuminTargetPlatform (125)
[2019.01.11-19.42.20:919][518]LogModuleManager: Shutting down and abandoning module LinuxTargetPlatform (123)
[2019.01.11-19.42.20:919][518]LogModuleManager: Shutting down and abandoning module LinuxServerTargetPlatform (121)
[2019.01.11-19.42.20:919][518]LogModuleManager: Shutting down and abandoning module LinuxNoEditorTargetPlatform (119)
[2019.01.11-19.42.20:919][518]LogModuleManager: Shutting down and abandoning module LinuxClientTargetPlatform (117)
[2019.01.11-19.42.20:919][518]LogModuleManager: Shutting down and abandoning module TVOSTargetPlatform (115)
[2019.01.11-19.42.20:943][518]LogModuleManager: Shutting down and abandoning module Messaging (113)
[2019.01.11-19.42.20:943][518]LogModuleManager: Shutting down and abandoning module IOSTargetPlatform (111)
[2019.01.11-19.42.20:943][518]LogModuleManager: Shutting down and abandoning module HTML5TargetPlatform (109)
[2019.01.11-19.42.20:943][518]LogModuleManager: Shutting down and abandoning module AndroidTargetPlatform (107)
[2019.01.11-19.42.20:949][518]LogModuleManager: Shutting down and abandoning module WindowsTargetPlatform (105)
[2019.01.11-19.42.20:949][518]LogModuleManager: Shutting down and abandoning module WindowsServerTargetPlatform (103)
[2019.01.11-19.42.20:949][518]LogModuleManager: Shutting down and abandoning module WindowsNoEditorTargetPlatform (101)
[2019.01.11-19.42.20:949][518]LogModuleManager: Shutting down and abandoning module WindowsClientTargetPlatform (99)
[2019.01.11-19.42.20:949][518]LogModuleManager: Shutting down and abandoning module MacTargetPlatform (97)
[2019.01.11-19.42.20:949][518]LogModuleManager: Shutting down and abandoning module MacServerTargetPlatform (95)
[2019.01.11-19.42.20:949][518]LogModuleManager: Shutting down and abandoning module MacNoEditorTargetPlatform (93)
[2019.01.11-19.42.20:949][518]LogModuleManager: Shutting down and abandoning module MacClientTargetPlatform (91)
[2019.01.11-19.42.20:949][518]LogModuleManager: Shutting down and abandoning module AllDesktopTargetPlatform (89)
[2019.01.11-19.42.20:949][518]LogModuleManager: Shutting down and abandoning module InputCore (86)
[2019.01.11-19.42.20:949][518]LogModuleManager: Shutting down and abandoning module Settings (84)
[2019.01.11-19.42.20:949][518]LogModuleManager: Shutting down and abandoning module PhysXCooking (82)
[2019.01.11-19.42.20:949][518]LogModuleManager: Shutting down and abandoning module SteamVR (80)
[2019.01.11-19.42.20:953][518]LogHMD: Freeing OpenVRDLLHandle.
[2019.01.11-19.42.20:953][518]LogModuleManager: Shutting down and abandoning module OculusHMD (78)
[2019.01.11-19.42.20:964][518]LogModuleManager: Shutting down and abandoning module ExampleDeviceProfileSelector (76)
[2019.01.11-19.42.20:964][518]LogModuleManager: Shutting down and abandoning module LauncherChunkInstaller (74)
[2019.01.11-19.42.20:964][518]LogModuleManager: Shutting down and abandoning module OnlineBlueprintSupport (72)
[2019.01.11-19.42.20:964][518]LogModuleManager: Shutting down and abandoning module OnlineSubsystem (68)
[2019.01.11-19.42.20:971][518]LogModuleManager: Shutting down and abandoning module XMPP (63)
[2019.01.11-19.42.20:995][518]LogModuleManager: Shutting down and abandoning module WebSockets (62)
[2019.01.11-19.42.21:028][518]LogModuleManager: Shutting down and abandoning module HTTP (59)
[2019.01.11-19.42.21:028][518]LogHttp: Display: Http module shutting down, but needs to wait on 1 outstanding Http requests:
[2019.01.11-19.42.21:028][518]LogHttp: Display: 	verb=[POST] url=[https://datarouter.ol.epicgames.com/datarouter/api/v1/public/data?SessionID=%7B67C15288-4104-63FE-BC52-6F9F92E90477%7D&AppID=UEEditor.Rocket.Release&AppVersion=4.21.1-4613538%2B%2B%2BUE4%2BRelease-4.21&UserID=4848c983486a4dcbe97a8488b9b08252%7Ca8be119e9c384d739919fae10c5092c8%7Ca913c451-1dcf-4786-abfd-629e2043148b&AppEnvironment=datacollector-binary&UploadType=eteventstream] status=Processing
[2019.01.11-19.42.21:056][518]LogModuleManager: Shutting down and abandoning module SSL (58)
[2019.01.11-19.42.21:058][518]LogModuleManager: Shutting down and abandoning module MagicLeapIdentity (54)
[2019.01.11-19.42.21:058][518]LogModuleManager: Shutting down and abandoning module MagicLeapHelperVulkan (52)
[2019.01.11-19.42.21:058][518]LogModuleManager: Shutting down and abandoning module MagicLeapHelperOpenGL (50)
[2019.01.11-19.42.21:058][518]LogModuleManager: Shutting down and abandoning module MagicLeapSecureStorage (48)
[2019.01.11-19.42.21:058][518]LogModuleManager: Shutting down and abandoning module MagicLeapHandTracking (46)
[2019.01.11-19.42.21:058][518]LogModuleManager: Shutting down and abandoning module MagicLeapEyeTracker (44)
[2019.01.11-19.42.21:058][518]LogModuleManager: Shutting down and abandoning module MagicLeapController (42)
[2019.01.11-19.42.21:058][518]LogSlate: Slate User Destroyed.  User Index 0, Is Virtual User: 0
[2019.01.11-19.42.21:058][518]LogModuleManager: Shutting down and abandoning module MagicLeap (40)
[2019.01.11-19.42.21:071][518]LogModuleManager: Shutting down and abandoning module DatasmithContent (38)
[2019.01.11-19.42.21:073][518]LogModuleManager: Shutting down and abandoning module AnimationModifiers (36)
[2019.01.11-19.42.21:085][518]LogModuleManager: Shutting down and abandoning module PropertyEditor (35)
[2019.01.11-19.42.21:094][518]LogModuleManager: Shutting down and abandoning module AudioEditor (32)
[2019.01.11-19.42.21:097][518]LogModuleManager: Shutting down and abandoning module TextureCompressor (30)
[2019.01.11-19.42.21:105][518]LogModuleManager: Shutting down and abandoning module ShaderCore (28)
[2019.01.11-19.42.21:105][518]LogModuleManager: Shutting down and abandoning module Landscape (26)
[2019.01.11-19.42.21:105][518]LogModuleManager: Shutting down and abandoning module SlateRHIRenderer (24)
[2019.01.11-19.42.21:113][518]LogModuleManager: Shutting down and abandoning module OpenGLDrv (22)
[2019.01.11-19.42.21:120][518]LogModuleManager: Shutting down and abandoning module D3D11RHI (20)
[2019.01.11-19.42.21:120][518]LogModuleManager: Shutting down and abandoning module AnimGraphRuntime (18)
[2019.01.11-19.42.21:122][518]LogModuleManager: Shutting down and abandoning module Renderer (16)
[2019.01.11-19.42.21:122][518]LogModuleManager: Shutting down and abandoning module Engine (14)
[2019.01.11-19.42.21:122][518]LogModuleManager: Shutting down and abandoning module CoreUObject (12)
[2019.01.11-19.42.21:122][518]LogModuleManager: Shutting down and abandoning module NetworkFile (10)
[2019.01.11-19.42.21:130][518]LogModuleManager: Shutting down and abandoning module CookedIterativeFile (8)
[2019.01.11-19.42.21:130][518]LogModuleManager: Shutting down and abandoning module StreamingFile (6)
[2019.01.11-19.42.21:132][518]LogModuleManager: Shutting down and abandoning module SandboxFile (4)
[2019.01.11-19.42.21:132][518]LogModuleManager: Shutting down and abandoning module PakFile (2)
[2019.01.11-19.42.21:153][518]LogExit: Exiting.
[2019.01.11-19.42.21:171][518]Log file closed, 01/11/19 22:42:21
